<html>
<head>
<title>TestNG:  Test</title>
<link href="../testng.css" rel="stylesheet" type="text/css" />
<link href="../my-testng.css" rel="stylesheet" type="text/css" />

<style type="text/css">
.log { display: none;} 
.stack-trace { display: none;} 
</style>
<script type="text/javascript">
<!--
function flip(e) {
  current = e.style.display;
  if (current == 'block') {
    e.style.display = 'none';
    return 0;
  }
  else {
    e.style.display = 'block';
    return 1;
  }
}

function toggleBox(szDivId, elem, msg1, msg2)
{
  var res = -1;  if (document.getElementById) {
    res = flip(document.getElementById(szDivId));
  }
  else if (document.all) {
    // this is the way old msie versions work
    res = flip(document.all[szDivId]);
  }
  if(elem) {
    if(res == 0) elem.innerHTML = msg1; else elem.innerHTML = msg2;
  }

}

function toggleAllBoxes() {
  if (document.getElementsByTagName) {
    d = document.getElementsByTagName('div');
    for (i = 0; i < d.length; i++) {
      if (d[i].className == 'log') {
        flip(d[i]);
      }
    }
  }
}

// -->
</script>

</head>
<body>
<h2 align='center'>Test</h2><table border='1' align="center">
<tr>
<td>Tests passed/Failed/Skipped:</td><td>34/4/0</td>
</tr><tr>
<td>Started on:</td><td>Fri Feb 11 11:20:40 EST 2022</td>
</tr>
<tr><td>Total time:</td><td>681 seconds (681860 ms)</td>
</tr><tr>
<td>Included groups:</td><td></td>
</tr><tr>
<td>Excluded groups:</td><td></td>
</tr>
</table><p/>
<small><i>(Hover the method name to see the test class name)</i></small><p/>
<table width='100%' border='1' class='invocation-failed'>
<tr><td colspan='4' align='center'><b>FAILED TESTS</b></td></tr>
<tr><td><b>Test method</b></td>
<td width="30%"><b>Exception</b></td>
<td width="10%"><b>Time (seconds)</b></td>
<td><b>Instance</b></td>
</tr>
<tr>
<td title='com.SalesForce.tests.UserMenuTest.TestCase6_MyProfileUserMenu()'><b>TestCase6_MyProfileUserMenu</b><br>Test class: com.SalesForce.tests.UserMenuTest</td>
<td><div><pre>org.openqa.selenium.TimeoutException: Expected condition failed: waiting for visibility of Proxy element for: DefaultElementLocator &apos;By.xpath: //a[contains(text(),&apos;About&apos;)]&apos; (tried for 30 second(s) with 500 milliseconds interval)
	at org.openqa.selenium.support.ui.WebDriverWait.timeoutException(WebDriverWait.java:95)
	at org.openqa.selenium.support.ui.FluentWait.until(FluentWait.java:272)
	at com.SalesForceApp.Base.BasePage.waituntilVisible(BasePage.java:83)
	at com.SalesForceApp.Base.BasePage.SwitchToContactInfoFrame(BasePage.java:159)
	at com.SalesForceApp.pages.UserMenuPages.MyProfileUserMenu.SwitchToFrameEditProfile(MyProfileUserMenu.java:45)
	at com.SalesForce.tests.UserMenuTest.TestCase6_MyProfileUserMenu(UserMenuTest.java:35)
	at java.base/java.util.ArrayList.forEach(ArrayList.java:1511)
Caused by: org.openqa.selenium.NoSuchElementException: no such element: Unable to locate element: {&quot;method&quot;:&quot;xpath&quot;,&quot;selector&quot;:&quot;//a[contains(text(),&apos;About&apos;)]&quot;}
  (Session info: chrome=97.0.4692.71)
For documentation on this error, please visit: https://www.seleniumhq.org/exceptions/no_such_element.html
Build info: version: &apos;3.141.59&apos;, revision: &apos;e82be7d358&apos;, time: &apos;2018-11-14T08:17:03&apos;
System info: host: &apos;tejal-home&apos;, ip: &apos;127.0.1.1&apos;, os.name: &apos;Linux&apos;, os.arch: &apos;amd64&apos;, os.version: &apos;4.15.0-167-generic&apos;, java.version: &apos;17&apos;
Driver info: org.openqa.selenium.chrome.ChromeDriver
Capabilities {acceptInsecureCerts: false, browserName: chrome, browserVersion: 97.0.4692.71, chrome: {chromedriverVersion: 97.0.4692.71 (adefa7837d02a..., userDataDir: /tmp/.com.google.Chrome.Y9Ufn5}, goog:chromeOptions: {debuggerAddress: localhost:39759}, javascriptEnabled: true, networkConnectionEnabled: false, pageLoadStrategy: normal, platform: LINUX, platformName: LINUX, proxy: Proxy(), setWindowRect: true, strictFileInteractability: false, timeouts: {implicit: 0, pageLoad: 300000, script: 30000}, unhandledPromptBehavior: dismiss and notify, webauthn:extension:credBlob: true, webauthn:extension:largeBlob: true, webauthn:virtualAuthenticators: true}
Session ID: 9aacc7787c57829004e8abbc27ba4508
*** Element info: {Using=xpath, value=//a[contains(text(),&apos;About&apos;)]}
	at org.openqa.selenium.remote.http.W3CHttpResponseCodec.createException(W3CHttpResponseCodec.java:187)
	at org.openqa.selenium.remote.http.W3CHttpResponseCodec.decode(W3CHttpResponseCodec.java:122)
	at org.openqa.selenium.remote.http.W3CHttpResponseCodec.decode(W3CHttpResponseCodec.java:49)
	at org.openqa.selenium.remote.HttpCommandExecutor.execute(HttpCommandExecutor.java:158)
	at org.openqa.selenium.remote.service.DriverCommandExecutor.execute(DriverCommandExecutor.java:83)
	at org.openqa.selenium.remote.RemoteWebDriver.execute(RemoteWebDriver.java:552)
	at org.openqa.selenium.remote.RemoteWebDriver.findElement(RemoteWebDriver.java:323)
	at org.openqa.selenium.remote.RemoteWebDriver.findElementByXPath(RemoteWebDriver.java:428)
	at org.openqa.selenium.By$ByXPath.findElement(By.java:353)
	at org.openqa.selenium.remote.RemoteWebDriver.findElement(RemoteWebDriver.java:315)
	at org.openqa.selenium.support.pagefactory.DefaultElementLocator.findElement(DefaultElementLocator.java:69)
	at org.openqa.selenium.support.pagefactory.internal.LocatingElementHandler.invoke(LocatingElementHandler.java:38)
	at jdk.proxy2/jdk.proxy2.$Proxy12.isDisplayed(Unknown Source)
	at org.openqa.selenium.support.ui.ExpectedConditions.elementIfVisible(ExpectedConditions.java:314)
	at org.openqa.selenium.support.ui.ExpectedConditions.access$000(ExpectedConditions.java:43)
	at org.openqa.selenium.support.ui.ExpectedConditions$10.apply(ExpectedConditions.java:300)
	at org.openqa.selenium.support.ui.ExpectedConditions$10.apply(ExpectedConditions.java:297)
	at org.openqa.selenium.support.ui.FluentWait.until(FluentWait.java:249)
	... 35 more
... Removed 35 stack frames</pre></div><a href='#' onClick='toggleBox("stack-trace1487814699", this, "Click to show all stack frames", "Click to hide stack frames")'>Click to show all stack frames</a>
<div class='stack-trace' id='stack-trace1487814699'><pre>org.openqa.selenium.TimeoutException: Expected condition failed: waiting for visibility of Proxy element for: DefaultElementLocator &apos;By.xpath: //a[contains(text(),&apos;About&apos;)]&apos; (tried for 30 second(s) with 500 milliseconds interval)
	at org.openqa.selenium.support.ui.WebDriverWait.timeoutException(WebDriverWait.java:95)
	at org.openqa.selenium.support.ui.FluentWait.until(FluentWait.java:272)
	at com.SalesForceApp.Base.BasePage.waituntilVisible(BasePage.java:83)
	at com.SalesForceApp.Base.BasePage.SwitchToContactInfoFrame(BasePage.java:159)
	at com.SalesForceApp.pages.UserMenuPages.MyProfileUserMenu.SwitchToFrameEditProfile(MyProfileUserMenu.java:45)
	at com.SalesForce.tests.UserMenuTest.TestCase6_MyProfileUserMenu(UserMenuTest.java:35)
	at java.base/jdk.internal.reflect.NativeMethodAccessorImpl.invoke0(Native Method)
	at java.base/jdk.internal.reflect.NativeMethodAccessorImpl.invoke(NativeMethodAccessorImpl.java:77)
	at java.base/jdk.internal.reflect.DelegatingMethodAccessorImpl.invoke(DelegatingMethodAccessorImpl.java:43)
	at java.base/java.lang.reflect.Method.invoke(Method.java:568)
	at org.testng.internal.MethodInvocationHelper.invokeMethod(MethodInvocationHelper.java:133)
	at org.testng.internal.TestInvoker.invokeMethod(TestInvoker.java:598)
	at org.testng.internal.TestInvoker.invokeTestMethod(TestInvoker.java:173)
	at org.testng.internal.MethodRunner.runInSequence(MethodRunner.java:46)
	at org.testng.internal.TestInvoker$MethodInvocationAgent.invoke(TestInvoker.java:824)
	at org.testng.internal.TestInvoker.invokeTestMethods(TestInvoker.java:146)
	at org.testng.internal.TestMethodWorker.invokeTestMethods(TestMethodWorker.java:146)
	at org.testng.internal.TestMethodWorker.run(TestMethodWorker.java:128)
	at java.base/java.util.ArrayList.forEach(ArrayList.java:1511)
	at org.testng.TestRunner.privateRun(TestRunner.java:794)
	at org.testng.TestRunner.run(TestRunner.java:596)
	at org.testng.SuiteRunner.runTest(SuiteRunner.java:377)
	at org.testng.SuiteRunner.runSequentially(SuiteRunner.java:371)
	at org.testng.SuiteRunner.privateRun(SuiteRunner.java:332)
	at org.testng.SuiteRunner.run(SuiteRunner.java:276)
	at org.testng.SuiteRunnerWorker.runSuite(SuiteRunnerWorker.java:53)
	at org.testng.SuiteRunnerWorker.run(SuiteRunnerWorker.java:96)
	at org.testng.TestNG.runSuitesSequentially(TestNG.java:1212)
	at org.testng.TestNG.runSuitesLocally(TestNG.java:1134)
	at org.testng.TestNG.runSuites(TestNG.java:1063)
	at org.testng.TestNG.run(TestNG.java:1031)
	at org.apache.maven.surefire.testng.TestNGExecutor.run(TestNGExecutor.java:281)
	at org.apache.maven.surefire.testng.TestNGXmlTestSuite.execute(TestNGXmlTestSuite.java:75)
	at org.apache.maven.surefire.testng.TestNGProvider.invoke(TestNGProvider.java:121)
	at org.apache.maven.surefire.booter.ForkedBooter.invokeProviderInSameClassLoader(ForkedBooter.java:290)
	at org.apache.maven.surefire.booter.ForkedBooter.runSuitesInProcess(ForkedBooter.java:242)
	at org.apache.maven.surefire.booter.ForkedBooter.main(ForkedBooter.java:121)
Caused by: org.openqa.selenium.NoSuchElementException: no such element: Unable to locate element: {&quot;method&quot;:&quot;xpath&quot;,&quot;selector&quot;:&quot;//a[contains(text(),&apos;About&apos;)]&quot;}
  (Session info: chrome=97.0.4692.71)
For documentation on this error, please visit: https://www.seleniumhq.org/exceptions/no_such_element.html
Build info: version: &apos;3.141.59&apos;, revision: &apos;e82be7d358&apos;, time: &apos;2018-11-14T08:17:03&apos;
System info: host: &apos;tejal-home&apos;, ip: &apos;127.0.1.1&apos;, os.name: &apos;Linux&apos;, os.arch: &apos;amd64&apos;, os.version: &apos;4.15.0-167-generic&apos;, java.version: &apos;17&apos;
Driver info: org.openqa.selenium.chrome.ChromeDriver
Capabilities {acceptInsecureCerts: false, browserName: chrome, browserVersion: 97.0.4692.71, chrome: {chromedriverVersion: 97.0.4692.71 (adefa7837d02a..., userDataDir: /tmp/.com.google.Chrome.Y9Ufn5}, goog:chromeOptions: {debuggerAddress: localhost:39759}, javascriptEnabled: true, networkConnectionEnabled: false, pageLoadStrategy: normal, platform: LINUX, platformName: LINUX, proxy: Proxy(), setWindowRect: true, strictFileInteractability: false, timeouts: {implicit: 0, pageLoad: 300000, script: 30000}, unhandledPromptBehavior: dismiss and notify, webauthn:extension:credBlob: true, webauthn:extension:largeBlob: true, webauthn:virtualAuthenticators: true}
Session ID: 9aacc7787c57829004e8abbc27ba4508
*** Element info: {Using=xpath, value=//a[contains(text(),&apos;About&apos;)]}
	at java.base/jdk.internal.reflect.NativeConstructorAccessorImpl.newInstance0(Native Method)
	at java.base/jdk.internal.reflect.NativeConstructorAccessorImpl.newInstance(NativeConstructorAccessorImpl.java:77)
	at java.base/jdk.internal.reflect.DelegatingConstructorAccessorImpl.newInstance(DelegatingConstructorAccessorImpl.java:45)
	at java.base/java.lang.reflect.Constructor.newInstanceWithCaller(Constructor.java:499)
	at java.base/java.lang.reflect.Constructor.newInstance(Constructor.java:480)
	at org.openqa.selenium.remote.http.W3CHttpResponseCodec.createException(W3CHttpResponseCodec.java:187)
	at org.openqa.selenium.remote.http.W3CHttpResponseCodec.decode(W3CHttpResponseCodec.java:122)
	at org.openqa.selenium.remote.http.W3CHttpResponseCodec.decode(W3CHttpResponseCodec.java:49)
	at org.openqa.selenium.remote.HttpCommandExecutor.execute(HttpCommandExecutor.java:158)
	at org.openqa.selenium.remote.service.DriverCommandExecutor.execute(DriverCommandExecutor.java:83)
	at org.openqa.selenium.remote.RemoteWebDriver.execute(RemoteWebDriver.java:552)
	at org.openqa.selenium.remote.RemoteWebDriver.findElement(RemoteWebDriver.java:323)
	at org.openqa.selenium.remote.RemoteWebDriver.findElementByXPath(RemoteWebDriver.java:428)
	at org.openqa.selenium.By$ByXPath.findElement(By.java:353)
	at org.openqa.selenium.remote.RemoteWebDriver.findElement(RemoteWebDriver.java:315)
	at org.openqa.selenium.support.pagefactory.DefaultElementLocator.findElement(DefaultElementLocator.java:69)
	at org.openqa.selenium.support.pagefactory.internal.LocatingElementHandler.invoke(LocatingElementHandler.java:38)
	at jdk.proxy2/jdk.proxy2.$Proxy12.isDisplayed(Unknown Source)
	at org.openqa.selenium.support.ui.ExpectedConditions.elementIfVisible(ExpectedConditions.java:314)
	at org.openqa.selenium.support.ui.ExpectedConditions.access$000(ExpectedConditions.java:43)
	at org.openqa.selenium.support.ui.ExpectedConditions$10.apply(ExpectedConditions.java:300)
	at org.openqa.selenium.support.ui.ExpectedConditions$10.apply(ExpectedConditions.java:297)
	at org.openqa.selenium.support.ui.FluentWait.until(FluentWait.java:249)
	... 35 more
</pre></div></td>
<td>70</td>
<td>com.SalesForce.tests.UserMenuTest@5fbe4146</td></tr>
<tr>
<td title='com.SalesForce.tests.AccountTest.TestCase14_CreateAccountReport()'><b>TestCase14_CreateAccountReport</b><br>Test class: com.SalesForce.tests.AccountTest</td>
<td><div><pre>org.openqa.selenium.TimeoutException: Expected condition failed: waiting for title to contain &quot;ReportDimond&quot;. Current title: &quot;Unsaved Report ~ Salesforce - Developer Edition&quot; (tried for 30 second(s) with 500 milliseconds interval)
Build info: version: &apos;3.141.59&apos;, revision: &apos;e82be7d358&apos;, time: &apos;2018-11-14T08:17:03&apos;
System info: host: &apos;tejal-home&apos;, ip: &apos;127.0.1.1&apos;, os.name: &apos;Linux&apos;, os.arch: &apos;amd64&apos;, os.version: &apos;4.15.0-167-generic&apos;, java.version: &apos;17&apos;
Driver info: org.openqa.selenium.chrome.ChromeDriver
Capabilities {acceptInsecureCerts: false, browserName: chrome, browserVersion: 97.0.4692.71, chrome: {chromedriverVersion: 97.0.4692.71 (adefa7837d02a..., userDataDir: /tmp/.com.google.Chrome.t3dM03}, goog:chromeOptions: {debuggerAddress: localhost:43289}, javascriptEnabled: true, networkConnectionEnabled: false, pageLoadStrategy: normal, platform: LINUX, platformName: LINUX, proxy: Proxy(), setWindowRect: true, strictFileInteractability: false, timeouts: {implicit: 0, pageLoad: 300000, script: 30000}, unhandledPromptBehavior: dismiss and notify, webauthn:extension:credBlob: true, webauthn:extension:largeBlob: true, webauthn:virtualAuthenticators: true}
Session ID: 85d8a972a4098dfad1d9b5610f05158b
	at org.openqa.selenium.support.ui.WebDriverWait.timeoutException(WebDriverWait.java:95)
	at org.openqa.selenium.support.ui.FluentWait.until(FluentWait.java:272)
	at com.SalesForceApp.Base.BasePage.waitUntilTitleContains(BasePage.java:212)
	at com.SalesForce.tests.AccountTest.TestCase14_CreateAccountReport(AccountTest.java:145)
	at java.base/java.util.ArrayList.forEach(ArrayList.java:1511)
... Removed 30 stack frames</pre></div><a href='#' onClick='toggleBox("stack-trace1815479580", this, "Click to show all stack frames", "Click to hide stack frames")'>Click to show all stack frames</a>
<div class='stack-trace' id='stack-trace1815479580'><pre>org.openqa.selenium.TimeoutException: Expected condition failed: waiting for title to contain &quot;ReportDimond&quot;. Current title: &quot;Unsaved Report ~ Salesforce - Developer Edition&quot; (tried for 30 second(s) with 500 milliseconds interval)
Build info: version: &apos;3.141.59&apos;, revision: &apos;e82be7d358&apos;, time: &apos;2018-11-14T08:17:03&apos;
System info: host: &apos;tejal-home&apos;, ip: &apos;127.0.1.1&apos;, os.name: &apos;Linux&apos;, os.arch: &apos;amd64&apos;, os.version: &apos;4.15.0-167-generic&apos;, java.version: &apos;17&apos;
Driver info: org.openqa.selenium.chrome.ChromeDriver
Capabilities {acceptInsecureCerts: false, browserName: chrome, browserVersion: 97.0.4692.71, chrome: {chromedriverVersion: 97.0.4692.71 (adefa7837d02a..., userDataDir: /tmp/.com.google.Chrome.t3dM03}, goog:chromeOptions: {debuggerAddress: localhost:43289}, javascriptEnabled: true, networkConnectionEnabled: false, pageLoadStrategy: normal, platform: LINUX, platformName: LINUX, proxy: Proxy(), setWindowRect: true, strictFileInteractability: false, timeouts: {implicit: 0, pageLoad: 300000, script: 30000}, unhandledPromptBehavior: dismiss and notify, webauthn:extension:credBlob: true, webauthn:extension:largeBlob: true, webauthn:virtualAuthenticators: true}
Session ID: 85d8a972a4098dfad1d9b5610f05158b
	at org.openqa.selenium.support.ui.WebDriverWait.timeoutException(WebDriverWait.java:95)
	at org.openqa.selenium.support.ui.FluentWait.until(FluentWait.java:272)
	at com.SalesForceApp.Base.BasePage.waitUntilTitleContains(BasePage.java:212)
	at com.SalesForce.tests.AccountTest.TestCase14_CreateAccountReport(AccountTest.java:145)
	at java.base/jdk.internal.reflect.NativeMethodAccessorImpl.invoke0(Native Method)
	at java.base/jdk.internal.reflect.NativeMethodAccessorImpl.invoke(NativeMethodAccessorImpl.java:77)
	at java.base/jdk.internal.reflect.DelegatingMethodAccessorImpl.invoke(DelegatingMethodAccessorImpl.java:43)
	at java.base/java.lang.reflect.Method.invoke(Method.java:568)
	at org.testng.internal.MethodInvocationHelper.invokeMethod(MethodInvocationHelper.java:133)
	at org.testng.internal.TestInvoker.invokeMethod(TestInvoker.java:598)
	at org.testng.internal.TestInvoker.invokeTestMethod(TestInvoker.java:173)
	at org.testng.internal.MethodRunner.runInSequence(MethodRunner.java:46)
	at org.testng.internal.TestInvoker$MethodInvocationAgent.invoke(TestInvoker.java:824)
	at org.testng.internal.TestInvoker.invokeTestMethods(TestInvoker.java:146)
	at org.testng.internal.TestMethodWorker.invokeTestMethods(TestMethodWorker.java:146)
	at org.testng.internal.TestMethodWorker.run(TestMethodWorker.java:128)
	at java.base/java.util.ArrayList.forEach(ArrayList.java:1511)
	at org.testng.TestRunner.privateRun(TestRunner.java:794)
	at org.testng.TestRunner.run(TestRunner.java:596)
	at org.testng.SuiteRunner.runTest(SuiteRunner.java:377)
	at org.testng.SuiteRunner.runSequentially(SuiteRunner.java:371)
	at org.testng.SuiteRunner.privateRun(SuiteRunner.java:332)
	at org.testng.SuiteRunner.run(SuiteRunner.java:276)
	at org.testng.SuiteRunnerWorker.runSuite(SuiteRunnerWorker.java:53)
	at org.testng.SuiteRunnerWorker.run(SuiteRunnerWorker.java:96)
	at org.testng.TestNG.runSuitesSequentially(TestNG.java:1212)
	at org.testng.TestNG.runSuitesLocally(TestNG.java:1134)
	at org.testng.TestNG.runSuites(TestNG.java:1063)
	at org.testng.TestNG.run(TestNG.java:1031)
	at org.apache.maven.surefire.testng.TestNGExecutor.run(TestNGExecutor.java:281)
	at org.apache.maven.surefire.testng.TestNGXmlTestSuite.execute(TestNGXmlTestSuite.java:75)
	at org.apache.maven.surefire.testng.TestNGProvider.invoke(TestNGProvider.java:121)
	at org.apache.maven.surefire.booter.ForkedBooter.invokeProviderInSameClassLoader(ForkedBooter.java:290)
	at org.apache.maven.surefire.booter.ForkedBooter.runSuitesInProcess(ForkedBooter.java:242)
	at org.apache.maven.surefire.booter.ForkedBooter.main(ForkedBooter.java:121)
</pre></div></td>
<td>43</td>
<td>com.SalesForce.tests.AccountTest@1e66f1f5</td></tr>
<tr>
<td title='com.SalesForce.tests.LoginTest.TestCase2_ValidUsernamePassword()'><b>TestCase2_ValidUsernamePassword</b><br>Test class: com.SalesForce.tests.LoginTest</td>
<td><div><pre>java.lang.AssertionError: expected [Home Page ~ Salesforce - Developer Edition] but found []
	at com.SalesForce.tests.LoginTest.TestCase2_ValidUsernamePassword(LoginTest.java:42)
	at java.base/java.util.ArrayList.forEach(ArrayList.java:1511)
... Removed 36 stack frames</pre></div><a href='#' onClick='toggleBox("stack-trace909516251", this, "Click to show all stack frames", "Click to hide stack frames")'>Click to show all stack frames</a>
<div class='stack-trace' id='stack-trace909516251'><pre>java.lang.AssertionError: expected [Home Page ~ Salesforce - Developer Edition] but found []
	at org.testng.Assert.fail(Assert.java:99)
	at org.testng.Assert.failNotEquals(Assert.java:1037)
	at org.testng.Assert.assertEqualsImpl(Assert.java:140)
	at org.testng.Assert.assertEquals(Assert.java:122)
	at org.testng.Assert.assertEquals(Assert.java:629)
	at org.testng.Assert.assertEquals(Assert.java:639)
	at com.SalesForce.tests.LoginTest.TestCase2_ValidUsernamePassword(LoginTest.java:42)
	at java.base/jdk.internal.reflect.NativeMethodAccessorImpl.invoke0(Native Method)
	at java.base/jdk.internal.reflect.NativeMethodAccessorImpl.invoke(NativeMethodAccessorImpl.java:77)
	at java.base/jdk.internal.reflect.DelegatingMethodAccessorImpl.invoke(DelegatingMethodAccessorImpl.java:43)
	at java.base/java.lang.reflect.Method.invoke(Method.java:568)
	at org.testng.internal.MethodInvocationHelper.invokeMethod(MethodInvocationHelper.java:133)
	at org.testng.internal.TestInvoker.invokeMethod(TestInvoker.java:598)
	at org.testng.internal.TestInvoker.invokeTestMethod(TestInvoker.java:173)
	at org.testng.internal.MethodRunner.runInSequence(MethodRunner.java:46)
	at org.testng.internal.TestInvoker$MethodInvocationAgent.invoke(TestInvoker.java:824)
	at org.testng.internal.TestInvoker.invokeTestMethods(TestInvoker.java:146)
	at org.testng.internal.TestMethodWorker.invokeTestMethods(TestMethodWorker.java:146)
	at org.testng.internal.TestMethodWorker.run(TestMethodWorker.java:128)
	at java.base/java.util.ArrayList.forEach(ArrayList.java:1511)
	at org.testng.TestRunner.privateRun(TestRunner.java:794)
	at org.testng.TestRunner.run(TestRunner.java:596)
	at org.testng.SuiteRunner.runTest(SuiteRunner.java:377)
	at org.testng.SuiteRunner.runSequentially(SuiteRunner.java:371)
	at org.testng.SuiteRunner.privateRun(SuiteRunner.java:332)
	at org.testng.SuiteRunner.run(SuiteRunner.java:276)
	at org.testng.SuiteRunnerWorker.runSuite(SuiteRunnerWorker.java:53)
	at org.testng.SuiteRunnerWorker.run(SuiteRunnerWorker.java:96)
	at org.testng.TestNG.runSuitesSequentially(TestNG.java:1212)
	at org.testng.TestNG.runSuitesLocally(TestNG.java:1134)
	at org.testng.TestNG.runSuites(TestNG.java:1063)
	at org.testng.TestNG.run(TestNG.java:1031)
	at org.apache.maven.surefire.testng.TestNGExecutor.run(TestNGExecutor.java:281)
	at org.apache.maven.surefire.testng.TestNGXmlTestSuite.execute(TestNGXmlTestSuite.java:75)
	at org.apache.maven.surefire.testng.TestNGProvider.invoke(TestNGProvider.java:121)
	at org.apache.maven.surefire.booter.ForkedBooter.invokeProviderInSameClassLoader(ForkedBooter.java:290)
	at org.apache.maven.surefire.booter.ForkedBooter.runSuitesInProcess(ForkedBooter.java:242)
	at org.apache.maven.surefire.booter.ForkedBooter.main(ForkedBooter.java:121)
</pre></div></td>
<td>6</td>
<td>com.SalesForce.tests.LoginTest@305b7c14</td></tr>
<tr>
<td title='com.SalesForce.tests.RandomSceanarioTest.TestCase34_VerifyEditLastname()'><b>TestCase34_VerifyEditLastname</b><br>Test class: com.SalesForce.tests.RandomSceanarioTest</td>
<td><div><pre>org.openqa.selenium.TimeoutException: Expected condition failed: waiting for visibility of Proxy element for: DefaultElementLocator &apos;By.xpath: //a[contains(text(),&apos;About&apos;)]&apos; (tried for 30 second(s) with 500 milliseconds interval)
	at org.openqa.selenium.support.ui.WebDriverWait.timeoutException(WebDriverWait.java:95)
	at org.openqa.selenium.support.ui.FluentWait.until(FluentWait.java:272)
	at com.SalesForceApp.Base.BasePage.waituntilVisible(BasePage.java:83)
	at com.SalesForceApp.Base.BasePage.SwitchToContactInfoFrame(BasePage.java:159)
	at com.SalesForceApp.pages.UserMenuPages.MyProfileUserMenu.SwitchToFrameEditProfile(MyProfileUserMenu.java:45)
	at com.SalesForce.tests.RandomSceanarioTest.TestCase34_VerifyEditLastname(RandomSceanarioTest.java:37)
	at java.base/java.util.ArrayList.forEach(ArrayList.java:1511)
Caused by: org.openqa.selenium.NoSuchElementException: no such element: Unable to locate element: {&quot;method&quot;:&quot;xpath&quot;,&quot;selector&quot;:&quot;//a[contains(text(),&apos;About&apos;)]&quot;}
  (Session info: chrome=97.0.4692.71)
For documentation on this error, please visit: https://www.seleniumhq.org/exceptions/no_such_element.html
Build info: version: &apos;3.141.59&apos;, revision: &apos;e82be7d358&apos;, time: &apos;2018-11-14T08:17:03&apos;
System info: host: &apos;tejal-home&apos;, ip: &apos;127.0.1.1&apos;, os.name: &apos;Linux&apos;, os.arch: &apos;amd64&apos;, os.version: &apos;4.15.0-167-generic&apos;, java.version: &apos;17&apos;
Driver info: org.openqa.selenium.chrome.ChromeDriver
Capabilities {acceptInsecureCerts: false, browserName: chrome, browserVersion: 97.0.4692.71, chrome: {chromedriverVersion: 97.0.4692.71 (adefa7837d02a..., userDataDir: /tmp/.com.google.Chrome.GAuBOw}, goog:chromeOptions: {debuggerAddress: localhost:33185}, javascriptEnabled: true, networkConnectionEnabled: false, pageLoadStrategy: normal, platform: LINUX, platformName: LINUX, proxy: Proxy(), setWindowRect: true, strictFileInteractability: false, timeouts: {implicit: 0, pageLoad: 300000, script: 30000}, unhandledPromptBehavior: dismiss and notify, webauthn:extension:credBlob: true, webauthn:extension:largeBlob: true, webauthn:virtualAuthenticators: true}
Session ID: cbabc352ffaf71b4e53b24639d78adf5
*** Element info: {Using=xpath, value=//a[contains(text(),&apos;About&apos;)]}
	at org.openqa.selenium.remote.http.W3CHttpResponseCodec.createException(W3CHttpResponseCodec.java:187)
	at org.openqa.selenium.remote.http.W3CHttpResponseCodec.decode(W3CHttpResponseCodec.java:122)
	at org.openqa.selenium.remote.http.W3CHttpResponseCodec.decode(W3CHttpResponseCodec.java:49)
	at org.openqa.selenium.remote.HttpCommandExecutor.execute(HttpCommandExecutor.java:158)
	at org.openqa.selenium.remote.service.DriverCommandExecutor.execute(DriverCommandExecutor.java:83)
	at org.openqa.selenium.remote.RemoteWebDriver.execute(RemoteWebDriver.java:552)
	at org.openqa.selenium.remote.RemoteWebDriver.findElement(RemoteWebDriver.java:323)
	at org.openqa.selenium.remote.RemoteWebDriver.findElementByXPath(RemoteWebDriver.java:428)
	at org.openqa.selenium.By$ByXPath.findElement(By.java:353)
	at org.openqa.selenium.remote.RemoteWebDriver.findElement(RemoteWebDriver.java:315)
	at org.openqa.selenium.support.pagefactory.DefaultElementLocator.findElement(DefaultElementLocator.java:69)
	at org.openqa.selenium.support.pagefactory.internal.LocatingElementHandler.invoke(LocatingElementHandler.java:38)
	at jdk.proxy2/jdk.proxy2.$Proxy12.isDisplayed(Unknown Source)
	at org.openqa.selenium.support.ui.ExpectedConditions.elementIfVisible(ExpectedConditions.java:314)
	at org.openqa.selenium.support.ui.ExpectedConditions.access$000(ExpectedConditions.java:43)
	at org.openqa.selenium.support.ui.ExpectedConditions$10.apply(ExpectedConditions.java:300)
	at org.openqa.selenium.support.ui.ExpectedConditions$10.apply(ExpectedConditions.java:297)
	at org.openqa.selenium.support.ui.FluentWait.until(FluentWait.java:249)
	... 35 more
... Removed 35 stack frames</pre></div><a href='#' onClick='toggleBox("stack-trace614850410", this, "Click to show all stack frames", "Click to hide stack frames")'>Click to show all stack frames</a>
<div class='stack-trace' id='stack-trace614850410'><pre>org.openqa.selenium.TimeoutException: Expected condition failed: waiting for visibility of Proxy element for: DefaultElementLocator &apos;By.xpath: //a[contains(text(),&apos;About&apos;)]&apos; (tried for 30 second(s) with 500 milliseconds interval)
	at org.openqa.selenium.support.ui.WebDriverWait.timeoutException(WebDriverWait.java:95)
	at org.openqa.selenium.support.ui.FluentWait.until(FluentWait.java:272)
	at com.SalesForceApp.Base.BasePage.waituntilVisible(BasePage.java:83)
	at com.SalesForceApp.Base.BasePage.SwitchToContactInfoFrame(BasePage.java:159)
	at com.SalesForceApp.pages.UserMenuPages.MyProfileUserMenu.SwitchToFrameEditProfile(MyProfileUserMenu.java:45)
	at com.SalesForce.tests.RandomSceanarioTest.TestCase34_VerifyEditLastname(RandomSceanarioTest.java:37)
	at java.base/jdk.internal.reflect.NativeMethodAccessorImpl.invoke0(Native Method)
	at java.base/jdk.internal.reflect.NativeMethodAccessorImpl.invoke(NativeMethodAccessorImpl.java:77)
	at java.base/jdk.internal.reflect.DelegatingMethodAccessorImpl.invoke(DelegatingMethodAccessorImpl.java:43)
	at java.base/java.lang.reflect.Method.invoke(Method.java:568)
	at org.testng.internal.MethodInvocationHelper.invokeMethod(MethodInvocationHelper.java:133)
	at org.testng.internal.TestInvoker.invokeMethod(TestInvoker.java:598)
	at org.testng.internal.TestInvoker.invokeTestMethod(TestInvoker.java:173)
	at org.testng.internal.MethodRunner.runInSequence(MethodRunner.java:46)
	at org.testng.internal.TestInvoker$MethodInvocationAgent.invoke(TestInvoker.java:824)
	at org.testng.internal.TestInvoker.invokeTestMethods(TestInvoker.java:146)
	at org.testng.internal.TestMethodWorker.invokeTestMethods(TestMethodWorker.java:146)
	at org.testng.internal.TestMethodWorker.run(TestMethodWorker.java:128)
	at java.base/java.util.ArrayList.forEach(ArrayList.java:1511)
	at org.testng.TestRunner.privateRun(TestRunner.java:794)
	at org.testng.TestRunner.run(TestRunner.java:596)
	at org.testng.SuiteRunner.runTest(SuiteRunner.java:377)
	at org.testng.SuiteRunner.runSequentially(SuiteRunner.java:371)
	at org.testng.SuiteRunner.privateRun(SuiteRunner.java:332)
	at org.testng.SuiteRunner.run(SuiteRunner.java:276)
	at org.testng.SuiteRunnerWorker.runSuite(SuiteRunnerWorker.java:53)
	at org.testng.SuiteRunnerWorker.run(SuiteRunnerWorker.java:96)
	at org.testng.TestNG.runSuitesSequentially(TestNG.java:1212)
	at org.testng.TestNG.runSuitesLocally(TestNG.java:1134)
	at org.testng.TestNG.runSuites(TestNG.java:1063)
	at org.testng.TestNG.run(TestNG.java:1031)
	at org.apache.maven.surefire.testng.TestNGExecutor.run(TestNGExecutor.java:281)
	at org.apache.maven.surefire.testng.TestNGXmlTestSuite.execute(TestNGXmlTestSuite.java:75)
	at org.apache.maven.surefire.testng.TestNGProvider.invoke(TestNGProvider.java:121)
	at org.apache.maven.surefire.booter.ForkedBooter.invokeProviderInSameClassLoader(ForkedBooter.java:290)
	at org.apache.maven.surefire.booter.ForkedBooter.runSuitesInProcess(ForkedBooter.java:242)
	at org.apache.maven.surefire.booter.ForkedBooter.main(ForkedBooter.java:121)
Caused by: org.openqa.selenium.NoSuchElementException: no such element: Unable to locate element: {&quot;method&quot;:&quot;xpath&quot;,&quot;selector&quot;:&quot;//a[contains(text(),&apos;About&apos;)]&quot;}
  (Session info: chrome=97.0.4692.71)
For documentation on this error, please visit: https://www.seleniumhq.org/exceptions/no_such_element.html
Build info: version: &apos;3.141.59&apos;, revision: &apos;e82be7d358&apos;, time: &apos;2018-11-14T08:17:03&apos;
System info: host: &apos;tejal-home&apos;, ip: &apos;127.0.1.1&apos;, os.name: &apos;Linux&apos;, os.arch: &apos;amd64&apos;, os.version: &apos;4.15.0-167-generic&apos;, java.version: &apos;17&apos;
Driver info: org.openqa.selenium.chrome.ChromeDriver
Capabilities {acceptInsecureCerts: false, browserName: chrome, browserVersion: 97.0.4692.71, chrome: {chromedriverVersion: 97.0.4692.71 (adefa7837d02a..., userDataDir: /tmp/.com.google.Chrome.GAuBOw}, goog:chromeOptions: {debuggerAddress: localhost:33185}, javascriptEnabled: true, networkConnectionEnabled: false, pageLoadStrategy: normal, platform: LINUX, platformName: LINUX, proxy: Proxy(), setWindowRect: true, strictFileInteractability: false, timeouts: {implicit: 0, pageLoad: 300000, script: 30000}, unhandledPromptBehavior: dismiss and notify, webauthn:extension:credBlob: true, webauthn:extension:largeBlob: true, webauthn:virtualAuthenticators: true}
Session ID: cbabc352ffaf71b4e53b24639d78adf5
*** Element info: {Using=xpath, value=//a[contains(text(),&apos;About&apos;)]}
	at java.base/jdk.internal.reflect.NativeConstructorAccessorImpl.newInstance0(Native Method)
	at java.base/jdk.internal.reflect.NativeConstructorAccessorImpl.newInstance(NativeConstructorAccessorImpl.java:77)
	at java.base/jdk.internal.reflect.DelegatingConstructorAccessorImpl.newInstance(DelegatingConstructorAccessorImpl.java:45)
	at java.base/java.lang.reflect.Constructor.newInstanceWithCaller(Constructor.java:499)
	at java.base/java.lang.reflect.Constructor.newInstance(Constructor.java:480)
	at org.openqa.selenium.remote.http.W3CHttpResponseCodec.createException(W3CHttpResponseCodec.java:187)
	at org.openqa.selenium.remote.http.W3CHttpResponseCodec.decode(W3CHttpResponseCodec.java:122)
	at org.openqa.selenium.remote.http.W3CHttpResponseCodec.decode(W3CHttpResponseCodec.java:49)
	at org.openqa.selenium.remote.HttpCommandExecutor.execute(HttpCommandExecutor.java:158)
	at org.openqa.selenium.remote.service.DriverCommandExecutor.execute(DriverCommandExecutor.java:83)
	at org.openqa.selenium.remote.RemoteWebDriver.execute(RemoteWebDriver.java:552)
	at org.openqa.selenium.remote.RemoteWebDriver.findElement(RemoteWebDriver.java:323)
	at org.openqa.selenium.remote.RemoteWebDriver.findElementByXPath(RemoteWebDriver.java:428)
	at org.openqa.selenium.By$ByXPath.findElement(By.java:353)
	at org.openqa.selenium.remote.RemoteWebDriver.findElement(RemoteWebDriver.java:315)
	at org.openqa.selenium.support.pagefactory.DefaultElementLocator.findElement(DefaultElementLocator.java:69)
	at org.openqa.selenium.support.pagefactory.internal.LocatingElementHandler.invoke(LocatingElementHandler.java:38)
	at jdk.proxy2/jdk.proxy2.$Proxy12.isDisplayed(Unknown Source)
	at org.openqa.selenium.support.ui.ExpectedConditions.elementIfVisible(ExpectedConditions.java:314)
	at org.openqa.selenium.support.ui.ExpectedConditions.access$000(ExpectedConditions.java:43)
	at org.openqa.selenium.support.ui.ExpectedConditions$10.apply(ExpectedConditions.java:300)
	at org.openqa.selenium.support.ui.ExpectedConditions$10.apply(ExpectedConditions.java:297)
	at org.openqa.selenium.support.ui.FluentWait.until(FluentWait.java:249)
	... 35 more
</pre></div></td>
<td>70</td>
<td>com.SalesForce.tests.RandomSceanarioTest@71e9ddb4</td></tr>
</table><p>
<table width='100%' border='1' class='invocation-passed'>
<tr><td colspan='4' align='center'><b>PASSED TESTS</b></td></tr>
<tr><td><b>Test method</b></td>
<td width="30%"><b>Exception</b></td>
<td width="10%"><b>Time (seconds)</b></td>
<td><b>Instance</b></td>
</tr>
<tr>
<td title='com.SalesForce.tests.LeadsTest.TestCase23_TodaysLead()'><b>TestCase23_TodaysLead</b><br>Test class: com.SalesForce.tests.LeadsTest</td>
<td></td>
<td>8</td>
<td>com.SalesForce.tests.LeadsTest@7530ad9c</td></tr>
<tr>
<td title='com.SalesForce.tests.ContactsTest.TestCase30_NewViewError()'><b>TestCase30_NewViewError</b><br>Test class: com.SalesForce.tests.ContactsTest</td>
<td></td>
<td>8</td>
<td>com.SalesForce.tests.ContactsTest@58a9760d</td></tr>
<tr>
<td title='com.SalesForce.tests.OppertunityTest.TestCase15_OppertunityDropDown()'><b>TestCase15_OppertunityDropDown</b><br>Test class: com.SalesForce.tests.OppertunityTest</td>
<td></td>
<td>8</td>
<td>com.SalesForce.tests.OppertunityTest@4e50c791</td></tr>
<tr>
<td title='com.SalesForce.tests.LoginTest.TestCase1_BlankPassword()'><b>TestCase1_BlankPassword</b><br>Test class: com.SalesForce.tests.LoginTest</td>
<td></td>
<td>2</td>
<td>com.SalesForce.tests.LoginTest@305b7c14</td></tr>
<tr>
<td title='com.SalesForce.tests.OppertunityTest.TestCase17_OppertunityPipelineReport()'><b>TestCase17_OppertunityPipelineReport</b><br>Test class: com.SalesForce.tests.OppertunityTest</td>
<td></td>
<td>8</td>
<td>com.SalesForce.tests.OppertunityTest@4e50c791</td></tr>
<tr>
<td title='com.SalesForce.tests.LeadsTest.TestCase22_LeadsDefaultView()'><b>TestCase22_LeadsDefaultView</b><br>Test class: com.SalesForce.tests.LeadsTest</td>
<td></td>
<td>14</td>
<td>com.SalesForce.tests.LeadsTest@7530ad9c</td></tr>
<tr>
<td title='com.SalesForce.tests.LeadsTest.TestCase24_NewLead()'><b>TestCase24_NewLead</b><br>Test class: com.SalesForce.tests.LeadsTest</td>
<td></td>
<td>11</td>
<td>com.SalesForce.tests.LeadsTest@7530ad9c</td></tr>
<tr>
<td title='com.SalesForce.tests.OppertunityTest.TestCase19_OppertunitySummeryReport()'><b>TestCase19_OppertunitySummeryReport</b><br>Test class: com.SalesForce.tests.OppertunityTest</td>
<td></td>
<td>9</td>
<td>com.SalesForce.tests.OppertunityTest@4e50c791</td></tr>
<tr>
<td title='com.SalesForce.tests.RandomSceanarioTest.TestCase36_BlockEventCalender()'><b>TestCase36_BlockEventCalender</b><br>Test class: com.SalesForce.tests.RandomSceanarioTest</td>
<td></td>
<td>17</td>
<td>com.SalesForce.tests.RandomSceanarioTest@71e9ddb4</td></tr>
<tr>
<td title='com.SalesForce.tests.AccountTest.TestCase11_CreateNewView()'><b>TestCase11_CreateNewView</b><br>Test class: com.SalesForce.tests.AccountTest</td>
<td></td>
<td>18</td>
<td>com.SalesForce.tests.AccountTest@1e66f1f5</td></tr>
<tr>
<td title='com.SalesForce.tests.ContactsTest.TestCase26_NewViewContacts()'><b>TestCase26_NewViewContacts</b><br>Test class: com.SalesForce.tests.ContactsTest</td>
<td></td>
<td>10</td>
<td>com.SalesForce.tests.ContactsTest@58a9760d</td></tr>
<tr>
<td title='com.SalesForce.tests.UserMenuTest.TestCase5_UserMenuDropdown()'><b>TestCase5_UserMenuDropdown</b><br>Test class: com.SalesForce.tests.UserMenuTest</td>
<td></td>
<td>7</td>
<td>com.SalesForce.tests.UserMenuTest@5fbe4146</td></tr>
<tr>
<td title='com.SalesForce.tests.UserMenuTest.TestCase8_DeveloperConsole()'><b>TestCase8_DeveloperConsole</b><br>Test class: com.SalesForce.tests.UserMenuTest</td>
<td></td>
<td>7</td>
<td>com.SalesForce.tests.UserMenuTest@5fbe4146</td></tr>
<tr>
<td title='com.SalesForce.tests.LoginTest.TestCase4A_ForgotPassword()'><b>TestCase4A_ForgotPassword</b><br>Test class: com.SalesForce.tests.LoginTest</td>
<td></td>
<td>1</td>
<td>com.SalesForce.tests.LoginTest@305b7c14</td></tr>
<tr>
<td title='com.SalesForce.tests.LeadsTest.TestCase20_LeadTab()'><b>TestCase20_LeadTab</b><br>Test class: com.SalesForce.tests.LeadsTest</td>
<td></td>
<td>9</td>
<td>com.SalesForce.tests.LeadsTest@7530ad9c</td></tr>
<tr>
<td title='com.SalesForce.tests.RandomSceanarioTest.TestCase35_VerifyTabCustomization()'><b>TestCase35_VerifyTabCustomization</b><br>Test class: com.SalesForce.tests.RandomSceanarioTest</td>
<td></td>
<td>51</td>
<td>com.SalesForce.tests.RandomSceanarioTest@71e9ddb4</td></tr>
<tr>
<td title='com.SalesForce.tests.UserMenuTest.TestCase9_Logout()'><b>TestCase9_Logout</b><br>Test class: com.SalesForce.tests.UserMenuTest</td>
<td></td>
<td>9</td>
<td>com.SalesForce.tests.UserMenuTest@5fbe4146</td></tr>
<tr>
<td title='com.SalesForce.tests.ContactsTest.TestCase27_RecentCreatedContacts()'><b>TestCase27_RecentCreatedContacts</b><br>Test class: com.SalesForce.tests.ContactsTest</td>
<td></td>
<td>9</td>
<td>com.SalesForce.tests.ContactsTest@58a9760d</td></tr>
<tr>
<td title='com.SalesForce.tests.LoginTest.TestCase3_RememberedUsername()'><b>TestCase3_RememberedUsername</b><br>Test class: com.SalesForce.tests.LoginTest</td>
<td></td>
<td>9</td>
<td>com.SalesForce.tests.LoginTest@305b7c14</td></tr>
<tr>
<td title='com.SalesForce.tests.RandomSceanarioTest.TestCase37_BlockEventWeek()'><b>TestCase37_BlockEventWeek</b><br>Test class: com.SalesForce.tests.RandomSceanarioTest</td>
<td></td>
<td>17</td>
<td>com.SalesForce.tests.RandomSceanarioTest@71e9ddb4</td></tr>
<tr>
<td title='com.SalesForce.tests.OppertunityTest.TestCase16_CreateOppertunity()'><b>TestCase16_CreateOppertunity</b><br>Test class: com.SalesForce.tests.OppertunityTest</td>
<td></td>
<td>13</td>
<td>com.SalesForce.tests.OppertunityTest@4e50c791</td></tr>
<tr>
<td title='com.SalesForce.tests.AccountTest.TestCase10_CreateNewAccount()'><b>TestCase10_CreateNewAccount</b><br>Test class: com.SalesForce.tests.AccountTest</td>
<td></td>
<td>11</td>
<td>com.SalesForce.tests.AccountTest@1e66f1f5</td></tr>
<tr>
<td title='com.SalesForce.tests.ContactsTest.TestCase31_CheckCancelButton()'><b>TestCase31_CheckCancelButton</b><br>Test class: com.SalesForce.tests.ContactsTest</td>
<td></td>
<td>11</td>
<td>com.SalesForce.tests.ContactsTest@58a9760d</td></tr>
<tr>
<td title='com.SalesForce.tests.ContactsTest.TestCase29_ViewContact()'><b>TestCase29_ViewContact</b><br>Test class: com.SalesForce.tests.ContactsTest</td>
<td></td>
<td>8</td>
<td>com.SalesForce.tests.ContactsTest@58a9760d</td></tr>
<tr>
<td title='com.SalesForce.tests.AccountTest.TestCase12_EditView()'><b>TestCase12_EditView</b><br>Test class: com.SalesForce.tests.AccountTest</td>
<td></td>
<td>12</td>
<td>com.SalesForce.tests.AccountTest@1e66f1f5</td></tr>
<tr>
<td title='com.SalesForce.tests.OppertunityTest.TestCase18_StuckOppertunityReport()'><b>TestCase18_StuckOppertunityReport</b><br>Test class: com.SalesForce.tests.OppertunityTest</td>
<td></td>
<td>8</td>
<td>com.SalesForce.tests.OppertunityTest@4e50c791</td></tr>
<tr>
<td title='com.SalesForce.tests.ContactsTest.TestCase25_CreateNewContact()'><b>TestCase25_CreateNewContact</b><br>Test class: com.SalesForce.tests.ContactsTest</td>
<td></td>
<td>10</td>
<td>com.SalesForce.tests.ContactsTest@58a9760d</td></tr>
<tr>
<td title='com.SalesForce.tests.LoginTest.TestCase4B_InvalidUsernamePassword()'><b>TestCase4B_InvalidUsernamePassword</b><br>Test class: com.SalesForce.tests.LoginTest</td>
<td></td>
<td>2</td>
<td>com.SalesForce.tests.LoginTest@305b7c14</td></tr>
<tr>
<td title='com.SalesForce.tests.ContactsTest.TestCase32_CheckSaveNewButton()'><b>TestCase32_CheckSaveNewButton</b><br>Test class: com.SalesForce.tests.ContactsTest</td>
<td></td>
<td>11</td>
<td>com.SalesForce.tests.ContactsTest@58a9760d</td></tr>
<tr>
<td title='com.SalesForce.tests.ContactsTest.TestCase28_MyContactsView()'><b>TestCase28_MyContactsView</b><br>Test class: com.SalesForce.tests.ContactsTest</td>
<td></td>
<td>10</td>
<td>com.SalesForce.tests.ContactsTest@58a9760d</td></tr>
<tr>
<td title='com.SalesForce.tests.AccountTest.TestCase13_MergeAccount()'><b>TestCase13_MergeAccount</b><br>Test class: com.SalesForce.tests.AccountTest</td>
<td></td>
<td>17</td>
<td>com.SalesForce.tests.AccountTest@1e66f1f5</td></tr>
<tr>
<td title='com.SalesForce.tests.UserMenuTest.TestCase7_MySettingUserMenu()'><b>TestCase7_MySettingUserMenu</b><br>Test class: com.SalesForce.tests.UserMenuTest</td>
<td></td>
<td>15</td>
<td>com.SalesForce.tests.UserMenuTest@5fbe4146</td></tr>
<tr>
<td title='com.SalesForce.tests.LeadsTest.TestCase21_LeadsSelectView()'><b>TestCase21_LeadsSelectView</b><br>Test class: com.SalesForce.tests.LeadsTest</td>
<td></td>
<td>8</td>
<td>com.SalesForce.tests.LeadsTest@7530ad9c</td></tr>
<tr>
<td title='com.SalesForce.tests.RandomSceanarioTest.TestCase33_FirstnameLastnameLink()'><b>TestCase33_FirstnameLastnameLink</b><br>Test class: com.SalesForce.tests.RandomSceanarioTest</td>
<td></td>
<td>12</td>
<td>com.SalesForce.tests.RandomSceanarioTest@71e9ddb4</td></tr>
</table><p>
</body>
</html>