<?xml version="1.0" encoding="UTF-8"?>
<!-- Generated by org.testng.reporters.JUnitXMLReporter -->
<testsuite ignored="12" hostname="tejal-home" failures="4" tests="38" name="Test" time="681.86" errors="0" timestamp="2022-02-11T11:32:02 EST">
  <testcase classname="com.SalesForce.tests.LoginTest" name="TestCase1_BlankPassword" time="2.194"/>
  <testcase classname="com.SalesForce.tests.LoginTest" name="TestCase2_ValidUsernamePassword" time="6.029">
    <failure type="java.lang.AssertionError" message="expected [Home Page ~ Salesforce - Developer Edition] but found []">
      <![CDATA[java.lang.AssertionError: expected [Home Page ~ Salesforce - Developer Edition] but found []
at com.SalesForce.tests.LoginTest.TestCase2_ValidUsernamePassword(LoginTest.java:42)
at java.base/java.util.ArrayList.forEach(ArrayList.java:1511)
... Removed 36 stack frames]]>
    </failure>
  </testcase> <!-- TestCase2_ValidUsernamePassword -->
  <testcase classname="com.SalesForce.tests.LoginTest" name="TestCase3_RememberedUsername" time="9.52"/>
  <testcase classname="com.SalesForce.tests.LoginTest" name="TestCase4A_ForgotPassword" time="1.468"/>
  <testcase classname="com.SalesForce.tests.LoginTest" name="TestCase4B_InvalidUsernamePassword" time="2.107"/>
  <testcase classname="com.SalesForce.tests.UserMenuTest" name="TestCase5_UserMenuDropdown" time="7.256"/>
  <testcase classname="com.SalesForce.tests.UserMenuTest" name="TestCase6_MyProfileUserMenu" time="70.242">
    <failure type="org.openqa.selenium.TimeoutException" message="Expected condition failed: waiting for visibility of Proxy element for: DefaultElementLocator &amp;apos;By.xpath: //a[contains(text(),&amp;apos;About&amp;apos;)]&amp;apos; (tried for 30 second(s) with 500 milliseconds interval)">
      <![CDATA[org.openqa.selenium.TimeoutException: Expected condition failed: waiting for visibility of Proxy element for: DefaultElementLocator 'By.xpath: //a[contains(text(),'About')]' (tried for 30 second(s) with 500 milliseconds interval)
at org.openqa.selenium.support.ui.WebDriverWait.timeoutException(WebDriverWait.java:95)
at org.openqa.selenium.support.ui.FluentWait.until(FluentWait.java:272)
at com.SalesForceApp.Base.BasePage.waituntilVisible(BasePage.java:83)
at com.SalesForceApp.Base.BasePage.SwitchToContactInfoFrame(BasePage.java:159)
at com.SalesForceApp.pages.UserMenuPages.MyProfileUserMenu.SwitchToFrameEditProfile(MyProfileUserMenu.java:45)
at com.SalesForce.tests.UserMenuTest.TestCase6_MyProfileUserMenu(UserMenuTest.java:35)
at java.base/java.util.ArrayList.forEach(ArrayList.java:1511)
Caused by: org.openqa.selenium.NoSuchElementException: no such element: Unable to locate element: {"method":"xpath","selector":"//a[contains(text(),'About')]"}
  (Session info: chrome=97.0.4692.71)
For documentation on this error, please visit: https://www.seleniumhq.org/exceptions/no_such_element.html
Build info: version: '3.141.59', revision: 'e82be7d358', time: '2018-11-14T08:17:03'
System info: host: 'tejal-home', ip: '127.0.1.1', os.name: 'Linux', os.arch: 'amd64', os.version: '4.15.0-167-generic', java.version: '17'
Driver info: org.openqa.selenium.chrome.ChromeDriver
Capabilities {acceptInsecureCerts: false, browserName: chrome, browserVersion: 97.0.4692.71, chrome: {chromedriverVersion: 97.0.4692.71 (adefa7837d02a..., userDataDir: /tmp/.com.google.Chrome.Y9Ufn5}, goog:chromeOptions: {debuggerAddress: localhost:39759}, javascriptEnabled: true, networkConnectionEnabled: false, pageLoadStrategy: normal, platform: LINUX, platformName: LINUX, proxy: Proxy(), setWindowRect: true, strictFileInteractability: false, timeouts: {implicit: 0, pageLoad: 300000, script: 30000}, unhandledPromptBehavior: dismiss and notify, webauthn:extension:credBlob: true, webauthn:extension:largeBlob: true, webauthn:virtualAuthenticators: true}
Session ID: 9aacc7787c57829004e8abbc27ba4508
*** Element info: {Using=xpath, value=//a[contains(text(),'About')]}
at org.openqa.selenium.remote.http.W3CHttpResponseCodec.createException(W3CHttpResponseCodec.java:187)
at org.openqa.selenium.remote.http.W3CHttpResponseCodec.decode(W3CHttpResponseCodec.java:122)
at org.openqa.selenium.remote.http.W3CHttpResponseCodec.decode(W3CHttpResponseCodec.java:49)
at org.openqa.selenium.remote.HttpCommandExecutor.execute(HttpCommandExecutor.java:158)
at org.openqa.selenium.remote.service.DriverCommandExecutor.execute(DriverCommandExecutor.java:83)
at org.openqa.selenium.remote.RemoteWebDriver.execute(RemoteWebDriver.java:552)
at org.openqa.selenium.remote.RemoteWebDriver.findElement(RemoteWebDriver.java:323)
at org.openqa.selenium.remote.RemoteWebDriver.findElementByXPath(RemoteWebDriver.java:428)
at org.openqa.selenium.By$ByXPath.findElement(By.java:353)
at org.openqa.selenium.remote.RemoteWebDriver.findElement(RemoteWebDriver.java:315)
at org.openqa.selenium.support.pagefactory.DefaultElementLocator.findElement(DefaultElementLocator.java:69)
at org.openqa.selenium.support.pagefactory.internal.LocatingElementHandler.invoke(LocatingElementHandler.java:38)
at jdk.proxy2/jdk.proxy2.$Proxy12.isDisplayed(Unknown Source)
at org.openqa.selenium.support.ui.ExpectedConditions.elementIfVisible(ExpectedConditions.java:314)
at org.openqa.selenium.support.ui.ExpectedConditions.access$000(ExpectedConditions.java:43)
at org.openqa.selenium.support.ui.ExpectedConditions$10.apply(ExpectedConditions.java:300)
at org.openqa.selenium.support.ui.ExpectedConditions$10.apply(ExpectedConditions.java:297)
at org.openqa.selenium.support.ui.FluentWait.until(FluentWait.java:249)
... 35 more
... Removed 35 stack frames]]>
    </failure>
  </testcase> <!-- TestCase6_MyProfileUserMenu -->
  <testcase classname="com.SalesForce.tests.UserMenuTest" name="TestCase7_MySettingUserMenu" time="15.797"/>
  <testcase classname="com.SalesForce.tests.UserMenuTest" name="TestCase8_DeveloperConsole" time="7.525"/>
  <testcase classname="com.SalesForce.tests.UserMenuTest" name="TestCase9_Logout" time="9.205"/>
  <testcase classname="com.SalesForce.tests.AccountTest" name="TestCase10_CreateNewAccount" time="11.648"/>
  <testcase classname="com.SalesForce.tests.AccountTest" name="TestCase13_MergeAccount" time="17.906"/>
  <testcase classname="com.SalesForce.tests.AccountTest" name="TestCase14_CreateAccountReport" time="43.204">
    <failure type="org.openqa.selenium.TimeoutException" message="Expected condition failed: waiting for title to contain &amp;quot;ReportDimond&amp;quot;. Current title: &amp;quot;Unsaved Report ~ Salesforce - Developer Edition&amp;quot; (tried for 30 second(s) with 500 milliseconds interval)
Build info: version: &amp;apos;3.141.59&amp;apos;, revision: &amp;apos;e82be7d358&amp;apos;, time: &amp;apos;2018-11-14T08:17:03&amp;apos;
System info: host: &amp;apos;tejal-home&amp;apos;, ip: &amp;apos;127.0.1.1&amp;apos;, os.name: &amp;apos;Linux&amp;apos;, os.arch: &amp;apos;amd64&amp;apos;, os.version: &amp;apos;4.15.0-167-generic&amp;apos;, java.version: &amp;apos;17&amp;apos;
Driver info: org.openqa.selenium.chrome.ChromeDriver
Capabilities {acceptInsecureCerts: false, browserName: chrome, browserVersion: 97.0.4692.71, chrome: {chromedriverVersion: 97.0.4692.71 (adefa7837d02a..., userDataDir: /tmp/.com.google.Chrome.t3dM03}, goog:chromeOptions: {debuggerAddress: localhost:43289}, javascriptEnabled: true, networkConnectionEnabled: false, pageLoadStrategy: normal, platform: LINUX, platformName: LINUX, proxy: Proxy(), setWindowRect: true, strictFileInteractability: false, timeouts: {implicit: 0, pageLoad: 300000, script: 30000}, unhandledPromptBehavior: dismiss and notify, webauthn:extension:credBlob: true, webauthn:extension:largeBlob: true, webauthn:virtualAuthenticators: true}
Session ID: 85d8a972a4098dfad1d9b5610f05158b">
      <![CDATA[org.openqa.selenium.TimeoutException: Expected condition failed: waiting for title to contain "ReportDimond". Current title: "Unsaved Report ~ Salesforce - Developer Edition" (tried for 30 second(s) with 500 milliseconds interval)
Build info: version: '3.141.59', revision: 'e82be7d358', time: '2018-11-14T08:17:03'
System info: host: 'tejal-home', ip: '127.0.1.1', os.name: 'Linux', os.arch: 'amd64', os.version: '4.15.0-167-generic', java.version: '17'
Driver info: org.openqa.selenium.chrome.ChromeDriver
Capabilities {acceptInsecureCerts: false, browserName: chrome, browserVersion: 97.0.4692.71, chrome: {chromedriverVersion: 97.0.4692.71 (adefa7837d02a..., userDataDir: /tmp/.com.google.Chrome.t3dM03}, goog:chromeOptions: {debuggerAddress: localhost:43289}, javascriptEnabled: true, networkConnectionEnabled: false, pageLoadStrategy: normal, platform: LINUX, platformName: LINUX, proxy: Proxy(), setWindowRect: true, strictFileInteractability: false, timeouts: {implicit: 0, pageLoad: 300000, script: 30000}, unhandledPromptBehavior: dismiss and notify, webauthn:extension:credBlob: true, webauthn:extension:largeBlob: true, webauthn:virtualAuthenticators: true}
Session ID: 85d8a972a4098dfad1d9b5610f05158b
at org.openqa.selenium.support.ui.WebDriverWait.timeoutException(WebDriverWait.java:95)
at org.openqa.selenium.support.ui.FluentWait.until(FluentWait.java:272)
at com.SalesForceApp.Base.BasePage.waitUntilTitleContains(BasePage.java:212)
at com.SalesForce.tests.AccountTest.TestCase14_CreateAccountReport(AccountTest.java:145)
at java.base/java.util.ArrayList.forEach(ArrayList.java:1511)
... Removed 30 stack frames]]>
    </failure>
  </testcase> <!-- TestCase14_CreateAccountReport -->
  <testcase classname="com.SalesForce.tests.AccountTest" name="TestCase11_CreateNewView" time="18.497"/>
  <testcase classname="com.SalesForce.tests.AccountTest" name="TestCase12_EditView" time="12.802"/>
  <testcase classname="com.SalesForce.tests.OppertunityTest" name="TestCase15_OppertunityDropDown" time="8.751"/>
  <testcase classname="com.SalesForce.tests.OppertunityTest" name="TestCase16_CreateOppertunity" time="13.092"/>
  <testcase classname="com.SalesForce.tests.OppertunityTest" name="TestCase17_OppertunityPipelineReport" time="8.221"/>
  <testcase classname="com.SalesForce.tests.OppertunityTest" name="TestCase18_StuckOppertunityReport" time="8.932"/>
  <testcase classname="com.SalesForce.tests.OppertunityTest" name="TestCase19_OppertunitySummeryReport" time="9.806"/>
  <testcase classname="com.SalesForce.tests.LeadsTest" name="TestCase20_LeadTab" time="9.406"/>
  <testcase classname="com.SalesForce.tests.LeadsTest" name="TestCase21_LeadsSelectView" time="8.378"/>
  <testcase classname="com.SalesForce.tests.LeadsTest" name="TestCase22_LeadsDefaultView" time="14.244"/>
  <testcase classname="com.SalesForce.tests.LeadsTest" name="TestCase23_TodaysLead" time="8.398"/>
  <testcase classname="com.SalesForce.tests.LeadsTest" name="TestCase24_NewLead" time="11.069"/>
  <testcase classname="com.SalesForce.tests.ContactsTest" name="TestCase25_CreateNewContact" time="10.767"/>
  <testcase classname="com.SalesForce.tests.ContactsTest" name="TestCase26_NewViewContacts" time="10.961"/>
  <testcase classname="com.SalesForce.tests.ContactsTest" name="TestCase27_RecentCreatedContacts" time="9.925"/>
  <testcase classname="com.SalesForce.tests.ContactsTest" name="TestCase28_MyContactsView" time="10.881"/>
  <testcase classname="com.SalesForce.tests.ContactsTest" name="TestCase29_ViewContact" time="8.57"/>
  <testcase classname="com.SalesForce.tests.ContactsTest" name="TestCase30_NewViewError" time="8.924"/>
  <testcase classname="com.SalesForce.tests.ContactsTest" name="TestCase31_CheckCancelButton" time="11.533"/>
  <testcase classname="com.SalesForce.tests.ContactsTest" name="TestCase32_CheckSaveNewButton" time="11.265"/>
  <testcase classname="com.SalesForce.tests.RandomSceanarioTest" name="TestCase33_FirstnameLastnameLink" time="12.161"/>
  <testcase classname="com.SalesForce.tests.RandomSceanarioTest" name="TestCase34_VerifyEditLastname" time="70.059">
    <failure type="org.openqa.selenium.TimeoutException" message="Expected condition failed: waiting for visibility of Proxy element for: DefaultElementLocator &amp;apos;By.xpath: //a[contains(text(),&amp;apos;About&amp;apos;)]&amp;apos; (tried for 30 second(s) with 500 milliseconds interval)">
      <![CDATA[org.openqa.selenium.TimeoutException: Expected condition failed: waiting for visibility of Proxy element for: DefaultElementLocator 'By.xpath: //a[contains(text(),'About')]' (tried for 30 second(s) with 500 milliseconds interval)
at org.openqa.selenium.support.ui.WebDriverWait.timeoutException(WebDriverWait.java:95)
at org.openqa.selenium.support.ui.FluentWait.until(FluentWait.java:272)
at com.SalesForceApp.Base.BasePage.waituntilVisible(BasePage.java:83)
at com.SalesForceApp.Base.BasePage.SwitchToContactInfoFrame(BasePage.java:159)
at com.SalesForceApp.pages.UserMenuPages.MyProfileUserMenu.SwitchToFrameEditProfile(MyProfileUserMenu.java:45)
at com.SalesForce.tests.RandomSceanarioTest.TestCase34_VerifyEditLastname(RandomSceanarioTest.java:37)
at java.base/java.util.ArrayList.forEach(ArrayList.java:1511)
Caused by: org.openqa.selenium.NoSuchElementException: no such element: Unable to locate element: {"method":"xpath","selector":"//a[contains(text(),'About')]"}
  (Session info: chrome=97.0.4692.71)
For documentation on this error, please visit: https://www.seleniumhq.org/exceptions/no_such_element.html
Build info: version: '3.141.59', revision: 'e82be7d358', time: '2018-11-14T08:17:03'
System info: host: 'tejal-home', ip: '127.0.1.1', os.name: 'Linux', os.arch: 'amd64', os.version: '4.15.0-167-generic', java.version: '17'
Driver info: org.openqa.selenium.chrome.ChromeDriver
Capabilities {acceptInsecureCerts: false, browserName: chrome, browserVersion: 97.0.4692.71, chrome: {chromedriverVersion: 97.0.4692.71 (adefa7837d02a..., userDataDir: /tmp/.com.google.Chrome.GAuBOw}, goog:chromeOptions: {debuggerAddress: localhost:33185}, javascriptEnabled: true, networkConnectionEnabled: false, pageLoadStrategy: normal, platform: LINUX, platformName: LINUX, proxy: Proxy(), setWindowRect: true, strictFileInteractability: false, timeouts: {implicit: 0, pageLoad: 300000, script: 30000}, unhandledPromptBehavior: dismiss and notify, webauthn:extension:credBlob: true, webauthn:extension:largeBlob: true, webauthn:virtualAuthenticators: true}
Session ID: cbabc352ffaf71b4e53b24639d78adf5
*** Element info: {Using=xpath, value=//a[contains(text(),'About')]}
at org.openqa.selenium.remote.http.W3CHttpResponseCodec.createException(W3CHttpResponseCodec.java:187)
at org.openqa.selenium.remote.http.W3CHttpResponseCodec.decode(W3CHttpResponseCodec.java:122)
at org.openqa.selenium.remote.http.W3CHttpResponseCodec.decode(W3CHttpResponseCodec.java:49)
at org.openqa.selenium.remote.HttpCommandExecutor.execute(HttpCommandExecutor.java:158)
at org.openqa.selenium.remote.service.DriverCommandExecutor.execute(DriverCommandExecutor.java:83)
at org.openqa.selenium.remote.RemoteWebDriver.execute(RemoteWebDriver.java:552)
at org.openqa.selenium.remote.RemoteWebDriver.findElement(RemoteWebDriver.java:323)
at org.openqa.selenium.remote.RemoteWebDriver.findElementByXPath(RemoteWebDriver.java:428)
at org.openqa.selenium.By$ByXPath.findElement(By.java:353)
at org.openqa.selenium.remote.RemoteWebDriver.findElement(RemoteWebDriver.java:315)
at org.openqa.selenium.support.pagefactory.DefaultElementLocator.findElement(DefaultElementLocator.java:69)
at org.openqa.selenium.support.pagefactory.internal.LocatingElementHandler.invoke(LocatingElementHandler.java:38)
at jdk.proxy2/jdk.proxy2.$Proxy12.isDisplayed(Unknown Source)
at org.openqa.selenium.support.ui.ExpectedConditions.elementIfVisible(ExpectedConditions.java:314)
at org.openqa.selenium.support.ui.ExpectedConditions.access$000(ExpectedConditions.java:43)
at org.openqa.selenium.support.ui.ExpectedConditions$10.apply(ExpectedConditions.java:300)
at org.openqa.selenium.support.ui.ExpectedConditions$10.apply(ExpectedConditions.java:297)
at org.openqa.selenium.support.ui.FluentWait.until(FluentWait.java:249)
... 35 more
... Removed 35 stack frames]]>
    </failure>
  </testcase> <!-- TestCase34_VerifyEditLastname -->
  <testcase classname="com.SalesForce.tests.RandomSceanarioTest" name="TestCase35_VerifyTabCustomization" time="51.587"/>
  <testcase classname="com.SalesForce.tests.RandomSceanarioTest" name="TestCase36_BlockEventCalender" time="17.283"/>
  <testcase classname="com.SalesForce.tests.RandomSceanarioTest" name="TestCase37_BlockEventWeek" time="17.669"/>
  <testcase classname="com.SalesForceApp.Base.BaseTest" name="@AfterTest endUp" time="0.0">
    <ignored/>
  </testcase> <!-- @AfterTest endUp -->
  <testcase classname="com.SalesForceApp.Base.BaseTest" name="@AfterTest endUp" time="0.0">
    <ignored/>
  </testcase> <!-- @AfterTest endUp -->
  <testcase classname="com.SalesForceApp.Base.BaseTest" name="@AfterTest endUp" time="0.0">
    <ignored/>
  </testcase> <!-- @AfterTest endUp -->
  <testcase classname="com.SalesForceApp.Base.BaseTest" name="@AfterTest endUp" time="0.0">
    <ignored/>
  </testcase> <!-- @AfterTest endUp -->
  <testcase classname="com.SalesForceApp.Base.BaseTest" name="@AfterTest endUp" time="0.0">
    <ignored/>
  </testcase> <!-- @AfterTest endUp -->
  <testcase classname="com.SalesForceApp.Base.BaseTest" name="@AfterTest endUp" time="0.0">
    <ignored/>
  </testcase> <!-- @AfterTest endUp -->
  <testcase classname="com.SalesForceApp.Base.BaseTest" name="@BeforeTest setUp" time="0.0">
    <ignored/>
  </testcase> <!-- @BeforeTest setUp -->
  <testcase classname="com.SalesForceApp.Base.BaseTest" name="@BeforeTest setUp" time="0.0">
    <ignored/>
  </testcase> <!-- @BeforeTest setUp -->
  <testcase classname="com.SalesForceApp.Base.BaseTest" name="@BeforeTest setUp" time="0.0">
    <ignored/>
  </testcase> <!-- @BeforeTest setUp -->
  <testcase classname="com.SalesForceApp.Base.BaseTest" name="@BeforeTest setUp" time="0.0">
    <ignored/>
  </testcase> <!-- @BeforeTest setUp -->
  <testcase classname="com.SalesForceApp.Base.BaseTest" name="@BeforeTest setUp" time="0.0">
    <ignored/>
  </testcase> <!-- @BeforeTest setUp -->
  <testcase classname="com.SalesForceApp.Base.BaseTest" name="@BeforeTest setUp" time="0.0">
    <ignored/>
  </testcase> <!-- @BeforeTest setUp -->
</testsuite> <!-- Test -->
