<!DOCTYPE html PUBLIC "-//W3C//DTD XHTML 1.1//EN" "https://www.w3.org/TR/xhtml11/DTD/xhtml11.dtd">
<html xmlns="https://www.w3.org/1999/xhtml">
<head>
<meta http-equiv="content-type" content="text/html; charset=UTF-8"/>
<title>TestNG Report</title>
<style type="text/css">table {margin-bottom:10px;border-collapse:collapse;empty-cells:show}th,td {border:1px solid #009;padding:.25em .5em}th {vertical-align:bottom}td {vertical-align:top}table a {font-weight:bold}.stripe td {background-color: #E6EBF9}.num {text-align:right}.passedodd td {background-color: #3F3}.passedeven td {background-color: #0A0}.skippedodd td {background-color: #DDD}.skippedeven td {background-color: #CCC}.failedodd td,.attn {background-color: #F33}.failedeven td,.stripe .attn {background-color: #D00}.stacktrace {white-space:pre;font-family:monospace}.totop {font-size:85%;text-align:center;border-bottom:2px solid #000}.invisible {display:none}</style>
</head>
<body>
<table>
<tr><th>Test</th><th># Passed</th><th># Skipped</th><th># Retried</th><th># Failed</th><th>Time (ms)</th><th>Included Groups</th><th>Excluded Groups</th></tr>
<tr><th colspan="8">SalesForceAutomationTestSuite</th></tr>
<tr><td><a href="#t0">Test</a></td><td class="num">34</td><td class="num">0</td><td class="num">0</td><td class="num attn">4</td><td class="num">681,860</td><td></td><td></td></tr>
</table>
<table id='summary'><thead><tr><th>Class</th><th>Method</th><th>Start</th><th>Time (ms)</th></tr></thead><tbody><tr><th colspan="4">SalesForceAutomationTestSuite</th></tr></tbody><tbody id="t0"><tr><th colspan="4">Test &#8212; failed</th></tr><tr class="failedeven"><td rowspan="1">com.SalesForce.tests.AccountTest</td><td><a href="#m0">TestCase14_CreateAccountReport</a></td><td rowspan="1">1644596636271</td><td rowspan="1">43204</td></tr><tr class="failedodd"><td rowspan="1">com.SalesForce.tests.LoginTest</td><td><a href="#m1">TestCase2_ValidUsernamePassword</a></td><td rowspan="1">1644596450037</td><td rowspan="1">6029</td></tr><tr class="failedeven"><td rowspan="1">com.SalesForce.tests.RandomSceanarioTest</td><td><a href="#m2">TestCase34_VerifyEditLastname</a></td><td rowspan="1">1644596958843</td><td rowspan="1">70059</td></tr><tr class="failedodd"><td rowspan="1">com.SalesForce.tests.UserMenuTest</td><td><a href="#m3">TestCase6_MyProfileUserMenu</a></td><td rowspan="1">1644596489328</td><td rowspan="1">70242</td></tr><tr><th colspan="4">Test &#8212; passed</th></tr><tr class="passedeven"><td rowspan="4">com.SalesForce.tests.AccountTest</td><td><a href="#m4">TestCase10_CreateNewAccount</a></td><td rowspan="1">1644596602137</td><td rowspan="1">11648</td></tr><tr class="passedeven"><td><a href="#m5">TestCase11_CreateNewView</a></td><td rowspan="1">1644596681901</td><td rowspan="1">18497</td></tr><tr class="passedeven"><td><a href="#m6">TestCase12_EditView</a></td><td rowspan="1">1644596702563</td><td rowspan="1">12802</td></tr><tr class="passedeven"><td><a href="#m7">TestCase13_MergeAccount</a></td><td rowspan="1">1644596616018</td><td rowspan="1">17906</td></tr><tr class="passedodd"><td rowspan="8">com.SalesForce.tests.ContactsTest</td><td><a href="#m8">TestCase25_CreateNewContact</a></td><td rowspan="1">1644596841264</td><td rowspan="1">10767</td></tr><tr class="passedodd"><td><a href="#m9">TestCase26_NewViewContacts</a></td><td rowspan="1">1644596854247</td><td rowspan="1">10961</td></tr><tr class="passedodd"><td><a href="#m10">TestCase27_RecentCreatedContacts</a></td><td rowspan="1">1644596867172</td><td rowspan="1">9925</td></tr><tr class="passedodd"><td><a href="#m11">TestCase28_MyContactsView</a></td><td rowspan="1">1644596879144</td><td rowspan="1">10881</td></tr><tr class="passedodd"><td><a href="#m12">TestCase29_ViewContact</a></td><td rowspan="1">1644596892018</td><td rowspan="1">8570</td></tr><tr class="passedodd"><td><a href="#m13">TestCase30_NewViewError</a></td><td rowspan="1">1644596902523</td><td rowspan="1">8924</td></tr><tr class="passedodd"><td><a href="#m14">TestCase31_CheckCancelButton</a></td><td rowspan="1">1644596913344</td><td rowspan="1">11533</td></tr><tr class="passedodd"><td><a href="#m15">TestCase32_CheckSaveNewButton</a></td><td rowspan="1">1644596926964</td><td rowspan="1">11265</td></tr><tr class="passedeven"><td rowspan="5">com.SalesForce.tests.LeadsTest</td><td><a href="#m16">TestCase20_LeadTab</a></td><td rowspan="1">1644596779413</td><td rowspan="1">9406</td></tr><tr class="passedeven"><td><a href="#m17">TestCase21_LeadsSelectView</a></td><td rowspan="1">1644596790973</td><td rowspan="1">8378</td></tr><tr class="passedeven"><td><a href="#m18">TestCase22_LeadsDefaultView</a></td><td rowspan="1">1644596801475</td><td rowspan="1">14244</td></tr><tr class="passedeven"><td><a href="#m19">TestCase23_TodaysLead</a></td><td rowspan="1">1644596817777</td><td rowspan="1">8398</td></tr><tr class="passedeven"><td><a href="#m20">TestCase24_NewLead</a></td><td rowspan="1">1644596828266</td><td rowspan="1">11069</td></tr><tr class="passedodd"><td rowspan="4">com.SalesForce.tests.LoginTest</td><td><a href="#m21">TestCase1_BlankPassword</a></td><td rowspan="1">1644596444630</td><td rowspan="1">2194</td></tr><tr class="passedodd"><td><a href="#m22">TestCase3_RememberedUsername</a></td><td rowspan="1">1644596459104</td><td rowspan="1">9520</td></tr><tr class="passedodd"><td><a href="#m23">TestCase4A_ForgotPassword</a></td><td rowspan="1">1644596471123</td><td rowspan="1">1468</td></tr><tr class="passedodd"><td><a href="#m24">TestCase4B_InvalidUsernamePassword</a></td><td rowspan="1">1644596475225</td><td rowspan="1">2107</td></tr><tr class="passedeven"><td rowspan="5">com.SalesForce.tests.OppertunityTest</td><td><a href="#m25">TestCase15_OppertunityDropDown</a></td><td rowspan="1">1644596717513</td><td rowspan="1">8751</td></tr><tr class="passedeven"><td><a href="#m26">TestCase16_CreateOppertunity</a></td><td rowspan="1">1644596728570</td><td rowspan="1">13092</td></tr><tr class="passedeven"><td><a href="#m27">TestCase17_OppertunityPipelineReport</a></td><td rowspan="1">1644596745028</td><td rowspan="1">8221</td></tr><tr class="passedeven"><td><a href="#m28">TestCase18_StuckOppertunityReport</a></td><td rowspan="1">1644596756386</td><td rowspan="1">8932</td></tr><tr class="passedeven"><td><a href="#m29">TestCase19_OppertunitySummeryReport</a></td><td rowspan="1">1644596767467</td><td rowspan="1">9806</td></tr><tr class="passedodd"><td rowspan="4">com.SalesForce.tests.RandomSceanarioTest</td><td><a href="#m30">TestCase33_FirstnameLastnameLink</a></td><td rowspan="1">1644596940141</td><td rowspan="1">12161</td></tr><tr class="passedodd"><td><a href="#m31">TestCase35_VerifyTabCustomization</a></td><td rowspan="1">1644597030864</td><td rowspan="1">51587</td></tr><tr class="passedodd"><td><a href="#m32">TestCase36_BlockEventCalender</a></td><td rowspan="1">1644597084526</td><td rowspan="1">17283</td></tr><tr class="passedodd"><td><a href="#m33">TestCase37_BlockEventWeek</a></td><td rowspan="1">1644597103846</td><td rowspan="1">17669</td></tr><tr class="passedeven"><td rowspan="4">com.SalesForce.tests.UserMenuTest</td><td><a href="#m34">TestCase5_UserMenuDropdown</a></td><td rowspan="1">1644596479696</td><td rowspan="1">7256</td></tr><tr class="passedeven"><td><a href="#m35">TestCase7_MySettingUserMenu</a></td><td rowspan="1">1644596562295</td><td rowspan="1">15797</td></tr><tr class="passedeven"><td><a href="#m36">TestCase8_DeveloperConsole</a></td><td rowspan="1">1644596580525</td><td rowspan="1">7525</td></tr><tr class="passedeven"><td><a href="#m37">TestCase9_Logout</a></td><td rowspan="1">1644596590574</td><td rowspan="1">9205</td></tr></tbody>
</table>
<h2>Test</h2><h3 id="m0">com.SalesForce.tests.AccountTest#TestCase14_CreateAccountReport</h3><table class="result"><tr><th>Exception</th></tr><tr><td><div class="stacktrace">org.openqa.selenium.TimeoutException: Expected condition failed: waiting for title to contain &quot;ReportDimond&quot;. Current title: &quot;Unsaved Report ~ Salesforce - Developer Edition&quot; (tried for 30 second(s) with 500 milliseconds interval)
Build info: version: &apos;3.141.59&apos;, revision: &apos;e82be7d358&apos;, time: &apos;2018-11-14T08:17:03&apos;
System info: host: &apos;tejal-home&apos;, ip: &apos;127.0.1.1&apos;, os.name: &apos;Linux&apos;, os.arch: &apos;amd64&apos;, os.version: &apos;4.15.0-167-generic&apos;, java.version: &apos;17&apos;
Driver info: org.openqa.selenium.chrome.ChromeDriver
Capabilities {acceptInsecureCerts: false, browserName: chrome, browserVersion: 97.0.4692.71, chrome: {chromedriverVersion: 97.0.4692.71 (adefa7837d02a..., userDataDir: /tmp/.com.google.Chrome.t3dM03}, goog:chromeOptions: {debuggerAddress: localhost:43289}, javascriptEnabled: true, networkConnectionEnabled: false, pageLoadStrategy: normal, platform: LINUX, platformName: LINUX, proxy: Proxy(), setWindowRect: true, strictFileInteractability: false, timeouts: {implicit: 0, pageLoad: 300000, script: 30000}, unhandledPromptBehavior: dismiss and notify, webauthn:extension:credBlob: true, webauthn:extension:largeBlob: true, webauthn:virtualAuthenticators: true}
Session ID: 85d8a972a4098dfad1d9b5610f05158b
	at org.openqa.selenium.support.ui.WebDriverWait.timeoutException(WebDriverWait.java:95)
	at org.openqa.selenium.support.ui.FluentWait.until(FluentWait.java:272)
	at com.SalesForceApp.Base.BasePage.waitUntilTitleContains(BasePage.java:212)
	at com.SalesForce.tests.AccountTest.TestCase14_CreateAccountReport(AccountTest.java:145)
	at java.base/java.util.ArrayList.forEach(ArrayList.java:1511)
... Removed 30 stack frames</div></td></tr></table><p class="totop"><a href="#summary">back to summary</a></p>
<h3 id="m1">com.SalesForce.tests.LoginTest#TestCase2_ValidUsernamePassword</h3><table class="result"><tr><th>Exception</th></tr><tr><td><div class="stacktrace">java.lang.AssertionError: expected [Home Page ~ Salesforce - Developer Edition] but found []
	at com.SalesForce.tests.LoginTest.TestCase2_ValidUsernamePassword(LoginTest.java:42)
	at java.base/java.util.ArrayList.forEach(ArrayList.java:1511)
... Removed 36 stack frames</div></td></tr></table><p class="totop"><a href="#summary">back to summary</a></p>
<h3 id="m2">com.SalesForce.tests.RandomSceanarioTest#TestCase34_VerifyEditLastname</h3><table class="result"><tr><th>Exception</th></tr><tr><td><div class="stacktrace">org.openqa.selenium.TimeoutException: Expected condition failed: waiting for visibility of Proxy element for: DefaultElementLocator &apos;By.xpath: //a[contains(text(),&apos;About&apos;)]&apos; (tried for 30 second(s) with 500 milliseconds interval)
	at org.openqa.selenium.support.ui.WebDriverWait.timeoutException(WebDriverWait.java:95)
	at org.openqa.selenium.support.ui.FluentWait.until(FluentWait.java:272)
	at com.SalesForceApp.Base.BasePage.waituntilVisible(BasePage.java:83)
	at com.SalesForceApp.Base.BasePage.SwitchToContactInfoFrame(BasePage.java:159)
	at com.SalesForceApp.pages.UserMenuPages.MyProfileUserMenu.SwitchToFrameEditProfile(MyProfileUserMenu.java:45)
	at com.SalesForce.tests.RandomSceanarioTest.TestCase34_VerifyEditLastname(RandomSceanarioTest.java:37)
	at java.base/java.util.ArrayList.forEach(ArrayList.java:1511)
Caused by: org.openqa.selenium.NoSuchElementException: no such element: Unable to locate element: {&quot;method&quot;:&quot;xpath&quot;,&quot;selector&quot;:&quot;//a[contains(text(),&apos;About&apos;)]&quot;}
  (Session info: chrome=97.0.4692.71)
For documentation on this error, please visit: https://www.seleniumhq.org/exceptions/no_such_element.html
Build info: version: &apos;3.141.59&apos;, revision: &apos;e82be7d358&apos;, time: &apos;2018-11-14T08:17:03&apos;
System info: host: &apos;tejal-home&apos;, ip: &apos;127.0.1.1&apos;, os.name: &apos;Linux&apos;, os.arch: &apos;amd64&apos;, os.version: &apos;4.15.0-167-generic&apos;, java.version: &apos;17&apos;
Driver info: org.openqa.selenium.chrome.ChromeDriver
Capabilities {acceptInsecureCerts: false, browserName: chrome, browserVersion: 97.0.4692.71, chrome: {chromedriverVersion: 97.0.4692.71 (adefa7837d02a..., userDataDir: /tmp/.com.google.Chrome.GAuBOw}, goog:chromeOptions: {debuggerAddress: localhost:33185}, javascriptEnabled: true, networkConnectionEnabled: false, pageLoadStrategy: normal, platform: LINUX, platformName: LINUX, proxy: Proxy(), setWindowRect: true, strictFileInteractability: false, timeouts: {implicit: 0, pageLoad: 300000, script: 30000}, unhandledPromptBehavior: dismiss and notify, webauthn:extension:credBlob: true, webauthn:extension:largeBlob: true, webauthn:virtualAuthenticators: true}
Session ID: cbabc352ffaf71b4e53b24639d78adf5
*** Element info: {Using=xpath, value=//a[contains(text(),&apos;About&apos;)]}
	at org.openqa.selenium.remote.http.W3CHttpResponseCodec.createException(W3CHttpResponseCodec.java:187)
	at org.openqa.selenium.remote.http.W3CHttpResponseCodec.decode(W3CHttpResponseCodec.java:122)
	at org.openqa.selenium.remote.http.W3CHttpResponseCodec.decode(W3CHttpResponseCodec.java:49)
	at org.openqa.selenium.remote.HttpCommandExecutor.execute(HttpCommandExecutor.java:158)
	at org.openqa.selenium.remote.service.DriverCommandExecutor.execute(DriverCommandExecutor.java:83)
	at org.openqa.selenium.remote.RemoteWebDriver.execute(RemoteWebDriver.java:552)
	at org.openqa.selenium.remote.RemoteWebDriver.findElement(RemoteWebDriver.java:323)
	at org.openqa.selenium.remote.RemoteWebDriver.findElementByXPath(RemoteWebDriver.java:428)
	at org.openqa.selenium.By$ByXPath.findElement(By.java:353)
	at org.openqa.selenium.remote.RemoteWebDriver.findElement(RemoteWebDriver.java:315)
	at org.openqa.selenium.support.pagefactory.DefaultElementLocator.findElement(DefaultElementLocator.java:69)
	at org.openqa.selenium.support.pagefactory.internal.LocatingElementHandler.invoke(LocatingElementHandler.java:38)
	at jdk.proxy2/jdk.proxy2.$Proxy12.isDisplayed(Unknown Source)
	at org.openqa.selenium.support.ui.ExpectedConditions.elementIfVisible(ExpectedConditions.java:314)
	at org.openqa.selenium.support.ui.ExpectedConditions.access$000(ExpectedConditions.java:43)
	at org.openqa.selenium.support.ui.ExpectedConditions$10.apply(ExpectedConditions.java:300)
	at org.openqa.selenium.support.ui.ExpectedConditions$10.apply(ExpectedConditions.java:297)
	at org.openqa.selenium.support.ui.FluentWait.until(FluentWait.java:249)
	... 35 more
... Removed 35 stack frames</div></td></tr></table><p class="totop"><a href="#summary">back to summary</a></p>
<h3 id="m3">com.SalesForce.tests.UserMenuTest#TestCase6_MyProfileUserMenu</h3><table class="result"><tr><th>Exception</th></tr><tr><td><div class="stacktrace">org.openqa.selenium.TimeoutException: Expected condition failed: waiting for visibility of Proxy element for: DefaultElementLocator &apos;By.xpath: //a[contains(text(),&apos;About&apos;)]&apos; (tried for 30 second(s) with 500 milliseconds interval)
	at org.openqa.selenium.support.ui.WebDriverWait.timeoutException(WebDriverWait.java:95)
	at org.openqa.selenium.support.ui.FluentWait.until(FluentWait.java:272)
	at com.SalesForceApp.Base.BasePage.waituntilVisible(BasePage.java:83)
	at com.SalesForceApp.Base.BasePage.SwitchToContactInfoFrame(BasePage.java:159)
	at com.SalesForceApp.pages.UserMenuPages.MyProfileUserMenu.SwitchToFrameEditProfile(MyProfileUserMenu.java:45)
	at com.SalesForce.tests.UserMenuTest.TestCase6_MyProfileUserMenu(UserMenuTest.java:35)
	at java.base/java.util.ArrayList.forEach(ArrayList.java:1511)
Caused by: org.openqa.selenium.NoSuchElementException: no such element: Unable to locate element: {&quot;method&quot;:&quot;xpath&quot;,&quot;selector&quot;:&quot;//a[contains(text(),&apos;About&apos;)]&quot;}
  (Session info: chrome=97.0.4692.71)
For documentation on this error, please visit: https://www.seleniumhq.org/exceptions/no_such_element.html
Build info: version: &apos;3.141.59&apos;, revision: &apos;e82be7d358&apos;, time: &apos;2018-11-14T08:17:03&apos;
System info: host: &apos;tejal-home&apos;, ip: &apos;127.0.1.1&apos;, os.name: &apos;Linux&apos;, os.arch: &apos;amd64&apos;, os.version: &apos;4.15.0-167-generic&apos;, java.version: &apos;17&apos;
Driver info: org.openqa.selenium.chrome.ChromeDriver
Capabilities {acceptInsecureCerts: false, browserName: chrome, browserVersion: 97.0.4692.71, chrome: {chromedriverVersion: 97.0.4692.71 (adefa7837d02a..., userDataDir: /tmp/.com.google.Chrome.Y9Ufn5}, goog:chromeOptions: {debuggerAddress: localhost:39759}, javascriptEnabled: true, networkConnectionEnabled: false, pageLoadStrategy: normal, platform: LINUX, platformName: LINUX, proxy: Proxy(), setWindowRect: true, strictFileInteractability: false, timeouts: {implicit: 0, pageLoad: 300000, script: 30000}, unhandledPromptBehavior: dismiss and notify, webauthn:extension:credBlob: true, webauthn:extension:largeBlob: true, webauthn:virtualAuthenticators: true}
Session ID: 9aacc7787c57829004e8abbc27ba4508
*** Element info: {Using=xpath, value=//a[contains(text(),&apos;About&apos;)]}
	at org.openqa.selenium.remote.http.W3CHttpResponseCodec.createException(W3CHttpResponseCodec.java:187)
	at org.openqa.selenium.remote.http.W3CHttpResponseCodec.decode(W3CHttpResponseCodec.java:122)
	at org.openqa.selenium.remote.http.W3CHttpResponseCodec.decode(W3CHttpResponseCodec.java:49)
	at org.openqa.selenium.remote.HttpCommandExecutor.execute(HttpCommandExecutor.java:158)
	at org.openqa.selenium.remote.service.DriverCommandExecutor.execute(DriverCommandExecutor.java:83)
	at org.openqa.selenium.remote.RemoteWebDriver.execute(RemoteWebDriver.java:552)
	at org.openqa.selenium.remote.RemoteWebDriver.findElement(RemoteWebDriver.java:323)
	at org.openqa.selenium.remote.RemoteWebDriver.findElementByXPath(RemoteWebDriver.java:428)
	at org.openqa.selenium.By$ByXPath.findElement(By.java:353)
	at org.openqa.selenium.remote.RemoteWebDriver.findElement(RemoteWebDriver.java:315)
	at org.openqa.selenium.support.pagefactory.DefaultElementLocator.findElement(DefaultElementLocator.java:69)
	at org.openqa.selenium.support.pagefactory.internal.LocatingElementHandler.invoke(LocatingElementHandler.java:38)
	at jdk.proxy2/jdk.proxy2.$Proxy12.isDisplayed(Unknown Source)
	at org.openqa.selenium.support.ui.ExpectedConditions.elementIfVisible(ExpectedConditions.java:314)
	at org.openqa.selenium.support.ui.ExpectedConditions.access$000(ExpectedConditions.java:43)
	at org.openqa.selenium.support.ui.ExpectedConditions$10.apply(ExpectedConditions.java:300)
	at org.openqa.selenium.support.ui.ExpectedConditions$10.apply(ExpectedConditions.java:297)
	at org.openqa.selenium.support.ui.FluentWait.until(FluentWait.java:249)
	... 35 more
... Removed 35 stack frames</div></td></tr></table><p class="totop"><a href="#summary">back to summary</a></p>
<h3 id="m4">com.SalesForce.tests.AccountTest#TestCase10_CreateNewAccount</h3><table class="result"><tr><th class="invisible"/></tr></table><p class="totop"><a href="#summary">back to summary</a></p>
<h3 id="m5">com.SalesForce.tests.AccountTest#TestCase11_CreateNewView</h3><table class="result"><tr><th class="invisible"/></tr></table><p class="totop"><a href="#summary">back to summary</a></p>
<h3 id="m6">com.SalesForce.tests.AccountTest#TestCase12_EditView</h3><table class="result"><tr><th class="invisible"/></tr></table><p class="totop"><a href="#summary">back to summary</a></p>
<h3 id="m7">com.SalesForce.tests.AccountTest#TestCase13_MergeAccount</h3><table class="result"><tr><th class="invisible"/></tr></table><p class="totop"><a href="#summary">back to summary</a></p>
<h3 id="m8">com.SalesForce.tests.ContactsTest#TestCase25_CreateNewContact</h3><table class="result"><tr><th class="invisible"/></tr></table><p class="totop"><a href="#summary">back to summary</a></p>
<h3 id="m9">com.SalesForce.tests.ContactsTest#TestCase26_NewViewContacts</h3><table class="result"><tr><th class="invisible"/></tr></table><p class="totop"><a href="#summary">back to summary</a></p>
<h3 id="m10">com.SalesForce.tests.ContactsTest#TestCase27_RecentCreatedContacts</h3><table class="result"><tr><th class="invisible"/></tr></table><p class="totop"><a href="#summary">back to summary</a></p>
<h3 id="m11">com.SalesForce.tests.ContactsTest#TestCase28_MyContactsView</h3><table class="result"><tr><th class="invisible"/></tr></table><p class="totop"><a href="#summary">back to summary</a></p>
<h3 id="m12">com.SalesForce.tests.ContactsTest#TestCase29_ViewContact</h3><table class="result"><tr><th class="invisible"/></tr></table><p class="totop"><a href="#summary">back to summary</a></p>
<h3 id="m13">com.SalesForce.tests.ContactsTest#TestCase30_NewViewError</h3><table class="result"><tr><th class="invisible"/></tr></table><p class="totop"><a href="#summary">back to summary</a></p>
<h3 id="m14">com.SalesForce.tests.ContactsTest#TestCase31_CheckCancelButton</h3><table class="result"><tr><th class="invisible"/></tr></table><p class="totop"><a href="#summary">back to summary</a></p>
<h3 id="m15">com.SalesForce.tests.ContactsTest#TestCase32_CheckSaveNewButton</h3><table class="result"><tr><th class="invisible"/></tr></table><p class="totop"><a href="#summary">back to summary</a></p>
<h3 id="m16">com.SalesForce.tests.LeadsTest#TestCase20_LeadTab</h3><table class="result"><tr><th class="invisible"/></tr></table><p class="totop"><a href="#summary">back to summary</a></p>
<h3 id="m17">com.SalesForce.tests.LeadsTest#TestCase21_LeadsSelectView</h3><table class="result"><tr><th class="invisible"/></tr></table><p class="totop"><a href="#summary">back to summary</a></p>
<h3 id="m18">com.SalesForce.tests.LeadsTest#TestCase22_LeadsDefaultView</h3><table class="result"><tr><th class="invisible"/></tr></table><p class="totop"><a href="#summary">back to summary</a></p>
<h3 id="m19">com.SalesForce.tests.LeadsTest#TestCase23_TodaysLead</h3><table class="result"><tr><th class="invisible"/></tr></table><p class="totop"><a href="#summary">back to summary</a></p>
<h3 id="m20">com.SalesForce.tests.LeadsTest#TestCase24_NewLead</h3><table class="result"><tr><th class="invisible"/></tr></table><p class="totop"><a href="#summary">back to summary</a></p>
<h3 id="m21">com.SalesForce.tests.LoginTest#TestCase1_BlankPassword</h3><table class="result"><tr><th class="invisible"/></tr></table><p class="totop"><a href="#summary">back to summary</a></p>
<h3 id="m22">com.SalesForce.tests.LoginTest#TestCase3_RememberedUsername</h3><table class="result"><tr><th class="invisible"/></tr></table><p class="totop"><a href="#summary">back to summary</a></p>
<h3 id="m23">com.SalesForce.tests.LoginTest#TestCase4A_ForgotPassword</h3><table class="result"><tr><th class="invisible"/></tr></table><p class="totop"><a href="#summary">back to summary</a></p>
<h3 id="m24">com.SalesForce.tests.LoginTest#TestCase4B_InvalidUsernamePassword</h3><table class="result"><tr><th class="invisible"/></tr></table><p class="totop"><a href="#summary">back to summary</a></p>
<h3 id="m25">com.SalesForce.tests.OppertunityTest#TestCase15_OppertunityDropDown</h3><table class="result"><tr><th class="invisible"/></tr></table><p class="totop"><a href="#summary">back to summary</a></p>
<h3 id="m26">com.SalesForce.tests.OppertunityTest#TestCase16_CreateOppertunity</h3><table class="result"><tr><th class="invisible"/></tr></table><p class="totop"><a href="#summary">back to summary</a></p>
<h3 id="m27">com.SalesForce.tests.OppertunityTest#TestCase17_OppertunityPipelineReport</h3><table class="result"><tr><th class="invisible"/></tr></table><p class="totop"><a href="#summary">back to summary</a></p>
<h3 id="m28">com.SalesForce.tests.OppertunityTest#TestCase18_StuckOppertunityReport</h3><table class="result"><tr><th class="invisible"/></tr></table><p class="totop"><a href="#summary">back to summary</a></p>
<h3 id="m29">com.SalesForce.tests.OppertunityTest#TestCase19_OppertunitySummeryReport</h3><table class="result"><tr><th class="invisible"/></tr></table><p class="totop"><a href="#summary">back to summary</a></p>
<h3 id="m30">com.SalesForce.tests.RandomSceanarioTest#TestCase33_FirstnameLastnameLink</h3><table class="result"><tr><th class="invisible"/></tr></table><p class="totop"><a href="#summary">back to summary</a></p>
<h3 id="m31">com.SalesForce.tests.RandomSceanarioTest#TestCase35_VerifyTabCustomization</h3><table class="result"><tr><th class="invisible"/></tr></table><p class="totop"><a href="#summary">back to summary</a></p>
<h3 id="m32">com.SalesForce.tests.RandomSceanarioTest#TestCase36_BlockEventCalender</h3><table class="result"><tr><th class="invisible"/></tr></table><p class="totop"><a href="#summary">back to summary</a></p>
<h3 id="m33">com.SalesForce.tests.RandomSceanarioTest#TestCase37_BlockEventWeek</h3><table class="result"><tr><th class="invisible"/></tr></table><p class="totop"><a href="#summary">back to summary</a></p>
<h3 id="m34">com.SalesForce.tests.UserMenuTest#TestCase5_UserMenuDropdown</h3><table class="result"><tr><th class="invisible"/></tr></table><p class="totop"><a href="#summary">back to summary</a></p>
<h3 id="m35">com.SalesForce.tests.UserMenuTest#TestCase7_MySettingUserMenu</h3><table class="result"><tr><th class="invisible"/></tr></table><p class="totop"><a href="#summary">back to summary</a></p>
<h3 id="m36">com.SalesForce.tests.UserMenuTest#TestCase8_DeveloperConsole</h3><table class="result"><tr><th class="invisible"/></tr></table><p class="totop"><a href="#summary">back to summary</a></p>
<h3 id="m37">com.SalesForce.tests.UserMenuTest#TestCase9_Logout</h3><table class="result"><tr><th class="invisible"/></tr></table><p class="totop"><a href="#summary">back to summary</a></p>
</body>
</html>
