<!DOCTYPE html>

<html>
  <head>
  <meta charset='utf-8'>
  <title>TestNG reports</title>

    <link type="text/css" href="testng-reports1.css" rel="stylesheet" id="ultra" />
    <link type="text/css" href="testng-reports.css" rel="stylesheet" id="retro" disabled="false"/>
    <script type="text/javascript" src="jquery.min.js"></script>
    <script type="text/javascript" src="testng-reports.js"></script>
    <script type="text/javascript" src="https://www.google.com/jsapi"></script>
    <script type='text/javascript'>
      google.load('visualization', '1', {packages:['table']});
      google.setOnLoadCallback(drawTable);
      var suiteTableInitFunctions = new Array();
      var suiteTableData = new Array();
    </script>
    <!--
      <script type="text/javascript" src="jquery-ui/js/jquery-ui-1.8.16.custom.min.js"></script>
     -->
  </head>

  <body>
    <div class="top-banner-root">
      <span class="top-banner-title-font">Test results</span>
      <button id="button" class="button">Switch Retro Theme</button> <!-- button -->
      <br/>
      <span class="top-banner-font-1">1 suite, 4 failed tests</span>
    </div> <!-- top-banner-root -->
    <div class="navigator-root">
      <div class="navigator-suite-header">
        <span>All suites</span>
        <a href="#" title="Collapse/expand all the suites" class="collapse-all-link">
          <img src="collapseall.gif" class="collapse-all-icon">
          </img> <!-- collapse-all-icon -->
        </a> <!-- collapse-all-link -->
      </div> <!-- navigator-suite-header -->
      <div class="suite">
        <div class="rounded-window">
          <div class="suite-header light-rounded-window-top">
            <a href="#" panel-name="suite-SalesForceAutomationTestSuite" class="navigator-link">
              <span class="suite-name border-failed">SalesForceAutomationTestSuite</span>
            </a> <!-- navigator-link -->
          </div> <!-- suite-header light-rounded-window-top -->
          <div class="navigator-suite-content">
            <div class="suite-section-title">
              <span>Info</span>
            </div> <!-- suite-section-title -->
            <div class="suite-section-content">
              <ul>
                <li>
                  <a href="#" panel-name="test-xml-SalesForceAutomationTestSuite" class="navigator-link ">
                    <span>testng1.xml</span>
                  </a> <!-- navigator-link  -->
                </li>
                <li>
                  <a href="#" panel-name="testlist-SalesForceAutomationTestSuite" class="navigator-link ">
                    <span class="test-stats">1 test</span>
                  </a> <!-- navigator-link  -->
                </li>
                <li>
                  <a href="#" panel-name="group-SalesForceAutomationTestSuite" class="navigator-link ">
                    <span>0 groups</span>
                  </a> <!-- navigator-link  -->
                </li>
                <li>
                  <a href="#" panel-name="times-SalesForceAutomationTestSuite" class="navigator-link ">
                    <span>Times</span>
                  </a> <!-- navigator-link  -->
                </li>
                <li>
                  <a href="#" panel-name="reporter-SalesForceAutomationTestSuite" class="navigator-link ">
                    <span>Reporter output</span>
                  </a> <!-- navigator-link  -->
                </li>
                <li>
                  <a href="#" panel-name="ignored-methods-SalesForceAutomationTestSuite" class="navigator-link ">
                    <span>Ignored methods</span>
                  </a> <!-- navigator-link  -->
                </li>
                <li>
                  <a href="#" panel-name="chronological-SalesForceAutomationTestSuite" class="navigator-link ">
                    <span>Chronological view</span>
                  </a> <!-- navigator-link  -->
                </li>
              </ul>
            </div> <!-- suite-section-content -->
            <div class="result-section">
              <div class="suite-section-title">
                <span>Results</span>
              </div> <!-- suite-section-title -->
              <div class="suite-section-content">
                <ul>
                  <li>
                    <span class="method-stats">38 methods, 4 failed,   34 passed</span>
                  </li>
                  <li>
                    <span class="method-list-title failed">Failed methods</span>
                    <span class="show-or-hide-methods failed">
                      <a href="#" panel-name="suite-SalesForceAutomationTestSuite" class="hide-methods failed suite-SalesForceAutomationTestSuite"> (hide)</a> <!-- hide-methods failed suite-SalesForceAutomationTestSuite -->
                      <a href="#" panel-name="suite-SalesForceAutomationTestSuite" class="show-methods failed suite-SalesForceAutomationTestSuite"> (show)</a> <!-- show-methods failed suite-SalesForceAutomationTestSuite -->
                    </span>
                    <div class="method-list-content failed suite-SalesForceAutomationTestSuite">
                      <span>
                        <img src="failed.png" width="3%"/>
                        <a href="#" panel-name="suite-SalesForceAutomationTestSuite" title="com.SalesForce.tests.AccountTest" class="method navigator-link" hash-for-method="TestCase14_CreateAccountReport">TestCase14_CreateAccountReport</a> <!-- method navigator-link -->
                      </span>
                      <br/>
                      <span>
                        <img src="failed.png" width="3%"/>
                        <a href="#" panel-name="suite-SalesForceAutomationTestSuite" title="com.SalesForce.tests.LoginTest" class="method navigator-link" hash-for-method="TestCase2_ValidUsernamePassword">TestCase2_ValidUsernamePassword</a> <!-- method navigator-link -->
                      </span>
                      <br/>
                      <span>
                        <img src="failed.png" width="3%"/>
                        <a href="#" panel-name="suite-SalesForceAutomationTestSuite" title="com.SalesForce.tests.RandomSceanarioTest" class="method navigator-link" hash-for-method="TestCase34_VerifyEditLastname">TestCase34_VerifyEditLastname</a> <!-- method navigator-link -->
                      </span>
                      <br/>
                      <span>
                        <img src="failed.png" width="3%"/>
                        <a href="#" panel-name="suite-SalesForceAutomationTestSuite" title="com.SalesForce.tests.UserMenuTest" class="method navigator-link" hash-for-method="TestCase6_MyProfileUserMenu">TestCase6_MyProfileUserMenu</a> <!-- method navigator-link -->
                      </span>
                      <br/>
                    </div> <!-- method-list-content failed suite-SalesForceAutomationTestSuite -->
                  </li>
                  <li>
                    <span class="method-list-title passed">Passed methods</span>
                    <span class="show-or-hide-methods passed">
                      <a href="#" panel-name="suite-SalesForceAutomationTestSuite" class="hide-methods passed suite-SalesForceAutomationTestSuite"> (hide)</a> <!-- hide-methods passed suite-SalesForceAutomationTestSuite -->
                      <a href="#" panel-name="suite-SalesForceAutomationTestSuite" class="show-methods passed suite-SalesForceAutomationTestSuite"> (show)</a> <!-- show-methods passed suite-SalesForceAutomationTestSuite -->
                    </span>
                    <div class="method-list-content passed suite-SalesForceAutomationTestSuite">
                      <span>
                        <img src="passed.png" width="3%"/>
                        <a href="#" panel-name="suite-SalesForceAutomationTestSuite" title="com.SalesForce.tests.AccountTest" class="method navigator-link" hash-for-method="TestCase10_CreateNewAccount">TestCase10_CreateNewAccount</a> <!-- method navigator-link -->
                      </span>
                      <br/>
                      <span>
                        <img src="passed.png" width="3%"/>
                        <a href="#" panel-name="suite-SalesForceAutomationTestSuite" title="com.SalesForce.tests.AccountTest" class="method navigator-link" hash-for-method="TestCase11_CreateNewView">TestCase11_CreateNewView</a> <!-- method navigator-link -->
                      </span>
                      <br/>
                      <span>
                        <img src="passed.png" width="3%"/>
                        <a href="#" panel-name="suite-SalesForceAutomationTestSuite" title="com.SalesForce.tests.AccountTest" class="method navigator-link" hash-for-method="TestCase12_EditView">TestCase12_EditView</a> <!-- method navigator-link -->
                      </span>
                      <br/>
                      <span>
                        <img src="passed.png" width="3%"/>
                        <a href="#" panel-name="suite-SalesForceAutomationTestSuite" title="com.SalesForce.tests.AccountTest" class="method navigator-link" hash-for-method="TestCase13_MergeAccount">TestCase13_MergeAccount</a> <!-- method navigator-link -->
                      </span>
                      <br/>
                      <span>
                        <img src="passed.png" width="3%"/>
                        <a href="#" panel-name="suite-SalesForceAutomationTestSuite" title="com.SalesForce.tests.OppertunityTest" class="method navigator-link" hash-for-method="TestCase15_OppertunityDropDown">TestCase15_OppertunityDropDown</a> <!-- method navigator-link -->
                      </span>
                      <br/>
                      <span>
                        <img src="passed.png" width="3%"/>
                        <a href="#" panel-name="suite-SalesForceAutomationTestSuite" title="com.SalesForce.tests.OppertunityTest" class="method navigator-link" hash-for-method="TestCase16_CreateOppertunity">TestCase16_CreateOppertunity</a> <!-- method navigator-link -->
                      </span>
                      <br/>
                      <span>
                        <img src="passed.png" width="3%"/>
                        <a href="#" panel-name="suite-SalesForceAutomationTestSuite" title="com.SalesForce.tests.OppertunityTest" class="method navigator-link" hash-for-method="TestCase17_OppertunityPipelineReport">TestCase17_OppertunityPipelineReport</a> <!-- method navigator-link -->
                      </span>
                      <br/>
                      <span>
                        <img src="passed.png" width="3%"/>
                        <a href="#" panel-name="suite-SalesForceAutomationTestSuite" title="com.SalesForce.tests.OppertunityTest" class="method navigator-link" hash-for-method="TestCase18_StuckOppertunityReport">TestCase18_StuckOppertunityReport</a> <!-- method navigator-link -->
                      </span>
                      <br/>
                      <span>
                        <img src="passed.png" width="3%"/>
                        <a href="#" panel-name="suite-SalesForceAutomationTestSuite" title="com.SalesForce.tests.OppertunityTest" class="method navigator-link" hash-for-method="TestCase19_OppertunitySummeryReport">TestCase19_OppertunitySummeryReport</a> <!-- method navigator-link -->
                      </span>
                      <br/>
                      <span>
                        <img src="passed.png" width="3%"/>
                        <a href="#" panel-name="suite-SalesForceAutomationTestSuite" title="com.SalesForce.tests.LoginTest" class="method navigator-link" hash-for-method="TestCase1_BlankPassword">TestCase1_BlankPassword</a> <!-- method navigator-link -->
                      </span>
                      <br/>
                      <span>
                        <img src="passed.png" width="3%"/>
                        <a href="#" panel-name="suite-SalesForceAutomationTestSuite" title="com.SalesForce.tests.LeadsTest" class="method navigator-link" hash-for-method="TestCase20_LeadTab">TestCase20_LeadTab</a> <!-- method navigator-link -->
                      </span>
                      <br/>
                      <span>
                        <img src="passed.png" width="3%"/>
                        <a href="#" panel-name="suite-SalesForceAutomationTestSuite" title="com.SalesForce.tests.LeadsTest" class="method navigator-link" hash-for-method="TestCase21_LeadsSelectView">TestCase21_LeadsSelectView</a> <!-- method navigator-link -->
                      </span>
                      <br/>
                      <span>
                        <img src="passed.png" width="3%"/>
                        <a href="#" panel-name="suite-SalesForceAutomationTestSuite" title="com.SalesForce.tests.LeadsTest" class="method navigator-link" hash-for-method="TestCase22_LeadsDefaultView">TestCase22_LeadsDefaultView</a> <!-- method navigator-link -->
                      </span>
                      <br/>
                      <span>
                        <img src="passed.png" width="3%"/>
                        <a href="#" panel-name="suite-SalesForceAutomationTestSuite" title="com.SalesForce.tests.LeadsTest" class="method navigator-link" hash-for-method="TestCase23_TodaysLead">TestCase23_TodaysLead</a> <!-- method navigator-link -->
                      </span>
                      <br/>
                      <span>
                        <img src="passed.png" width="3%"/>
                        <a href="#" panel-name="suite-SalesForceAutomationTestSuite" title="com.SalesForce.tests.LeadsTest" class="method navigator-link" hash-for-method="TestCase24_NewLead">TestCase24_NewLead</a> <!-- method navigator-link -->
                      </span>
                      <br/>
                      <span>
                        <img src="passed.png" width="3%"/>
                        <a href="#" panel-name="suite-SalesForceAutomationTestSuite" title="com.SalesForce.tests.ContactsTest" class="method navigator-link" hash-for-method="TestCase25_CreateNewContact">TestCase25_CreateNewContact</a> <!-- method navigator-link -->
                      </span>
                      <br/>
                      <span>
                        <img src="passed.png" width="3%"/>
                        <a href="#" panel-name="suite-SalesForceAutomationTestSuite" title="com.SalesForce.tests.ContactsTest" class="method navigator-link" hash-for-method="TestCase26_NewViewContacts">TestCase26_NewViewContacts</a> <!-- method navigator-link -->
                      </span>
                      <br/>
                      <span>
                        <img src="passed.png" width="3%"/>
                        <a href="#" panel-name="suite-SalesForceAutomationTestSuite" title="com.SalesForce.tests.ContactsTest" class="method navigator-link" hash-for-method="TestCase27_RecentCreatedContacts">TestCase27_RecentCreatedContacts</a> <!-- method navigator-link -->
                      </span>
                      <br/>
                      <span>
                        <img src="passed.png" width="3%"/>
                        <a href="#" panel-name="suite-SalesForceAutomationTestSuite" title="com.SalesForce.tests.ContactsTest" class="method navigator-link" hash-for-method="TestCase28_MyContactsView">TestCase28_MyContactsView</a> <!-- method navigator-link -->
                      </span>
                      <br/>
                      <span>
                        <img src="passed.png" width="3%"/>
                        <a href="#" panel-name="suite-SalesForceAutomationTestSuite" title="com.SalesForce.tests.ContactsTest" class="method navigator-link" hash-for-method="TestCase29_ViewContact">TestCase29_ViewContact</a> <!-- method navigator-link -->
                      </span>
                      <br/>
                      <span>
                        <img src="passed.png" width="3%"/>
                        <a href="#" panel-name="suite-SalesForceAutomationTestSuite" title="com.SalesForce.tests.ContactsTest" class="method navigator-link" hash-for-method="TestCase30_NewViewError">TestCase30_NewViewError</a> <!-- method navigator-link -->
                      </span>
                      <br/>
                      <span>
                        <img src="passed.png" width="3%"/>
                        <a href="#" panel-name="suite-SalesForceAutomationTestSuite" title="com.SalesForce.tests.ContactsTest" class="method navigator-link" hash-for-method="TestCase31_CheckCancelButton">TestCase31_CheckCancelButton</a> <!-- method navigator-link -->
                      </span>
                      <br/>
                      <span>
                        <img src="passed.png" width="3%"/>
                        <a href="#" panel-name="suite-SalesForceAutomationTestSuite" title="com.SalesForce.tests.ContactsTest" class="method navigator-link" hash-for-method="TestCase32_CheckSaveNewButton">TestCase32_CheckSaveNewButton</a> <!-- method navigator-link -->
                      </span>
                      <br/>
                      <span>
                        <img src="passed.png" width="3%"/>
                        <a href="#" panel-name="suite-SalesForceAutomationTestSuite" title="com.SalesForce.tests.RandomSceanarioTest" class="method navigator-link" hash-for-method="TestCase33_FirstnameLastnameLink">TestCase33_FirstnameLastnameLink</a> <!-- method navigator-link -->
                      </span>
                      <br/>
                      <span>
                        <img src="passed.png" width="3%"/>
                        <a href="#" panel-name="suite-SalesForceAutomationTestSuite" title="com.SalesForce.tests.RandomSceanarioTest" class="method navigator-link" hash-for-method="TestCase35_VerifyTabCustomization">TestCase35_VerifyTabCustomization</a> <!-- method navigator-link -->
                      </span>
                      <br/>
                      <span>
                        <img src="passed.png" width="3%"/>
                        <a href="#" panel-name="suite-SalesForceAutomationTestSuite" title="com.SalesForce.tests.RandomSceanarioTest" class="method navigator-link" hash-for-method="TestCase36_BlockEventCalender">TestCase36_BlockEventCalender</a> <!-- method navigator-link -->
                      </span>
                      <br/>
                      <span>
                        <img src="passed.png" width="3%"/>
                        <a href="#" panel-name="suite-SalesForceAutomationTestSuite" title="com.SalesForce.tests.RandomSceanarioTest" class="method navigator-link" hash-for-method="TestCase37_BlockEventWeek">TestCase37_BlockEventWeek</a> <!-- method navigator-link -->
                      </span>
                      <br/>
                      <span>
                        <img src="passed.png" width="3%"/>
                        <a href="#" panel-name="suite-SalesForceAutomationTestSuite" title="com.SalesForce.tests.LoginTest" class="method navigator-link" hash-for-method="TestCase3_RememberedUsername">TestCase3_RememberedUsername</a> <!-- method navigator-link -->
                      </span>
                      <br/>
                      <span>
                        <img src="passed.png" width="3%"/>
                        <a href="#" panel-name="suite-SalesForceAutomationTestSuite" title="com.SalesForce.tests.LoginTest" class="method navigator-link" hash-for-method="TestCase4A_ForgotPassword">TestCase4A_ForgotPassword</a> <!-- method navigator-link -->
                      </span>
                      <br/>
                      <span>
                        <img src="passed.png" width="3%"/>
                        <a href="#" panel-name="suite-SalesForceAutomationTestSuite" title="com.SalesForce.tests.LoginTest" class="method navigator-link" hash-for-method="TestCase4B_InvalidUsernamePassword">TestCase4B_InvalidUsernamePassword</a> <!-- method navigator-link -->
                      </span>
                      <br/>
                      <span>
                        <img src="passed.png" width="3%"/>
                        <a href="#" panel-name="suite-SalesForceAutomationTestSuite" title="com.SalesForce.tests.UserMenuTest" class="method navigator-link" hash-for-method="TestCase5_UserMenuDropdown">TestCase5_UserMenuDropdown</a> <!-- method navigator-link -->
                      </span>
                      <br/>
                      <span>
                        <img src="passed.png" width="3%"/>
                        <a href="#" panel-name="suite-SalesForceAutomationTestSuite" title="com.SalesForce.tests.UserMenuTest" class="method navigator-link" hash-for-method="TestCase7_MySettingUserMenu">TestCase7_MySettingUserMenu</a> <!-- method navigator-link -->
                      </span>
                      <br/>
                      <span>
                        <img src="passed.png" width="3%"/>
                        <a href="#" panel-name="suite-SalesForceAutomationTestSuite" title="com.SalesForce.tests.UserMenuTest" class="method navigator-link" hash-for-method="TestCase8_DeveloperConsole">TestCase8_DeveloperConsole</a> <!-- method navigator-link -->
                      </span>
                      <br/>
                      <span>
                        <img src="passed.png" width="3%"/>
                        <a href="#" panel-name="suite-SalesForceAutomationTestSuite" title="com.SalesForce.tests.UserMenuTest" class="method navigator-link" hash-for-method="TestCase9_Logout">TestCase9_Logout</a> <!-- method navigator-link -->
                      </span>
                      <br/>
                    </div> <!-- method-list-content passed suite-SalesForceAutomationTestSuite -->
                  </li>
                </ul>
              </div> <!-- suite-section-content -->
            </div> <!-- result-section -->
          </div> <!-- navigator-suite-content -->
        </div> <!-- rounded-window -->
      </div> <!-- suite -->
    </div> <!-- navigator-root -->
    <div class="wrapper">
      <div class="main-panel-root">
        <div panel-name="suite-SalesForceAutomationTestSuite" class="panel SalesForceAutomationTestSuite">
          <div class="suite-SalesForceAutomationTestSuite-class-failed">
            <div class="main-panel-header rounded-window-top">
              <img src="failed.png"/>
              <span class="class-name">com.SalesForce.tests.LoginTest</span>
            </div> <!-- main-panel-header rounded-window-top -->
            <div class="main-panel-content rounded-window-bottom">
              <div class="method">
                <div class="method-content">
                  <a name="TestCase2_ValidUsernamePassword">
                  </a> <!-- TestCase2_ValidUsernamePassword -->
                  <span class="method-name">TestCase2_ValidUsernamePassword</span>
                  <div class="stack-trace">java.lang.AssertionError: expected [Home Page ~ Salesforce - Developer Edition] but found []
	at com.SalesForce.tests.LoginTest.TestCase2_ValidUsernamePassword(LoginTest.java:42)
	at java.base/java.util.ArrayList.forEach(ArrayList.java:1511)
... Removed 36 stack frames
</div> <!-- stack-trace -->
                </div> <!-- method-content -->
              </div> <!-- method -->
            </div> <!-- main-panel-content rounded-window-bottom -->
          </div> <!-- suite-SalesForceAutomationTestSuite-class-failed -->
          <div class="suite-SalesForceAutomationTestSuite-class-failed">
            <div class="main-panel-header rounded-window-top">
              <img src="failed.png"/>
              <span class="class-name">com.SalesForce.tests.AccountTest</span>
            </div> <!-- main-panel-header rounded-window-top -->
            <div class="main-panel-content rounded-window-bottom">
              <div class="method">
                <div class="method-content">
                  <a name="TestCase14_CreateAccountReport">
                  </a> <!-- TestCase14_CreateAccountReport -->
                  <span class="method-name">TestCase14_CreateAccountReport</span>
                  <div class="stack-trace">org.openqa.selenium.TimeoutException: Expected condition failed: waiting for title to contain &quot;ReportDimond&quot;. Current title: &quot;Unsaved Report ~ Salesforce - Developer Edition&quot; (tried for 30 second(s) with 500 milliseconds interval)
Build info: version: &apos;3.141.59&apos;, revision: &apos;e82be7d358&apos;, time: &apos;2018-11-14T08:17:03&apos;
System info: host: &apos;tejal-home&apos;, ip: &apos;127.0.1.1&apos;, os.name: &apos;Linux&apos;, os.arch: &apos;amd64&apos;, os.version: &apos;4.15.0-167-generic&apos;, java.version: &apos;17&apos;
Driver info: org.openqa.selenium.chrome.ChromeDriver
Capabilities {acceptInsecureCerts: false, browserName: chrome, browserVersion: 97.0.4692.71, chrome: {chromedriverVersion: 97.0.4692.71 (adefa7837d02a..., userDataDir: /tmp/.com.google.Chrome.t3dM03}, goog:chromeOptions: {debuggerAddress: localhost:43289}, javascriptEnabled: true, networkConnectionEnabled: false, pageLoadStrategy: normal, platform: LINUX, platformName: LINUX, proxy: Proxy(), setWindowRect: true, strictFileInteractability: false, timeouts: {implicit: 0, pageLoad: 300000, script: 30000}, unhandledPromptBehavior: dismiss and notify, webauthn:extension:credBlob: true, webauthn:extension:largeBlob: true, webauthn:virtualAuthenticators: true}
Session ID: 85d8a972a4098dfad1d9b5610f05158b
	at org.openqa.selenium.support.ui.WebDriverWait.timeoutException(WebDriverWait.java:95)
	at org.openqa.selenium.support.ui.FluentWait.until(FluentWait.java:272)
	at com.SalesForceApp.Base.BasePage.waitUntilTitleContains(BasePage.java:212)
	at com.SalesForce.tests.AccountTest.TestCase14_CreateAccountReport(AccountTest.java:145)
	at java.base/java.util.ArrayList.forEach(ArrayList.java:1511)
... Removed 30 stack frames
</div> <!-- stack-trace -->
                </div> <!-- method-content -->
              </div> <!-- method -->
            </div> <!-- main-panel-content rounded-window-bottom -->
          </div> <!-- suite-SalesForceAutomationTestSuite-class-failed -->
          <div class="suite-SalesForceAutomationTestSuite-class-failed">
            <div class="main-panel-header rounded-window-top">
              <img src="failed.png"/>
              <span class="class-name">com.SalesForce.tests.RandomSceanarioTest</span>
            </div> <!-- main-panel-header rounded-window-top -->
            <div class="main-panel-content rounded-window-bottom">
              <div class="method">
                <div class="method-content">
                  <a name="TestCase34_VerifyEditLastname">
                  </a> <!-- TestCase34_VerifyEditLastname -->
                  <span class="method-name">TestCase34_VerifyEditLastname</span>
                  <div class="stack-trace">org.openqa.selenium.TimeoutException: Expected condition failed: waiting for visibility of Proxy element for: DefaultElementLocator &apos;By.xpath: //a[contains(text(),&apos;About&apos;)]&apos; (tried for 30 second(s) with 500 milliseconds interval)
	at org.openqa.selenium.support.ui.WebDriverWait.timeoutException(WebDriverWait.java:95)
	at org.openqa.selenium.support.ui.FluentWait.until(FluentWait.java:272)
	at com.SalesForceApp.Base.BasePage.waituntilVisible(BasePage.java:83)
	at com.SalesForceApp.Base.BasePage.SwitchToContactInfoFrame(BasePage.java:159)
	at com.SalesForceApp.pages.UserMenuPages.MyProfileUserMenu.SwitchToFrameEditProfile(MyProfileUserMenu.java:45)
	at com.SalesForce.tests.RandomSceanarioTest.TestCase34_VerifyEditLastname(RandomSceanarioTest.java:37)
	at java.base/java.util.ArrayList.forEach(ArrayList.java:1511)
Caused by: org.openqa.selenium.NoSuchElementException: no such element: Unable to locate element: {&quot;method&quot;:&quot;xpath&quot;,&quot;selector&quot;:&quot;//a[contains(text(),&apos;About&apos;)]&quot;}
  (Session info: chrome=97.0.4692.71)
For documentation on this error, please visit: https://www.seleniumhq.org/exceptions/no_such_element.html
Build info: version: &apos;3.141.59&apos;, revision: &apos;e82be7d358&apos;, time: &apos;2018-11-14T08:17:03&apos;
System info: host: &apos;tejal-home&apos;, ip: &apos;127.0.1.1&apos;, os.name: &apos;Linux&apos;, os.arch: &apos;amd64&apos;, os.version: &apos;4.15.0-167-generic&apos;, java.version: &apos;17&apos;
Driver info: org.openqa.selenium.chrome.ChromeDriver
Capabilities {acceptInsecureCerts: false, browserName: chrome, browserVersion: 97.0.4692.71, chrome: {chromedriverVersion: 97.0.4692.71 (adefa7837d02a..., userDataDir: /tmp/.com.google.Chrome.GAuBOw}, goog:chromeOptions: {debuggerAddress: localhost:33185}, javascriptEnabled: true, networkConnectionEnabled: false, pageLoadStrategy: normal, platform: LINUX, platformName: LINUX, proxy: Proxy(), setWindowRect: true, strictFileInteractability: false, timeouts: {implicit: 0, pageLoad: 300000, script: 30000}, unhandledPromptBehavior: dismiss and notify, webauthn:extension:credBlob: true, webauthn:extension:largeBlob: true, webauthn:virtualAuthenticators: true}
Session ID: cbabc352ffaf71b4e53b24639d78adf5
*** Element info: {Using=xpath, value=//a[contains(text(),&apos;About&apos;)]}
	at org.openqa.selenium.remote.http.W3CHttpResponseCodec.createException(W3CHttpResponseCodec.java:187)
	at org.openqa.selenium.remote.http.W3CHttpResponseCodec.decode(W3CHttpResponseCodec.java:122)
	at org.openqa.selenium.remote.http.W3CHttpResponseCodec.decode(W3CHttpResponseCodec.java:49)
	at org.openqa.selenium.remote.HttpCommandExecutor.execute(HttpCommandExecutor.java:158)
	at org.openqa.selenium.remote.service.DriverCommandExecutor.execute(DriverCommandExecutor.java:83)
	at org.openqa.selenium.remote.RemoteWebDriver.execute(RemoteWebDriver.java:552)
	at org.openqa.selenium.remote.RemoteWebDriver.findElement(RemoteWebDriver.java:323)
	at org.openqa.selenium.remote.RemoteWebDriver.findElementByXPath(RemoteWebDriver.java:428)
	at org.openqa.selenium.By$ByXPath.findElement(By.java:353)
	at org.openqa.selenium.remote.RemoteWebDriver.findElement(RemoteWebDriver.java:315)
	at org.openqa.selenium.support.pagefactory.DefaultElementLocator.findElement(DefaultElementLocator.java:69)
	at org.openqa.selenium.support.pagefactory.internal.LocatingElementHandler.invoke(LocatingElementHandler.java:38)
	at jdk.proxy2/jdk.proxy2.$Proxy12.isDisplayed(Unknown Source)
	at org.openqa.selenium.support.ui.ExpectedConditions.elementIfVisible(ExpectedConditions.java:314)
	at org.openqa.selenium.support.ui.ExpectedConditions.access$000(ExpectedConditions.java:43)
	at org.openqa.selenium.support.ui.ExpectedConditions$10.apply(ExpectedConditions.java:300)
	at org.openqa.selenium.support.ui.ExpectedConditions$10.apply(ExpectedConditions.java:297)
	at org.openqa.selenium.support.ui.FluentWait.until(FluentWait.java:249)
	... 35 more
... Removed 35 stack frames
</div> <!-- stack-trace -->
                </div> <!-- method-content -->
              </div> <!-- method -->
            </div> <!-- main-panel-content rounded-window-bottom -->
          </div> <!-- suite-SalesForceAutomationTestSuite-class-failed -->
          <div class="suite-SalesForceAutomationTestSuite-class-failed">
            <div class="main-panel-header rounded-window-top">
              <img src="failed.png"/>
              <span class="class-name">com.SalesForce.tests.UserMenuTest</span>
            </div> <!-- main-panel-header rounded-window-top -->
            <div class="main-panel-content rounded-window-bottom">
              <div class="method">
                <div class="method-content">
                  <a name="TestCase6_MyProfileUserMenu">
                  </a> <!-- TestCase6_MyProfileUserMenu -->
                  <span class="method-name">TestCase6_MyProfileUserMenu</span>
                  <div class="stack-trace">org.openqa.selenium.TimeoutException: Expected condition failed: waiting for visibility of Proxy element for: DefaultElementLocator &apos;By.xpath: //a[contains(text(),&apos;About&apos;)]&apos; (tried for 30 second(s) with 500 milliseconds interval)
	at org.openqa.selenium.support.ui.WebDriverWait.timeoutException(WebDriverWait.java:95)
	at org.openqa.selenium.support.ui.FluentWait.until(FluentWait.java:272)
	at com.SalesForceApp.Base.BasePage.waituntilVisible(BasePage.java:83)
	at com.SalesForceApp.Base.BasePage.SwitchToContactInfoFrame(BasePage.java:159)
	at com.SalesForceApp.pages.UserMenuPages.MyProfileUserMenu.SwitchToFrameEditProfile(MyProfileUserMenu.java:45)
	at com.SalesForce.tests.UserMenuTest.TestCase6_MyProfileUserMenu(UserMenuTest.java:35)
	at java.base/java.util.ArrayList.forEach(ArrayList.java:1511)
Caused by: org.openqa.selenium.NoSuchElementException: no such element: Unable to locate element: {&quot;method&quot;:&quot;xpath&quot;,&quot;selector&quot;:&quot;//a[contains(text(),&apos;About&apos;)]&quot;}
  (Session info: chrome=97.0.4692.71)
For documentation on this error, please visit: https://www.seleniumhq.org/exceptions/no_such_element.html
Build info: version: &apos;3.141.59&apos;, revision: &apos;e82be7d358&apos;, time: &apos;2018-11-14T08:17:03&apos;
System info: host: &apos;tejal-home&apos;, ip: &apos;127.0.1.1&apos;, os.name: &apos;Linux&apos;, os.arch: &apos;amd64&apos;, os.version: &apos;4.15.0-167-generic&apos;, java.version: &apos;17&apos;
Driver info: org.openqa.selenium.chrome.ChromeDriver
Capabilities {acceptInsecureCerts: false, browserName: chrome, browserVersion: 97.0.4692.71, chrome: {chromedriverVersion: 97.0.4692.71 (adefa7837d02a..., userDataDir: /tmp/.com.google.Chrome.Y9Ufn5}, goog:chromeOptions: {debuggerAddress: localhost:39759}, javascriptEnabled: true, networkConnectionEnabled: false, pageLoadStrategy: normal, platform: LINUX, platformName: LINUX, proxy: Proxy(), setWindowRect: true, strictFileInteractability: false, timeouts: {implicit: 0, pageLoad: 300000, script: 30000}, unhandledPromptBehavior: dismiss and notify, webauthn:extension:credBlob: true, webauthn:extension:largeBlob: true, webauthn:virtualAuthenticators: true}
Session ID: 9aacc7787c57829004e8abbc27ba4508
*** Element info: {Using=xpath, value=//a[contains(text(),&apos;About&apos;)]}
	at org.openqa.selenium.remote.http.W3CHttpResponseCodec.createException(W3CHttpResponseCodec.java:187)
	at org.openqa.selenium.remote.http.W3CHttpResponseCodec.decode(W3CHttpResponseCodec.java:122)
	at org.openqa.selenium.remote.http.W3CHttpResponseCodec.decode(W3CHttpResponseCodec.java:49)
	at org.openqa.selenium.remote.HttpCommandExecutor.execute(HttpCommandExecutor.java:158)
	at org.openqa.selenium.remote.service.DriverCommandExecutor.execute(DriverCommandExecutor.java:83)
	at org.openqa.selenium.remote.RemoteWebDriver.execute(RemoteWebDriver.java:552)
	at org.openqa.selenium.remote.RemoteWebDriver.findElement(RemoteWebDriver.java:323)
	at org.openqa.selenium.remote.RemoteWebDriver.findElementByXPath(RemoteWebDriver.java:428)
	at org.openqa.selenium.By$ByXPath.findElement(By.java:353)
	at org.openqa.selenium.remote.RemoteWebDriver.findElement(RemoteWebDriver.java:315)
	at org.openqa.selenium.support.pagefactory.DefaultElementLocator.findElement(DefaultElementLocator.java:69)
	at org.openqa.selenium.support.pagefactory.internal.LocatingElementHandler.invoke(LocatingElementHandler.java:38)
	at jdk.proxy2/jdk.proxy2.$Proxy12.isDisplayed(Unknown Source)
	at org.openqa.selenium.support.ui.ExpectedConditions.elementIfVisible(ExpectedConditions.java:314)
	at org.openqa.selenium.support.ui.ExpectedConditions.access$000(ExpectedConditions.java:43)
	at org.openqa.selenium.support.ui.ExpectedConditions$10.apply(ExpectedConditions.java:300)
	at org.openqa.selenium.support.ui.ExpectedConditions$10.apply(ExpectedConditions.java:297)
	at org.openqa.selenium.support.ui.FluentWait.until(FluentWait.java:249)
	... 35 more
... Removed 35 stack frames
</div> <!-- stack-trace -->
                </div> <!-- method-content -->
              </div> <!-- method -->
            </div> <!-- main-panel-content rounded-window-bottom -->
          </div> <!-- suite-SalesForceAutomationTestSuite-class-failed -->
          <div class="suite-SalesForceAutomationTestSuite-class-passed">
            <div class="main-panel-header rounded-window-top">
              <img src="passed.png"/>
              <span class="class-name">com.SalesForce.tests.ContactsTest</span>
            </div> <!-- main-panel-header rounded-window-top -->
            <div class="main-panel-content rounded-window-bottom">
              <div class="method">
                <div class="method-content">
                  <a name="TestCase25_CreateNewContact">
                  </a> <!-- TestCase25_CreateNewContact -->
                  <span class="method-name">TestCase25_CreateNewContact</span>
                </div> <!-- method-content -->
              </div> <!-- method -->
              <div class="method">
                <div class="method-content">
                  <a name="TestCase26_NewViewContacts">
                  </a> <!-- TestCase26_NewViewContacts -->
                  <span class="method-name">TestCase26_NewViewContacts</span>
                </div> <!-- method-content -->
              </div> <!-- method -->
              <div class="method">
                <div class="method-content">
                  <a name="TestCase27_RecentCreatedContacts">
                  </a> <!-- TestCase27_RecentCreatedContacts -->
                  <span class="method-name">TestCase27_RecentCreatedContacts</span>
                </div> <!-- method-content -->
              </div> <!-- method -->
              <div class="method">
                <div class="method-content">
                  <a name="TestCase28_MyContactsView">
                  </a> <!-- TestCase28_MyContactsView -->
                  <span class="method-name">TestCase28_MyContactsView</span>
                </div> <!-- method-content -->
              </div> <!-- method -->
              <div class="method">
                <div class="method-content">
                  <a name="TestCase29_ViewContact">
                  </a> <!-- TestCase29_ViewContact -->
                  <span class="method-name">TestCase29_ViewContact</span>
                </div> <!-- method-content -->
              </div> <!-- method -->
              <div class="method">
                <div class="method-content">
                  <a name="TestCase30_NewViewError">
                  </a> <!-- TestCase30_NewViewError -->
                  <span class="method-name">TestCase30_NewViewError</span>
                </div> <!-- method-content -->
              </div> <!-- method -->
              <div class="method">
                <div class="method-content">
                  <a name="TestCase31_CheckCancelButton">
                  </a> <!-- TestCase31_CheckCancelButton -->
                  <span class="method-name">TestCase31_CheckCancelButton</span>
                </div> <!-- method-content -->
              </div> <!-- method -->
              <div class="method">
                <div class="method-content">
                  <a name="TestCase32_CheckSaveNewButton">
                  </a> <!-- TestCase32_CheckSaveNewButton -->
                  <span class="method-name">TestCase32_CheckSaveNewButton</span>
                </div> <!-- method-content -->
              </div> <!-- method -->
            </div> <!-- main-panel-content rounded-window-bottom -->
          </div> <!-- suite-SalesForceAutomationTestSuite-class-passed -->
          <div class="suite-SalesForceAutomationTestSuite-class-passed">
            <div class="main-panel-header rounded-window-top">
              <img src="passed.png"/>
              <span class="class-name">com.SalesForce.tests.LoginTest</span>
            </div> <!-- main-panel-header rounded-window-top -->
            <div class="main-panel-content rounded-window-bottom">
              <div class="method">
                <div class="method-content">
                  <a name="TestCase1_BlankPassword">
                  </a> <!-- TestCase1_BlankPassword -->
                  <span class="method-name">TestCase1_BlankPassword</span>
                </div> <!-- method-content -->
              </div> <!-- method -->
              <div class="method">
                <div class="method-content">
                  <a name="TestCase3_RememberedUsername">
                  </a> <!-- TestCase3_RememberedUsername -->
                  <span class="method-name">TestCase3_RememberedUsername</span>
                </div> <!-- method-content -->
              </div> <!-- method -->
              <div class="method">
                <div class="method-content">
                  <a name="TestCase4A_ForgotPassword">
                  </a> <!-- TestCase4A_ForgotPassword -->
                  <span class="method-name">TestCase4A_ForgotPassword</span>
                </div> <!-- method-content -->
              </div> <!-- method -->
              <div class="method">
                <div class="method-content">
                  <a name="TestCase4B_InvalidUsernamePassword">
                  </a> <!-- TestCase4B_InvalidUsernamePassword -->
                  <span class="method-name">TestCase4B_InvalidUsernamePassword</span>
                </div> <!-- method-content -->
              </div> <!-- method -->
            </div> <!-- main-panel-content rounded-window-bottom -->
          </div> <!-- suite-SalesForceAutomationTestSuite-class-passed -->
          <div class="suite-SalesForceAutomationTestSuite-class-passed">
            <div class="main-panel-header rounded-window-top">
              <img src="passed.png"/>
              <span class="class-name">com.SalesForce.tests.OppertunityTest</span>
            </div> <!-- main-panel-header rounded-window-top -->
            <div class="main-panel-content rounded-window-bottom">
              <div class="method">
                <div class="method-content">
                  <a name="TestCase15_OppertunityDropDown">
                  </a> <!-- TestCase15_OppertunityDropDown -->
                  <span class="method-name">TestCase15_OppertunityDropDown</span>
                </div> <!-- method-content -->
              </div> <!-- method -->
              <div class="method">
                <div class="method-content">
                  <a name="TestCase16_CreateOppertunity">
                  </a> <!-- TestCase16_CreateOppertunity -->
                  <span class="method-name">TestCase16_CreateOppertunity</span>
                </div> <!-- method-content -->
              </div> <!-- method -->
              <div class="method">
                <div class="method-content">
                  <a name="TestCase17_OppertunityPipelineReport">
                  </a> <!-- TestCase17_OppertunityPipelineReport -->
                  <span class="method-name">TestCase17_OppertunityPipelineReport</span>
                </div> <!-- method-content -->
              </div> <!-- method -->
              <div class="method">
                <div class="method-content">
                  <a name="TestCase18_StuckOppertunityReport">
                  </a> <!-- TestCase18_StuckOppertunityReport -->
                  <span class="method-name">TestCase18_StuckOppertunityReport</span>
                </div> <!-- method-content -->
              </div> <!-- method -->
              <div class="method">
                <div class="method-content">
                  <a name="TestCase19_OppertunitySummeryReport">
                  </a> <!-- TestCase19_OppertunitySummeryReport -->
                  <span class="method-name">TestCase19_OppertunitySummeryReport</span>
                </div> <!-- method-content -->
              </div> <!-- method -->
            </div> <!-- main-panel-content rounded-window-bottom -->
          </div> <!-- suite-SalesForceAutomationTestSuite-class-passed -->
          <div class="suite-SalesForceAutomationTestSuite-class-passed">
            <div class="main-panel-header rounded-window-top">
              <img src="passed.png"/>
              <span class="class-name">com.SalesForce.tests.AccountTest</span>
            </div> <!-- main-panel-header rounded-window-top -->
            <div class="main-panel-content rounded-window-bottom">
              <div class="method">
                <div class="method-content">
                  <a name="TestCase10_CreateNewAccount">
                  </a> <!-- TestCase10_CreateNewAccount -->
                  <span class="method-name">TestCase10_CreateNewAccount</span>
                </div> <!-- method-content -->
              </div> <!-- method -->
              <div class="method">
                <div class="method-content">
                  <a name="TestCase11_CreateNewView">
                  </a> <!-- TestCase11_CreateNewView -->
                  <span class="method-name">TestCase11_CreateNewView</span>
                </div> <!-- method-content -->
              </div> <!-- method -->
              <div class="method">
                <div class="method-content">
                  <a name="TestCase12_EditView">
                  </a> <!-- TestCase12_EditView -->
                  <span class="method-name">TestCase12_EditView</span>
                </div> <!-- method-content -->
              </div> <!-- method -->
              <div class="method">
                <div class="method-content">
                  <a name="TestCase13_MergeAccount">
                  </a> <!-- TestCase13_MergeAccount -->
                  <span class="method-name">TestCase13_MergeAccount</span>
                </div> <!-- method-content -->
              </div> <!-- method -->
            </div> <!-- main-panel-content rounded-window-bottom -->
          </div> <!-- suite-SalesForceAutomationTestSuite-class-passed -->
          <div class="suite-SalesForceAutomationTestSuite-class-passed">
            <div class="main-panel-header rounded-window-top">
              <img src="passed.png"/>
              <span class="class-name">com.SalesForce.tests.LeadsTest</span>
            </div> <!-- main-panel-header rounded-window-top -->
            <div class="main-panel-content rounded-window-bottom">
              <div class="method">
                <div class="method-content">
                  <a name="TestCase20_LeadTab">
                  </a> <!-- TestCase20_LeadTab -->
                  <span class="method-name">TestCase20_LeadTab</span>
                </div> <!-- method-content -->
              </div> <!-- method -->
              <div class="method">
                <div class="method-content">
                  <a name="TestCase21_LeadsSelectView">
                  </a> <!-- TestCase21_LeadsSelectView -->
                  <span class="method-name">TestCase21_LeadsSelectView</span>
                </div> <!-- method-content -->
              </div> <!-- method -->
              <div class="method">
                <div class="method-content">
                  <a name="TestCase22_LeadsDefaultView">
                  </a> <!-- TestCase22_LeadsDefaultView -->
                  <span class="method-name">TestCase22_LeadsDefaultView</span>
                </div> <!-- method-content -->
              </div> <!-- method -->
              <div class="method">
                <div class="method-content">
                  <a name="TestCase23_TodaysLead">
                  </a> <!-- TestCase23_TodaysLead -->
                  <span class="method-name">TestCase23_TodaysLead</span>
                </div> <!-- method-content -->
              </div> <!-- method -->
              <div class="method">
                <div class="method-content">
                  <a name="TestCase24_NewLead">
                  </a> <!-- TestCase24_NewLead -->
                  <span class="method-name">TestCase24_NewLead</span>
                </div> <!-- method-content -->
              </div> <!-- method -->
            </div> <!-- main-panel-content rounded-window-bottom -->
          </div> <!-- suite-SalesForceAutomationTestSuite-class-passed -->
          <div class="suite-SalesForceAutomationTestSuite-class-passed">
            <div class="main-panel-header rounded-window-top">
              <img src="passed.png"/>
              <span class="class-name">com.SalesForce.tests.RandomSceanarioTest</span>
            </div> <!-- main-panel-header rounded-window-top -->
            <div class="main-panel-content rounded-window-bottom">
              <div class="method">
                <div class="method-content">
                  <a name="TestCase33_FirstnameLastnameLink">
                  </a> <!-- TestCase33_FirstnameLastnameLink -->
                  <span class="method-name">TestCase33_FirstnameLastnameLink</span>
                </div> <!-- method-content -->
              </div> <!-- method -->
              <div class="method">
                <div class="method-content">
                  <a name="TestCase35_VerifyTabCustomization">
                  </a> <!-- TestCase35_VerifyTabCustomization -->
                  <span class="method-name">TestCase35_VerifyTabCustomization</span>
                </div> <!-- method-content -->
              </div> <!-- method -->
              <div class="method">
                <div class="method-content">
                  <a name="TestCase36_BlockEventCalender">
                  </a> <!-- TestCase36_BlockEventCalender -->
                  <span class="method-name">TestCase36_BlockEventCalender</span>
                </div> <!-- method-content -->
              </div> <!-- method -->
              <div class="method">
                <div class="method-content">
                  <a name="TestCase37_BlockEventWeek">
                  </a> <!-- TestCase37_BlockEventWeek -->
                  <span class="method-name">TestCase37_BlockEventWeek</span>
                </div> <!-- method-content -->
              </div> <!-- method -->
            </div> <!-- main-panel-content rounded-window-bottom -->
          </div> <!-- suite-SalesForceAutomationTestSuite-class-passed -->
          <div class="suite-SalesForceAutomationTestSuite-class-passed">
            <div class="main-panel-header rounded-window-top">
              <img src="passed.png"/>
              <span class="class-name">com.SalesForce.tests.UserMenuTest</span>
            </div> <!-- main-panel-header rounded-window-top -->
            <div class="main-panel-content rounded-window-bottom">
              <div class="method">
                <div class="method-content">
                  <a name="TestCase5_UserMenuDropdown">
                  </a> <!-- TestCase5_UserMenuDropdown -->
                  <span class="method-name">TestCase5_UserMenuDropdown</span>
                </div> <!-- method-content -->
              </div> <!-- method -->
              <div class="method">
                <div class="method-content">
                  <a name="TestCase7_MySettingUserMenu">
                  </a> <!-- TestCase7_MySettingUserMenu -->
                  <span class="method-name">TestCase7_MySettingUserMenu</span>
                </div> <!-- method-content -->
              </div> <!-- method -->
              <div class="method">
                <div class="method-content">
                  <a name="TestCase8_DeveloperConsole">
                  </a> <!-- TestCase8_DeveloperConsole -->
                  <span class="method-name">TestCase8_DeveloperConsole</span>
                </div> <!-- method-content -->
              </div> <!-- method -->
              <div class="method">
                <div class="method-content">
                  <a name="TestCase9_Logout">
                  </a> <!-- TestCase9_Logout -->
                  <span class="method-name">TestCase9_Logout</span>
                </div> <!-- method-content -->
              </div> <!-- method -->
            </div> <!-- main-panel-content rounded-window-bottom -->
          </div> <!-- suite-SalesForceAutomationTestSuite-class-passed -->
        </div> <!-- panel SalesForceAutomationTestSuite -->
        <div panel-name="test-xml-SalesForceAutomationTestSuite" class="panel">
          <div class="main-panel-header rounded-window-top">
            <span class="header-content">/home/tejal/eclipse-workspace/SalesForcePOMFramework/testng1.xml</span>
          </div> <!-- main-panel-header rounded-window-top -->
          <div class="main-panel-content rounded-window-bottom">
            <pre>
&lt;?xml version=&quot;1.0&quot; encoding=&quot;UTF-8&quot;?&gt;
&lt;!DOCTYPE suite SYSTEM &quot;https://testng.org/testng-1.0.dtd&quot;&gt;
&lt;suite name=&quot;SalesForceAutomationTestSuite&quot; guice-stage=&quot;DEVELOPMENT&quot; verbose=&quot;0&quot;&gt;
  &lt;test thread-count=&quot;5&quot; name=&quot;Test&quot; verbose=&quot;0&quot;&gt;
    &lt;parameter name=&quot;browser&quot; value=&quot;chrome&quot;/&gt;
    &lt;classes&gt;
      &lt;class name=&quot;com.SalesForce.tests.LoginTest&quot;/&gt;
      &lt;class name=&quot;com.SalesForce.tests.UserMenuTest&quot;/&gt;
      &lt;class name=&quot;com.SalesForce.tests.AccountTest&quot;/&gt;
      &lt;class name=&quot;com.SalesForce.tests.OppertunityTest&quot;/&gt;
      &lt;class name=&quot;com.SalesForce.tests.LeadsTest&quot;/&gt;
      &lt;class name=&quot;com.SalesForce.tests.ContactsTest&quot;/&gt;
      &lt;class name=&quot;com.SalesForce.tests.RandomSceanarioTest&quot;/&gt;
    &lt;/classes&gt;
  &lt;/test&gt; &lt;!-- Test --&gt;
&lt;/suite&gt; &lt;!-- SalesForceAutomationTestSuite --&gt;
            </pre>
          </div> <!-- main-panel-content rounded-window-bottom -->
        </div> <!-- panel -->
        <div panel-name="testlist-SalesForceAutomationTestSuite" class="panel">
          <div class="main-panel-header rounded-window-top">
            <span class="header-content">Tests for SalesForceAutomationTestSuite</span>
          </div> <!-- main-panel-header rounded-window-top -->
          <div class="main-panel-content rounded-window-bottom">
            <ul>
              <li>
                <span class="test-name">Test (7 classes)</span>
              </li>
            </ul>
          </div> <!-- main-panel-content rounded-window-bottom -->
        </div> <!-- panel -->
        <div panel-name="group-SalesForceAutomationTestSuite" class="panel">
          <div class="main-panel-header rounded-window-top">
            <span class="header-content">Groups for SalesForceAutomationTestSuite</span>
          </div> <!-- main-panel-header rounded-window-top -->
          <div class="main-panel-content rounded-window-bottom">
          </div> <!-- main-panel-content rounded-window-bottom -->
        </div> <!-- panel -->
        <div panel-name="times-SalesForceAutomationTestSuite" class="panel">
          <div class="main-panel-header rounded-window-top">
            <span class="header-content">Times for SalesForceAutomationTestSuite</span>
          </div> <!-- main-panel-header rounded-window-top -->
          <div class="main-panel-content rounded-window-bottom">
            <div class="times-div">
              <script type="text/javascript">
suiteTableInitFunctions.push('tableData_SalesForceAutomationTestSuite');
function tableData_SalesForceAutomationTestSuite() {
var data = new google.visualization.DataTable();
data.addColumn('number', 'Number');
data.addColumn('string', 'Method');
data.addColumn('string', 'Class');
data.addColumn('number', 'Time (ms)');
data.addRows(38);
data.setCell(0, 0, 0)
data.setCell(0, 1, 'TestCase6_MyProfileUserMenu')
data.setCell(0, 2, 'com.SalesForce.tests.UserMenuTest')
data.setCell(0, 3, 70242);
data.setCell(1, 0, 1)
data.setCell(1, 1, 'TestCase34_VerifyEditLastname')
data.setCell(1, 2, 'com.SalesForce.tests.RandomSceanarioTest')
data.setCell(1, 3, 70059);
data.setCell(2, 0, 2)
data.setCell(2, 1, 'TestCase35_VerifyTabCustomization')
data.setCell(2, 2, 'com.SalesForce.tests.RandomSceanarioTest')
data.setCell(2, 3, 51587);
data.setCell(3, 0, 3)
data.setCell(3, 1, 'TestCase14_CreateAccountReport')
data.setCell(3, 2, 'com.SalesForce.tests.AccountTest')
data.setCell(3, 3, 43204);
data.setCell(4, 0, 4)
data.setCell(4, 1, 'TestCase11_CreateNewView')
data.setCell(4, 2, 'com.SalesForce.tests.AccountTest')
data.setCell(4, 3, 18497);
data.setCell(5, 0, 5)
data.setCell(5, 1, 'TestCase13_MergeAccount')
data.setCell(5, 2, 'com.SalesForce.tests.AccountTest')
data.setCell(5, 3, 17906);
data.setCell(6, 0, 6)
data.setCell(6, 1, 'TestCase37_BlockEventWeek')
data.setCell(6, 2, 'com.SalesForce.tests.RandomSceanarioTest')
data.setCell(6, 3, 17669);
data.setCell(7, 0, 7)
data.setCell(7, 1, 'TestCase36_BlockEventCalender')
data.setCell(7, 2, 'com.SalesForce.tests.RandomSceanarioTest')
data.setCell(7, 3, 17283);
data.setCell(8, 0, 8)
data.setCell(8, 1, 'TestCase7_MySettingUserMenu')
data.setCell(8, 2, 'com.SalesForce.tests.UserMenuTest')
data.setCell(8, 3, 15797);
data.setCell(9, 0, 9)
data.setCell(9, 1, 'TestCase22_LeadsDefaultView')
data.setCell(9, 2, 'com.SalesForce.tests.LeadsTest')
data.setCell(9, 3, 14244);
data.setCell(10, 0, 10)
data.setCell(10, 1, 'TestCase16_CreateOppertunity')
data.setCell(10, 2, 'com.SalesForce.tests.OppertunityTest')
data.setCell(10, 3, 13092);
data.setCell(11, 0, 11)
data.setCell(11, 1, 'TestCase12_EditView')
data.setCell(11, 2, 'com.SalesForce.tests.AccountTest')
data.setCell(11, 3, 12802);
data.setCell(12, 0, 12)
data.setCell(12, 1, 'TestCase33_FirstnameLastnameLink')
data.setCell(12, 2, 'com.SalesForce.tests.RandomSceanarioTest')
data.setCell(12, 3, 12161);
data.setCell(13, 0, 13)
data.setCell(13, 1, 'TestCase10_CreateNewAccount')
data.setCell(13, 2, 'com.SalesForce.tests.AccountTest')
data.setCell(13, 3, 11648);
data.setCell(14, 0, 14)
data.setCell(14, 1, 'TestCase31_CheckCancelButton')
data.setCell(14, 2, 'com.SalesForce.tests.ContactsTest')
data.setCell(14, 3, 11533);
data.setCell(15, 0, 15)
data.setCell(15, 1, 'TestCase32_CheckSaveNewButton')
data.setCell(15, 2, 'com.SalesForce.tests.ContactsTest')
data.setCell(15, 3, 11265);
data.setCell(16, 0, 16)
data.setCell(16, 1, 'TestCase24_NewLead')
data.setCell(16, 2, 'com.SalesForce.tests.LeadsTest')
data.setCell(16, 3, 11069);
data.setCell(17, 0, 17)
data.setCell(17, 1, 'TestCase26_NewViewContacts')
data.setCell(17, 2, 'com.SalesForce.tests.ContactsTest')
data.setCell(17, 3, 10961);
data.setCell(18, 0, 18)
data.setCell(18, 1, 'TestCase28_MyContactsView')
data.setCell(18, 2, 'com.SalesForce.tests.ContactsTest')
data.setCell(18, 3, 10881);
data.setCell(19, 0, 19)
data.setCell(19, 1, 'TestCase25_CreateNewContact')
data.setCell(19, 2, 'com.SalesForce.tests.ContactsTest')
data.setCell(19, 3, 10767);
data.setCell(20, 0, 20)
data.setCell(20, 1, 'TestCase27_RecentCreatedContacts')
data.setCell(20, 2, 'com.SalesForce.tests.ContactsTest')
data.setCell(20, 3, 9925);
data.setCell(21, 0, 21)
data.setCell(21, 1, 'TestCase19_OppertunitySummeryReport')
data.setCell(21, 2, 'com.SalesForce.tests.OppertunityTest')
data.setCell(21, 3, 9806);
data.setCell(22, 0, 22)
data.setCell(22, 1, 'TestCase3_RememberedUsername')
data.setCell(22, 2, 'com.SalesForce.tests.LoginTest')
data.setCell(22, 3, 9520);
data.setCell(23, 0, 23)
data.setCell(23, 1, 'TestCase20_LeadTab')
data.setCell(23, 2, 'com.SalesForce.tests.LeadsTest')
data.setCell(23, 3, 9406);
data.setCell(24, 0, 24)
data.setCell(24, 1, 'TestCase9_Logout')
data.setCell(24, 2, 'com.SalesForce.tests.UserMenuTest')
data.setCell(24, 3, 9205);
data.setCell(25, 0, 25)
data.setCell(25, 1, 'TestCase18_StuckOppertunityReport')
data.setCell(25, 2, 'com.SalesForce.tests.OppertunityTest')
data.setCell(25, 3, 8932);
data.setCell(26, 0, 26)
data.setCell(26, 1, 'TestCase30_NewViewError')
data.setCell(26, 2, 'com.SalesForce.tests.ContactsTest')
data.setCell(26, 3, 8924);
data.setCell(27, 0, 27)
data.setCell(27, 1, 'TestCase15_OppertunityDropDown')
data.setCell(27, 2, 'com.SalesForce.tests.OppertunityTest')
data.setCell(27, 3, 8751);
data.setCell(28, 0, 28)
data.setCell(28, 1, 'TestCase29_ViewContact')
data.setCell(28, 2, 'com.SalesForce.tests.ContactsTest')
data.setCell(28, 3, 8570);
data.setCell(29, 0, 29)
data.setCell(29, 1, 'TestCase23_TodaysLead')
data.setCell(29, 2, 'com.SalesForce.tests.LeadsTest')
data.setCell(29, 3, 8398);
data.setCell(30, 0, 30)
data.setCell(30, 1, 'TestCase21_LeadsSelectView')
data.setCell(30, 2, 'com.SalesForce.tests.LeadsTest')
data.setCell(30, 3, 8378);
data.setCell(31, 0, 31)
data.setCell(31, 1, 'TestCase17_OppertunityPipelineReport')
data.setCell(31, 2, 'com.SalesForce.tests.OppertunityTest')
data.setCell(31, 3, 8221);
data.setCell(32, 0, 32)
data.setCell(32, 1, 'TestCase8_DeveloperConsole')
data.setCell(32, 2, 'com.SalesForce.tests.UserMenuTest')
data.setCell(32, 3, 7525);
data.setCell(33, 0, 33)
data.setCell(33, 1, 'TestCase5_UserMenuDropdown')
data.setCell(33, 2, 'com.SalesForce.tests.UserMenuTest')
data.setCell(33, 3, 7256);
data.setCell(34, 0, 34)
data.setCell(34, 1, 'TestCase2_ValidUsernamePassword')
data.setCell(34, 2, 'com.SalesForce.tests.LoginTest')
data.setCell(34, 3, 6029);
data.setCell(35, 0, 35)
data.setCell(35, 1, 'TestCase1_BlankPassword')
data.setCell(35, 2, 'com.SalesForce.tests.LoginTest')
data.setCell(35, 3, 2194);
data.setCell(36, 0, 36)
data.setCell(36, 1, 'TestCase4B_InvalidUsernamePassword')
data.setCell(36, 2, 'com.SalesForce.tests.LoginTest')
data.setCell(36, 3, 2107);
data.setCell(37, 0, 37)
data.setCell(37, 1, 'TestCase4A_ForgotPassword')
data.setCell(37, 2, 'com.SalesForce.tests.LoginTest')
data.setCell(37, 3, 1468);
window.suiteTableData['SalesForceAutomationTestSuite']= { tableData: data, tableDiv: 'times-div-SalesForceAutomationTestSuite'}
return data;
}
              </script>
              <span class="suite-total-time">Total running time: 9 minutes</span>
              <div id="times-div-SalesForceAutomationTestSuite">
              </div> <!-- times-div-SalesForceAutomationTestSuite -->
            </div> <!-- times-div -->
          </div> <!-- main-panel-content rounded-window-bottom -->
        </div> <!-- panel -->
        <div panel-name="reporter-SalesForceAutomationTestSuite" class="panel">
          <div class="main-panel-header rounded-window-top">
            <span class="header-content">Reporter output for SalesForceAutomationTestSuite</span>
          </div> <!-- main-panel-header rounded-window-top -->
          <div class="main-panel-content rounded-window-bottom">
          </div> <!-- main-panel-content rounded-window-bottom -->
        </div> <!-- panel -->
        <div panel-name="ignored-methods-SalesForceAutomationTestSuite" class="panel">
          <div class="main-panel-header rounded-window-top">
            <span class="header-content">12 ignored methods</span>
          </div> <!-- main-panel-header rounded-window-top -->
          <div class="main-panel-content rounded-window-bottom">
            <div class="ignored-class-div">
              <span class="ignored-class-name">com.SalesForce.tests.ContactsTest</span>
              <div class="ignored-methods-div">
                <span class="ignored-method-name">endUp</span>
                <br/>
                <span class="ignored-method-name">setUp</span>
                <br/>
              </div> <!-- ignored-methods-div -->
            </div> <!-- ignored-class-div -->
            <div class="ignored-class-div">
              <span class="ignored-class-name">com.SalesForce.tests.OppertunityTest</span>
              <div class="ignored-methods-div">
                <span class="ignored-method-name">endUp</span>
                <br/>
                <span class="ignored-method-name">setUp</span>
                <br/>
              </div> <!-- ignored-methods-div -->
            </div> <!-- ignored-class-div -->
            <div class="ignored-class-div">
              <span class="ignored-class-name">com.SalesForce.tests.LeadsTest</span>
              <div class="ignored-methods-div">
                <span class="ignored-method-name">endUp</span>
                <br/>
                <span class="ignored-method-name">setUp</span>
                <br/>
              </div> <!-- ignored-methods-div -->
            </div> <!-- ignored-class-div -->
            <div class="ignored-class-div">
              <span class="ignored-class-name">com.SalesForce.tests.AccountTest</span>
              <div class="ignored-methods-div">
                <span class="ignored-method-name">endUp</span>
                <br/>
                <span class="ignored-method-name">setUp</span>
                <br/>
              </div> <!-- ignored-methods-div -->
            </div> <!-- ignored-class-div -->
            <div class="ignored-class-div">
              <span class="ignored-class-name">com.SalesForce.tests.RandomSceanarioTest</span>
              <div class="ignored-methods-div">
                <span class="ignored-method-name">endUp</span>
                <br/>
                <span class="ignored-method-name">setUp</span>
                <br/>
              </div> <!-- ignored-methods-div -->
            </div> <!-- ignored-class-div -->
            <div class="ignored-class-div">
              <span class="ignored-class-name">com.SalesForce.tests.UserMenuTest</span>
              <div class="ignored-methods-div">
                <span class="ignored-method-name">endUp</span>
                <br/>
                <span class="ignored-method-name">setUp</span>
                <br/>
              </div> <!-- ignored-methods-div -->
            </div> <!-- ignored-class-div -->
          </div> <!-- main-panel-content rounded-window-bottom -->
        </div> <!-- panel -->
        <div panel-name="chronological-SalesForceAutomationTestSuite" class="panel">
          <div class="main-panel-header rounded-window-top">
            <span class="header-content">Methods in chronological order</span>
          </div> <!-- main-panel-header rounded-window-top -->
          <div class="main-panel-content rounded-window-bottom">
            <div class="chronological-class">
              <div class="chronological-class-name">com.SalesForce.tests.LoginTest</div> <!-- chronological-class-name -->
              <div class="configuration-test before">
                <span class="method-name">setUp</span>
                <span class="method-start">0 ms</span>
              </div> <!-- configuration-test before -->
              <div class="configuration-method before">
                <span class="method-name">initialSetUp(chrome, public void com.SalesForce.tests.LoginTest.TestCase1_BlankPassword())</span>
                <span class="method-start">258 ms</span>
              </div> <!-- configuration-method before -->
              <div class="test-method">
                <span class="method-name">TestCase1_BlankPassword</span>
                <span class="method-start">4236 ms</span>
              </div> <!-- test-method -->
              <div class="configuration-method after">
                <span class="method-name">tearDown([TestResult name=TestCase1_BlankPassword status=SUCCESS method=LoginTest.TestCase1_BlankPassword()[p...)</span>
                <span class="method-start">6432 ms</span>
              </div> <!-- configuration-method after -->
              <div class="configuration-method before">
                <span class="method-name">initialSetUp(chrome, public void com.SalesForce.tests.LoginTest.TestCase2_ValidUsernamePassword())</span>
                <span class="method-start">6579 ms</span>
              </div> <!-- configuration-method before -->
              <div class="test-method">
                <img src="failed.png">
                </img>
                <span class="method-name">TestCase2_ValidUsernamePassword</span>
                <span class="method-start">9643 ms</span>
              </div> <!-- test-method -->
              <div class="configuration-method after">
                <span class="method-name">tearDown([TestResult name=TestCase2_ValidUsernamePassword status=FAILURE method=LoginTest.TestCase2_ValidUser...)</span>
                <span class="method-start">15698 ms</span>
              </div> <!-- configuration-method after -->
              <div class="configuration-method before">
                <span class="method-name">initialSetUp(chrome, public void com.SalesForce.tests.LoginTest.TestCase3_RememberedUsername())</span>
                <span class="method-start">16447 ms</span>
              </div> <!-- configuration-method before -->
              <div class="test-method">
                <span class="method-name">TestCase3_RememberedUsername</span>
                <span class="method-start">18710 ms</span>
              </div> <!-- test-method -->
              <div class="configuration-method after">
                <span class="method-name">tearDown([TestResult name=TestCase3_RememberedUsername status=SUCCESS method=LoginTest.TestCase3_RememberedUs...)</span>
                <span class="method-start">28231 ms</span>
              </div> <!-- configuration-method after -->
              <div class="configuration-method before">
                <span class="method-name">initialSetUp(chrome, public void com.SalesForce.tests.LoginTest.TestCase4A_ForgotPassword())</span>
                <span class="method-start">28372 ms</span>
              </div> <!-- configuration-method before -->
              <div class="test-method">
                <span class="method-name">TestCase4A_ForgotPassword</span>
                <span class="method-start">30729 ms</span>
              </div> <!-- test-method -->
              <div class="configuration-method after">
                <span class="method-name">tearDown([TestResult name=TestCase4A_ForgotPassword status=SUCCESS method=LoginTest.TestCase4A_ForgotPassword...)</span>
                <span class="method-start">32198 ms</span>
              </div> <!-- configuration-method after -->
              <div class="configuration-method before">
                <span class="method-name">initialSetUp(chrome, public void com.SalesForce.tests.LoginTest.TestCase4B_InvalidUsernamePassword())</span>
                <span class="method-start">32327 ms</span>
              </div> <!-- configuration-method before -->
              <div class="test-method">
                <span class="method-name">TestCase4B_InvalidUsernamePassword</span>
                <span class="method-start">34831 ms</span>
              </div> <!-- test-method -->
              <div class="configuration-method after">
                <span class="method-name">tearDown([TestResult name=TestCase4B_InvalidUsernamePassword status=SUCCESS method=LoginTest.TestCase4B_Inval...)</span>
                <span class="method-start">36938 ms</span>
              </div> <!-- configuration-method after -->
            </div> <!-- chronological-class -->
            <div class="chronological-class">
              <div class="chronological-class-name">com.SalesForce.tests.UserMenuTest</div> <!-- chronological-class-name -->
              <div class="configuration-method before">
                <span class="method-name">initialSetUp(chrome, public void com.SalesForce.tests.UserMenuTest.TestCase5_UserMenuDropdown())</span>
                <span class="method-start">37071 ms</span>
              </div> <!-- configuration-method before -->
              <div class="test-method">
                <span class="method-name">TestCase5_UserMenuDropdown</span>
                <span class="method-start">39302 ms</span>
              </div> <!-- test-method -->
              <div class="configuration-method after">
                <span class="method-name">tearDown([TestResult name=TestCase5_UserMenuDropdown status=SUCCESS method=UserMenuTest.TestCase5_UserMenuDro...)</span>
                <span class="method-start">46558 ms</span>
              </div> <!-- configuration-method after -->
              <div class="configuration-method before">
                <span class="method-name">initialSetUp(chrome, public void com.SalesForce.tests.UserMenuTest.TestCase6_MyProfileUserMenu())</span>
                <span class="method-start">46694 ms</span>
              </div> <!-- configuration-method before -->
              <div class="test-method">
                <img src="failed.png">
                </img>
                <span class="method-name">TestCase6_MyProfileUserMenu</span>
                <span class="method-start">48934 ms</span>
              </div> <!-- test-method -->
              <div class="configuration-method after">
                <span class="method-name">tearDown([TestResult name=TestCase6_MyProfileUserMenu status=FAILURE method=UserMenuTest.TestCase6_MyProfileU...)</span>
                <span class="method-start">119177 ms</span>
              </div> <!-- configuration-method after -->
              <div class="configuration-method before">
                <span class="method-name">initialSetUp(chrome, public void com.SalesForce.tests.UserMenuTest.TestCase7_MySettingUserMenu())</span>
                <span class="method-start">119473 ms</span>
              </div> <!-- configuration-method before -->
              <div class="test-method">
                <span class="method-name">TestCase7_MySettingUserMenu</span>
                <span class="method-start">121901 ms</span>
              </div> <!-- test-method -->
              <div class="configuration-method after">
                <span class="method-name">tearDown([TestResult name=TestCase7_MySettingUserMenu status=SUCCESS method=UserMenuTest.TestCase7_MySettingU...)</span>
                <span class="method-start">137698 ms</span>
              </div> <!-- configuration-method after -->
              <div class="configuration-method before">
                <span class="method-name">initialSetUp(chrome, public void com.SalesForce.tests.UserMenuTest.TestCase8_DeveloperConsole())</span>
                <span class="method-start">137840 ms</span>
              </div> <!-- configuration-method before -->
              <div class="test-method">
                <span class="method-name">TestCase8_DeveloperConsole</span>
                <span class="method-start">140131 ms</span>
              </div> <!-- test-method -->
              <div class="configuration-method after">
                <span class="method-name">tearDown([TestResult name=TestCase8_DeveloperConsole status=SUCCESS method=UserMenuTest.TestCase8_DeveloperCo...)</span>
                <span class="method-start">147656 ms</span>
              </div> <!-- configuration-method after -->
              <div class="configuration-method before">
                <span class="method-name">initialSetUp(chrome, public void com.SalesForce.tests.UserMenuTest.TestCase9_Logout())</span>
                <span class="method-start">147835 ms</span>
              </div> <!-- configuration-method before -->
              <div class="test-method">
                <span class="method-name">TestCase9_Logout</span>
                <span class="method-start">150180 ms</span>
              </div> <!-- test-method -->
              <div class="configuration-method after">
                <span class="method-name">tearDown([TestResult name=TestCase9_Logout status=SUCCESS method=UserMenuTest.TestCase9_Logout()[pri:0, insta...)</span>
                <span class="method-start">159385 ms</span>
              </div> <!-- configuration-method after -->
            </div> <!-- chronological-class -->
            <div class="chronological-class">
              <div class="chronological-class-name">com.SalesForce.tests.AccountTest</div> <!-- chronological-class-name -->
              <div class="configuration-method before">
                <span class="method-name">initialSetUp(chrome, public void com.SalesForce.tests.AccountTest.TestCase10_CreateNewAccount())</span>
                <span class="method-start">159569 ms</span>
              </div> <!-- configuration-method before -->
              <div class="test-method">
                <span class="method-name">TestCase10_CreateNewAccount</span>
                <span class="method-start">161743 ms</span>
              </div> <!-- test-method -->
              <div class="configuration-method after">
                <span class="method-name">tearDown([TestResult name=TestCase10_CreateNewAccount status=SUCCESS method=AccountTest.TestCase10_CreateNewA...)</span>
                <span class="method-start">173392 ms</span>
              </div> <!-- configuration-method after -->
              <div class="configuration-method before">
                <span class="method-name">initialSetUp(chrome, public void com.SalesForce.tests.AccountTest.TestCase13_MergeAccount())</span>
                <span class="method-start">173528 ms</span>
              </div> <!-- configuration-method before -->
              <div class="test-method">
                <span class="method-name">TestCase13_MergeAccount</span>
                <span class="method-start">175624 ms</span>
              </div> <!-- test-method -->
              <div class="configuration-method after">
                <span class="method-name">tearDown([TestResult name=TestCase13_MergeAccount status=SUCCESS method=AccountTest.TestCase13_MergeAccount()...)</span>
                <span class="method-start">193530 ms</span>
              </div> <!-- configuration-method after -->
              <div class="configuration-method before">
                <span class="method-name">initialSetUp(chrome, public void com.SalesForce.tests.AccountTest.TestCase14_CreateAccountReport())</span>
                <span class="method-start">193707 ms</span>
              </div> <!-- configuration-method before -->
              <div class="test-method">
                <img src="failed.png">
                </img>
                <span class="method-name">TestCase14_CreateAccountReport</span>
                <span class="method-start">195877 ms</span>
              </div> <!-- test-method -->
              <div class="configuration-method after">
                <span class="method-name">tearDown([TestResult name=TestCase14_CreateAccountReport status=FAILURE method=AccountTest.TestCase14_CreateA...)</span>
                <span class="method-start">239082 ms</span>
              </div> <!-- configuration-method after -->
              <div class="configuration-method before">
                <span class="method-name">initialSetUp(chrome, public void com.SalesForce.tests.AccountTest.TestCase11_CreateNewView())</span>
                <span class="method-start">239344 ms</span>
              </div> <!-- configuration-method before -->
              <div class="test-method">
                <span class="method-name">TestCase11_CreateNewView</span>
                <span class="method-start">241507 ms</span>
              </div> <!-- test-method -->
              <div class="configuration-method after">
                <span class="method-name">tearDown([TestResult name=TestCase11_CreateNewView status=SUCCESS method=AccountTest.TestCase11_CreateNewView...)</span>
                <span class="method-start">260005 ms</span>
              </div> <!-- configuration-method after -->
              <div class="configuration-method before">
                <span class="method-name">initialSetUp(chrome, public void com.SalesForce.tests.AccountTest.TestCase12_EditView())</span>
                <span class="method-start">260187 ms</span>
              </div> <!-- configuration-method before -->
              <div class="test-method">
                <span class="method-name">TestCase12_EditView</span>
                <span class="method-start">262169 ms</span>
              </div> <!-- test-method -->
              <div class="configuration-method after">
                <span class="method-name">tearDown([TestResult name=TestCase12_EditView status=SUCCESS method=AccountTest.TestCase12_EditView()[pri:50,...)</span>
                <span class="method-start">274971 ms</span>
              </div> <!-- configuration-method after -->
            </div> <!-- chronological-class -->
            <div class="chronological-class">
              <div class="chronological-class-name">com.SalesForce.tests.OppertunityTest</div> <!-- chronological-class-name -->
              <div class="configuration-method before">
                <span class="method-name">initialSetUp(chrome, public void com.SalesForce.tests.OppertunityTest.TestCase15_OppertunityDropDown())</span>
                <span class="method-start">275161 ms</span>
              </div> <!-- configuration-method before -->
              <div class="test-method">
                <span class="method-name">TestCase15_OppertunityDropDown</span>
                <span class="method-start">277119 ms</span>
              </div> <!-- test-method -->
              <div class="configuration-method after">
                <span class="method-name">tearDown([TestResult name=TestCase15_OppertunityDropDown status=SUCCESS method=OppertunityTest.TestCase15_Opp...)</span>
                <span class="method-start">285871 ms</span>
              </div> <!-- configuration-method after -->
              <div class="configuration-method before">
                <span class="method-name">initialSetUp(chrome, public void com.SalesForce.tests.OppertunityTest.TestCase16_CreateOppertunity())</span>
                <span class="method-start">286048 ms</span>
              </div> <!-- configuration-method before -->
              <div class="test-method">
                <span class="method-name">TestCase16_CreateOppertunity</span>
                <span class="method-start">288176 ms</span>
              </div> <!-- test-method -->
              <div class="configuration-method after">
                <span class="method-name">tearDown([TestResult name=TestCase16_CreateOppertunity status=SUCCESS method=OppertunityTest.TestCase16_Creat...)</span>
                <span class="method-start">301268 ms</span>
              </div> <!-- configuration-method after -->
              <div class="configuration-method before">
                <span class="method-name">initialSetUp(chrome, public void com.SalesForce.tests.OppertunityTest.TestCase17_OppertunityPipelineReport())</span>
                <span class="method-start">301453 ms</span>
              </div> <!-- configuration-method before -->
              <div class="test-method">
                <span class="method-name">TestCase17_OppertunityPipelineReport</span>
                <span class="method-start">304634 ms</span>
              </div> <!-- test-method -->
              <div class="configuration-method after">
                <span class="method-name">tearDown([TestResult name=TestCase17_OppertunityPipelineReport status=SUCCESS method=OppertunityTest.TestCase...)</span>
                <span class="method-start">312856 ms</span>
              </div> <!-- configuration-method after -->
              <div class="configuration-method before">
                <span class="method-name">initialSetUp(chrome, public void com.SalesForce.tests.OppertunityTest.TestCase18_StuckOppertunityReport())</span>
                <span class="method-start">312991 ms</span>
              </div> <!-- configuration-method before -->
              <div class="test-method">
                <span class="method-name">TestCase18_StuckOppertunityReport</span>
                <span class="method-start">315992 ms</span>
              </div> <!-- test-method -->
              <div class="configuration-method after">
                <span class="method-name">tearDown([TestResult name=TestCase18_StuckOppertunityReport status=SUCCESS method=OppertunityTest.TestCase18_...)</span>
                <span class="method-start">324924 ms</span>
              </div> <!-- configuration-method after -->
              <div class="configuration-method before">
                <span class="method-name">initialSetUp(chrome, public void com.SalesForce.tests.OppertunityTest.TestCase19_OppertunitySummeryReport())</span>
                <span class="method-start">325061 ms</span>
              </div> <!-- configuration-method before -->
              <div class="test-method">
                <span class="method-name">TestCase19_OppertunitySummeryReport</span>
                <span class="method-start">327073 ms</span>
              </div> <!-- test-method -->
              <div class="configuration-method after">
                <span class="method-name">tearDown([TestResult name=TestCase19_OppertunitySummeryReport status=SUCCESS method=OppertunityTest.TestCase1...)</span>
                <span class="method-start">336879 ms</span>
              </div> <!-- configuration-method after -->
            </div> <!-- chronological-class -->
            <div class="chronological-class">
              <div class="chronological-class-name">com.SalesForce.tests.LeadsTest</div> <!-- chronological-class-name -->
              <div class="configuration-method before">
                <span class="method-name">initialSetUp(chrome, public void com.SalesForce.tests.LeadsTest.TestCase20_LeadTab())</span>
                <span class="method-start">337054 ms</span>
              </div> <!-- configuration-method before -->
              <div class="test-method">
                <span class="method-name">TestCase20_LeadTab</span>
                <span class="method-start">339019 ms</span>
              </div> <!-- test-method -->
              <div class="configuration-method after">
                <span class="method-name">tearDown([TestResult name=TestCase20_LeadTab status=SUCCESS method=LeadsTest.TestCase20_LeadTab()[pri:0, inst...)</span>
                <span class="method-start">348425 ms</span>
              </div> <!-- configuration-method after -->
              <div class="configuration-method before">
                <span class="method-name">initialSetUp(chrome, public void com.SalesForce.tests.LeadsTest.TestCase21_LeadsSelectView())</span>
                <span class="method-start">348564 ms</span>
              </div> <!-- configuration-method before -->
              <div class="test-method">
                <span class="method-name">TestCase21_LeadsSelectView</span>
                <span class="method-start">350579 ms</span>
              </div> <!-- test-method -->
              <div class="configuration-method after">
                <span class="method-name">tearDown([TestResult name=TestCase21_LeadsSelectView status=SUCCESS method=LeadsTest.TestCase21_LeadsSelectVi...)</span>
                <span class="method-start">358957 ms</span>
              </div> <!-- configuration-method after -->
              <div class="configuration-method before">
                <span class="method-name">initialSetUp(chrome, public void com.SalesForce.tests.LeadsTest.TestCase22_LeadsDefaultView())</span>
                <span class="method-start">359045 ms</span>
              </div> <!-- configuration-method before -->
              <div class="test-method">
                <span class="method-name">TestCase22_LeadsDefaultView</span>
                <span class="method-start">361081 ms</span>
              </div> <!-- test-method -->
              <div class="configuration-method after">
                <span class="method-name">tearDown([TestResult name=TestCase22_LeadsDefaultView status=SUCCESS method=LeadsTest.TestCase22_LeadsDefault...)</span>
                <span class="method-start">375326 ms</span>
              </div> <!-- configuration-method after -->
              <div class="configuration-method before">
                <span class="method-name">initialSetUp(chrome, public void com.SalesForce.tests.LeadsTest.TestCase23_TodaysLead())</span>
                <span class="method-start">375465 ms</span>
              </div> <!-- configuration-method before -->
              <div class="test-method">
                <span class="method-name">TestCase23_TodaysLead</span>
                <span class="method-start">377383 ms</span>
              </div> <!-- test-method -->
              <div class="configuration-method after">
                <span class="method-name">tearDown([TestResult name=TestCase23_TodaysLead status=SUCCESS method=LeadsTest.TestCase23_TodaysLead()[pri:0...)</span>
                <span class="method-start">385781 ms</span>
              </div> <!-- configuration-method after -->
              <div class="configuration-method before">
                <span class="method-name">initialSetUp(chrome, public void com.SalesForce.tests.LeadsTest.TestCase24_NewLead())</span>
                <span class="method-start">385917 ms</span>
              </div> <!-- configuration-method before -->
              <div class="test-method">
                <span class="method-name">TestCase24_NewLead</span>
                <span class="method-start">387872 ms</span>
              </div> <!-- test-method -->
              <div class="configuration-method after">
                <span class="method-name">tearDown([TestResult name=TestCase24_NewLead status=SUCCESS method=LeadsTest.TestCase24_NewLead()[pri:0, inst...)</span>
                <span class="method-start">398942 ms</span>
              </div> <!-- configuration-method after -->
            </div> <!-- chronological-class -->
            <div class="chronological-class">
              <div class="chronological-class-name">com.SalesForce.tests.ContactsTest</div> <!-- chronological-class-name -->
              <div class="configuration-method before">
                <span class="method-name">initialSetUp(chrome, public void com.SalesForce.tests.ContactsTest.TestCase25_CreateNewContact())</span>
                <span class="method-start">399079 ms</span>
              </div> <!-- configuration-method before -->
              <div class="test-method">
                <span class="method-name">TestCase25_CreateNewContact</span>
                <span class="method-start">400870 ms</span>
              </div> <!-- test-method -->
              <div class="configuration-method after">
                <span class="method-name">tearDown([TestResult name=TestCase25_CreateNewContact status=SUCCESS method=ContactsTest.TestCase25_CreateNew...)</span>
                <span class="method-start">411637 ms</span>
              </div> <!-- configuration-method after -->
              <div class="configuration-method before">
                <span class="method-name">initialSetUp(chrome, public void com.SalesForce.tests.ContactsTest.TestCase26_NewViewContacts())</span>
                <span class="method-start">411767 ms</span>
              </div> <!-- configuration-method before -->
              <div class="test-method">
                <span class="method-name">TestCase26_NewViewContacts</span>
                <span class="method-start">413853 ms</span>
              </div> <!-- test-method -->
              <div class="configuration-method after">
                <span class="method-name">tearDown([TestResult name=TestCase26_NewViewContacts status=SUCCESS method=ContactsTest.TestCase26_NewViewCon...)</span>
                <span class="method-start">424814 ms</span>
              </div> <!-- configuration-method after -->
              <div class="configuration-method before">
                <span class="method-name">initialSetUp(chrome, public void com.SalesForce.tests.ContactsTest.TestCase27_RecentCreatedContacts())</span>
                <span class="method-start">424950 ms</span>
              </div> <!-- configuration-method before -->
              <div class="test-method">
                <span class="method-name">TestCase27_RecentCreatedContacts</span>
                <span class="method-start">426778 ms</span>
              </div> <!-- test-method -->
              <div class="configuration-method after">
                <span class="method-name">tearDown([TestResult name=TestCase27_RecentCreatedContacts status=SUCCESS method=ContactsTest.TestCase27_Rece...)</span>
                <span class="method-start">436703 ms</span>
              </div> <!-- configuration-method after -->
              <div class="configuration-method before">
                <span class="method-name">initialSetUp(chrome, public void com.SalesForce.tests.ContactsTest.TestCase28_MyContactsView())</span>
                <span class="method-start">436884 ms</span>
              </div> <!-- configuration-method before -->
              <div class="test-method">
                <span class="method-name">TestCase28_MyContactsView</span>
                <span class="method-start">438750 ms</span>
              </div> <!-- test-method -->
              <div class="configuration-method after">
                <span class="method-name">tearDown([TestResult name=TestCase28_MyContactsView status=SUCCESS method=ContactsTest.TestCase28_MyContactsV...)</span>
                <span class="method-start">449632 ms</span>
              </div> <!-- configuration-method after -->
              <div class="configuration-method before">
                <span class="method-name">initialSetUp(chrome, public void com.SalesForce.tests.ContactsTest.TestCase29_ViewContact())</span>
                <span class="method-start">449772 ms</span>
              </div> <!-- configuration-method before -->
              <div class="test-method">
                <span class="method-name">TestCase29_ViewContact</span>
                <span class="method-start">451624 ms</span>
              </div> <!-- test-method -->
              <div class="configuration-method after">
                <span class="method-name">tearDown([TestResult name=TestCase29_ViewContact status=SUCCESS method=ContactsTest.TestCase29_ViewContact()[...)</span>
                <span class="method-start">460195 ms</span>
              </div> <!-- configuration-method after -->
              <div class="configuration-method before">
                <span class="method-name">initialSetUp(chrome, public void com.SalesForce.tests.ContactsTest.TestCase30_NewViewError())</span>
                <span class="method-start">460328 ms</span>
              </div> <!-- configuration-method before -->
              <div class="test-method">
                <span class="method-name">TestCase30_NewViewError</span>
                <span class="method-start">462129 ms</span>
              </div> <!-- test-method -->
              <div class="configuration-method after">
                <span class="method-name">tearDown([TestResult name=TestCase30_NewViewError status=SUCCESS method=ContactsTest.TestCase30_NewViewError(...)</span>
                <span class="method-start">471054 ms</span>
              </div> <!-- configuration-method after -->
              <div class="configuration-method before">
                <span class="method-name">initialSetUp(chrome, public void com.SalesForce.tests.ContactsTest.TestCase31_CheckCancelButton())</span>
                <span class="method-start">471135 ms</span>
              </div> <!-- configuration-method before -->
              <div class="test-method">
                <span class="method-name">TestCase31_CheckCancelButton</span>
                <span class="method-start">472950 ms</span>
              </div> <!-- test-method -->
              <div class="configuration-method after">
                <span class="method-name">tearDown([TestResult name=TestCase31_CheckCancelButton status=SUCCESS method=ContactsTest.TestCase31_CheckCan...)</span>
                <span class="method-start">484484 ms</span>
              </div> <!-- configuration-method after -->
              <div class="configuration-method before">
                <span class="method-name">initialSetUp(chrome, public void com.SalesForce.tests.ContactsTest.TestCase32_CheckSaveNewButton())</span>
                <span class="method-start">484617 ms</span>
              </div> <!-- configuration-method before -->
              <div class="test-method">
                <span class="method-name">TestCase32_CheckSaveNewButton</span>
                <span class="method-start">486570 ms</span>
              </div> <!-- test-method -->
              <div class="configuration-method after">
                <span class="method-name">tearDown([TestResult name=TestCase32_CheckSaveNewButton status=SUCCESS method=ContactsTest.TestCase32_CheckSa...)</span>
                <span class="method-start">497835 ms</span>
              </div> <!-- configuration-method after -->
            </div> <!-- chronological-class -->
            <div class="chronological-class">
              <div class="chronological-class-name">com.SalesForce.tests.RandomSceanarioTest</div> <!-- chronological-class-name -->
              <div class="configuration-method before">
                <span class="method-name">initialSetUp(chrome, public void com.SalesForce.tests.RandomSceanarioTest.TestCase33_FirstnameLastnameLink())</span>
                <span class="method-start">497975 ms</span>
              </div> <!-- configuration-method before -->
              <div class="test-method">
                <span class="method-name">TestCase33_FirstnameLastnameLink</span>
                <span class="method-start">499747 ms</span>
              </div> <!-- test-method -->
              <div class="configuration-method after">
                <span class="method-name">tearDown([TestResult name=TestCase33_FirstnameLastnameLink status=SUCCESS method=RandomSceanarioTest.TestCase...)</span>
                <span class="method-start">511909 ms</span>
              </div> <!-- configuration-method after -->
              <div class="configuration-method before">
                <span class="method-name">initialSetUp(chrome, public void com.SalesForce.tests.RandomSceanarioTest.TestCase34_VerifyEditLastname())</span>
                <span class="method-start">512042 ms</span>
              </div> <!-- configuration-method before -->
              <div class="test-method">
                <img src="failed.png">
                </img>
                <span class="method-name">TestCase34_VerifyEditLastname</span>
                <span class="method-start">518449 ms</span>
              </div> <!-- test-method -->
              <div class="configuration-method after">
                <span class="method-name">tearDown([TestResult name=TestCase34_VerifyEditLastname status=FAILURE method=RandomSceanarioTest.TestCase34_...)</span>
                <span class="method-start">588509 ms</span>
              </div> <!-- configuration-method after -->
              <div class="configuration-method before">
                <span class="method-name">initialSetUp(chrome, public void com.SalesForce.tests.RandomSceanarioTest.TestCase35_VerifyTabCustomization())</span>
                <span class="method-start">588757 ms</span>
              </div> <!-- configuration-method before -->
              <div class="test-method">
                <span class="method-name">TestCase35_VerifyTabCustomization</span>
                <span class="method-start">590470 ms</span>
              </div> <!-- test-method -->
              <div class="configuration-method after">
                <span class="method-name">tearDown([TestResult name=TestCase35_VerifyTabCustomization status=SUCCESS method=RandomSceanarioTest.TestCas...)</span>
                <span class="method-start">642057 ms</span>
              </div> <!-- configuration-method after -->
              <div class="configuration-method before">
                <span class="method-name">initialSetUp(chrome, public void com.SalesForce.tests.RandomSceanarioTest.TestCase36_BlockEventCalender())</span>
                <span class="method-start">642196 ms</span>
              </div> <!-- configuration-method before -->
              <div class="test-method">
                <span class="method-name">TestCase36_BlockEventCalender</span>
                <span class="method-start">644132 ms</span>
              </div> <!-- test-method -->
              <div class="configuration-method after">
                <span class="method-name">tearDown([TestResult name=TestCase36_BlockEventCalender status=SUCCESS method=RandomSceanarioTest.TestCase36_...)</span>
                <span class="method-start">661416 ms</span>
              </div> <!-- configuration-method after -->
              <div class="configuration-method before">
                <span class="method-name">initialSetUp(chrome, public void com.SalesForce.tests.RandomSceanarioTest.TestCase37_BlockEventWeek())</span>
                <span class="method-start">661551 ms</span>
              </div> <!-- configuration-method before -->
              <div class="test-method">
                <span class="method-name">TestCase37_BlockEventWeek</span>
                <span class="method-start">663452 ms</span>
              </div> <!-- test-method -->
              <div class="configuration-method after">
                <span class="method-name">tearDown([TestResult name=TestCase37_BlockEventWeek status=SUCCESS method=RandomSceanarioTest.TestCase37_Bloc...)</span>
                <span class="method-start">681121 ms</span>
              </div> <!-- configuration-method after -->
            </div> <!-- chronological-class -->
            <div class="chronological-class">
              <div class="chronological-class-name">com.SalesForce.tests.LoginTest</div> <!-- chronological-class-name -->
              <div class="configuration-test after">
                <span class="method-name">endUp</span>
                <span class="method-start">681284 ms</span>
              </div> <!-- configuration-test after -->
          </div> <!-- main-panel-content rounded-window-bottom -->
        </div> <!-- panel -->
      </div> <!-- main-panel-root -->
    </div> <!-- wrapper -->
  </body>
<script type="text/javascript" src="testng-reports2.js"></script>
</html>
