<?xml version="1.0" encoding="UTF-8"?>
<testng-results ignored="12" total="50" passed="34" failed="4" skipped="0">
  <reporter-output>
  </reporter-output>
  <suite started-at="2022-02-11T11:20:40 EST" name="SalesForceAutomationTestSuite" finished-at="2022-02-11T11:32:02 EST" duration-ms="681860">
    <groups>
    </groups>
    <test started-at="2022-02-11T11:20:40 EST" name="Test" finished-at="2022-02-11T11:32:02 EST" duration-ms="681860">
      <class name="com.SalesForce.tests.LoginTest">
        <test-method is-config="true" signature="setUp()[pri:0, instance:com.SalesForce.tests.LoginTest@305b7c14]" started-at="2022-02-11T11:20:40 EST" name="setUp" finished-at="2022-02-11T11:20:40 EST" duration-ms="211" status="PASS">
          <reporter-output>
          </reporter-output>
        </test-method> <!-- setUp -->
        <test-method is-config="true" signature="initialSetUp(java.lang.String,java.lang.reflect.Method)[pri:0, instance:com.SalesForce.tests.LoginTest@305b7c14]" started-at="2022-02-11T11:20:40 EST" name="initialSetUp" finished-at="2022-02-11T11:20:44 EST" duration-ms="3977" status="PASS">
          <params>
            <param index="0">
              <value>
                <![CDATA[chrome]]>
              </value>
            </param>
            <param index="1">
              <value>
                <![CDATA[public void com.SalesForce.tests.LoginTest.TestCase1_BlankPassword()]]>
              </value>
            </param>
          </params>
          <reporter-output>
          </reporter-output>
        </test-method> <!-- initialSetUp -->
        <test-method signature="TestCase1_BlankPassword()[pri:0, instance:com.SalesForce.tests.LoginTest@305b7c14]" started-at="2022-02-11T11:20:44 EST" name="TestCase1_BlankPassword" finished-at="2022-02-11T11:20:46 EST" duration-ms="2194" status="PASS">
          <reporter-output>
          </reporter-output>
        </test-method> <!-- TestCase1_BlankPassword -->
        <test-method is-config="true" signature="tearDown(org.testng.ITestResult)[pri:0, instance:com.SalesForce.tests.LoginTest@305b7c14]" started-at="2022-02-11T11:20:46 EST" name="tearDown" finished-at="2022-02-11T11:20:46 EST" duration-ms="143" status="PASS">
          <params>
            <param index="0">
              <value>
                <![CDATA[[TestResult name=TestCase1_BlankPassword status=SUCCESS method=LoginTest.TestCase1_BlankPassword()[pri:0, instance:com.SalesForce.tests.LoginTest@305b7c14] output={null}]]]>
              </value>
            </param>
          </params>
          <reporter-output>
          </reporter-output>
        </test-method> <!-- tearDown -->
        <test-method is-config="true" signature="initialSetUp(java.lang.String,java.lang.reflect.Method)[pri:0, instance:com.SalesForce.tests.LoginTest@305b7c14]" started-at="2022-02-11T11:20:46 EST" name="initialSetUp" finished-at="2022-02-11T11:20:50 EST" duration-ms="3055" status="PASS">
          <params>
            <param index="0">
              <value>
                <![CDATA[chrome]]>
              </value>
            </param>
            <param index="1">
              <value>
                <![CDATA[public void com.SalesForce.tests.LoginTest.TestCase2_ValidUsernamePassword()]]>
              </value>
            </param>
          </params>
          <reporter-output>
          </reporter-output>
        </test-method> <!-- initialSetUp -->
        <test-method signature="TestCase2_ValidUsernamePassword()[pri:0, instance:com.SalesForce.tests.LoginTest@305b7c14]" started-at="2022-02-11T11:20:50 EST" name="TestCase2_ValidUsernamePassword" finished-at="2022-02-11T11:20:56 EST" duration-ms="6029" status="FAIL">
          <exception class="java.lang.AssertionError">
            <message>
              <![CDATA[expected [Home Page ~ Salesforce - Developer Edition] but found []]]>
            </message>
            <full-stacktrace>
              <![CDATA[java.lang.AssertionError: expected [Home Page ~ Salesforce - Developer Edition] but found []
at org.testng.Assert.fail(Assert.java:99)
at org.testng.Assert.failNotEquals(Assert.java:1037)
at org.testng.Assert.assertEqualsImpl(Assert.java:140)
at org.testng.Assert.assertEquals(Assert.java:122)
at org.testng.Assert.assertEquals(Assert.java:629)
at org.testng.Assert.assertEquals(Assert.java:639)
at com.SalesForce.tests.LoginTest.TestCase2_ValidUsernamePassword(LoginTest.java:42)
at java.base/jdk.internal.reflect.NativeMethodAccessorImpl.invoke0(Native Method)
at java.base/jdk.internal.reflect.NativeMethodAccessorImpl.invoke(NativeMethodAccessorImpl.java:77)
at java.base/jdk.internal.reflect.DelegatingMethodAccessorImpl.invoke(DelegatingMethodAccessorImpl.java:43)
at java.base/java.lang.reflect.Method.invoke(Method.java:568)
at org.testng.internal.MethodInvocationHelper.invokeMethod(MethodInvocationHelper.java:133)
at org.testng.internal.TestInvoker.invokeMethod(TestInvoker.java:598)
at org.testng.internal.TestInvoker.invokeTestMethod(TestInvoker.java:173)
at org.testng.internal.MethodRunner.runInSequence(MethodRunner.java:46)
at org.testng.internal.TestInvoker$MethodInvocationAgent.invoke(TestInvoker.java:824)
at org.testng.internal.TestInvoker.invokeTestMethods(TestInvoker.java:146)
at org.testng.internal.TestMethodWorker.invokeTestMethods(TestMethodWorker.java:146)
at org.testng.internal.TestMethodWorker.run(TestMethodWorker.java:128)
at java.base/java.util.ArrayList.forEach(ArrayList.java:1511)
at org.testng.TestRunner.privateRun(TestRunner.java:794)
at org.testng.TestRunner.run(TestRunner.java:596)
at org.testng.SuiteRunner.runTest(SuiteRunner.java:377)
at org.testng.SuiteRunner.runSequentially(SuiteRunner.java:371)
at org.testng.SuiteRunner.privateRun(SuiteRunner.java:332)
at org.testng.SuiteRunner.run(SuiteRunner.java:276)
at org.testng.SuiteRunnerWorker.runSuite(SuiteRunnerWorker.java:53)
at org.testng.SuiteRunnerWorker.run(SuiteRunnerWorker.java:96)
at org.testng.TestNG.runSuitesSequentially(TestNG.java:1212)
at org.testng.TestNG.runSuitesLocally(TestNG.java:1134)
at org.testng.TestNG.runSuites(TestNG.java:1063)
at org.testng.TestNG.run(TestNG.java:1031)
at org.apache.maven.surefire.testng.TestNGExecutor.run(TestNGExecutor.java:281)
at org.apache.maven.surefire.testng.TestNGXmlTestSuite.execute(TestNGXmlTestSuite.java:75)
at org.apache.maven.surefire.testng.TestNGProvider.invoke(TestNGProvider.java:121)
at org.apache.maven.surefire.booter.ForkedBooter.invokeProviderInSameClassLoader(ForkedBooter.java:290)
at org.apache.maven.surefire.booter.ForkedBooter.runSuitesInProcess(ForkedBooter.java:242)
at org.apache.maven.surefire.booter.ForkedBooter.main(ForkedBooter.java:121)
]]>
            </full-stacktrace>
          </exception> <!-- java.lang.AssertionError -->
          <reporter-output>
          </reporter-output>
        </test-method> <!-- TestCase2_ValidUsernamePassword -->
        <test-method is-config="true" signature="tearDown(org.testng.ITestResult)[pri:0, instance:com.SalesForce.tests.LoginTest@305b7c14]" started-at="2022-02-11T11:20:56 EST" name="tearDown" finished-at="2022-02-11T11:20:56 EST" duration-ms="749" status="PASS">
          <params>
            <param index="0">
              <value>
                <![CDATA[[TestResult name=TestCase2_ValidUsernamePassword status=FAILURE method=LoginTest.TestCase2_ValidUsernamePassword()[pri:0, instance:com.SalesForce.tests.LoginTest@305b7c14] output={null}]]]>
              </value>
            </param>
          </params>
          <reporter-output>
          </reporter-output>
        </test-method> <!-- tearDown -->
        <test-method is-config="true" signature="initialSetUp(java.lang.String,java.lang.reflect.Method)[pri:0, instance:com.SalesForce.tests.LoginTest@305b7c14]" started-at="2022-02-11T11:20:56 EST" name="initialSetUp" finished-at="2022-02-11T11:20:59 EST" duration-ms="2262" status="PASS">
          <params>
            <param index="0">
              <value>
                <![CDATA[chrome]]>
              </value>
            </param>
            <param index="1">
              <value>
                <![CDATA[public void com.SalesForce.tests.LoginTest.TestCase3_RememberedUsername()]]>
              </value>
            </param>
          </params>
          <reporter-output>
          </reporter-output>
        </test-method> <!-- initialSetUp -->
        <test-method signature="TestCase3_RememberedUsername()[pri:0, instance:com.SalesForce.tests.LoginTest@305b7c14]" started-at="2022-02-11T11:20:59 EST" name="TestCase3_RememberedUsername" finished-at="2022-02-11T11:21:08 EST" duration-ms="9520" status="PASS">
          <reporter-output>
          </reporter-output>
        </test-method> <!-- TestCase3_RememberedUsername -->
        <test-method is-config="true" signature="tearDown(org.testng.ITestResult)[pri:0, instance:com.SalesForce.tests.LoginTest@305b7c14]" started-at="2022-02-11T11:21:08 EST" name="tearDown" finished-at="2022-02-11T11:21:08 EST" duration-ms="140" status="PASS">
          <params>
            <param index="0">
              <value>
                <![CDATA[[TestResult name=TestCase3_RememberedUsername status=SUCCESS method=LoginTest.TestCase3_RememberedUsername()[pri:0, instance:com.SalesForce.tests.LoginTest@305b7c14] output={null}]]]>
              </value>
            </param>
          </params>
          <reporter-output>
          </reporter-output>
        </test-method> <!-- tearDown -->
        <test-method is-config="true" signature="initialSetUp(java.lang.String,java.lang.reflect.Method)[pri:0, instance:com.SalesForce.tests.LoginTest@305b7c14]" started-at="2022-02-11T11:21:08 EST" name="initialSetUp" finished-at="2022-02-11T11:21:11 EST" duration-ms="2357" status="PASS">
          <params>
            <param index="0">
              <value>
                <![CDATA[chrome]]>
              </value>
            </param>
            <param index="1">
              <value>
                <![CDATA[public void com.SalesForce.tests.LoginTest.TestCase4A_ForgotPassword()]]>
              </value>
            </param>
          </params>
          <reporter-output>
          </reporter-output>
        </test-method> <!-- initialSetUp -->
        <test-method signature="TestCase4A_ForgotPassword()[pri:0, instance:com.SalesForce.tests.LoginTest@305b7c14]" started-at="2022-02-11T11:21:11 EST" name="TestCase4A_ForgotPassword" finished-at="2022-02-11T11:21:12 EST" duration-ms="1468" status="PASS">
          <reporter-output>
          </reporter-output>
        </test-method> <!-- TestCase4A_ForgotPassword -->
        <test-method is-config="true" signature="tearDown(org.testng.ITestResult)[pri:0, instance:com.SalesForce.tests.LoginTest@305b7c14]" started-at="2022-02-11T11:21:12 EST" name="tearDown" finished-at="2022-02-11T11:21:12 EST" duration-ms="127" status="PASS">
          <params>
            <param index="0">
              <value>
                <![CDATA[[TestResult name=TestCase4A_ForgotPassword status=SUCCESS method=LoginTest.TestCase4A_ForgotPassword()[pri:0, instance:com.SalesForce.tests.LoginTest@305b7c14] output={null}]]]>
              </value>
            </param>
          </params>
          <reporter-output>
          </reporter-output>
        </test-method> <!-- tearDown -->
        <test-method is-config="true" signature="initialSetUp(java.lang.String,java.lang.reflect.Method)[pri:0, instance:com.SalesForce.tests.LoginTest@305b7c14]" started-at="2022-02-11T11:21:12 EST" name="initialSetUp" finished-at="2022-02-11T11:21:15 EST" duration-ms="2504" status="PASS">
          <params>
            <param index="0">
              <value>
                <![CDATA[chrome]]>
              </value>
            </param>
            <param index="1">
              <value>
                <![CDATA[public void com.SalesForce.tests.LoginTest.TestCase4B_InvalidUsernamePassword()]]>
              </value>
            </param>
          </params>
          <reporter-output>
          </reporter-output>
        </test-method> <!-- initialSetUp -->
        <test-method signature="TestCase4B_InvalidUsernamePassword()[pri:0, instance:com.SalesForce.tests.LoginTest@305b7c14]" started-at="2022-02-11T11:21:15 EST" name="TestCase4B_InvalidUsernamePassword" finished-at="2022-02-11T11:21:17 EST" duration-ms="2107" status="PASS">
          <reporter-output>
          </reporter-output>
        </test-method> <!-- TestCase4B_InvalidUsernamePassword -->
        <test-method is-config="true" signature="tearDown(org.testng.ITestResult)[pri:0, instance:com.SalesForce.tests.LoginTest@305b7c14]" started-at="2022-02-11T11:21:17 EST" name="tearDown" finished-at="2022-02-11T11:21:17 EST" duration-ms="132" status="PASS">
          <params>
            <param index="0">
              <value>
                <![CDATA[[TestResult name=TestCase4B_InvalidUsernamePassword status=SUCCESS method=LoginTest.TestCase4B_InvalidUsernamePassword()[pri:0, instance:com.SalesForce.tests.LoginTest@305b7c14] output={null}]]]>
              </value>
            </param>
          </params>
          <reporter-output>
          </reporter-output>
        </test-method> <!-- tearDown -->
        <test-method is-config="true" signature="endUp()[pri:0, instance:com.SalesForce.tests.LoginTest@305b7c14]" started-at="2022-02-11T11:32:01 EST" name="endUp" finished-at="2022-02-11T11:32:02 EST" duration-ms="573" status="PASS">
          <reporter-output>
          </reporter-output>
        </test-method> <!-- endUp -->
      </class> <!-- com.SalesForce.tests.LoginTest -->
      <class name="com.SalesForce.tests.OppertunityTest">
        <test-method is-config="true" signature="initialSetUp(java.lang.String,java.lang.reflect.Method)[pri:0, instance:com.SalesForce.tests.OppertunityTest@4e50c791]" started-at="2022-02-11T11:25:15 EST" name="initialSetUp" finished-at="2022-02-11T11:25:17 EST" duration-ms="1957" status="PASS">
          <params>
            <param index="0">
              <value>
                <![CDATA[chrome]]>
              </value>
            </param>
            <param index="1">
              <value>
                <![CDATA[public void com.SalesForce.tests.OppertunityTest.TestCase15_OppertunityDropDown()]]>
              </value>
            </param>
          </params>
          <reporter-output>
          </reporter-output>
        </test-method> <!-- initialSetUp -->
        <test-method signature="TestCase15_OppertunityDropDown()[pri:0, instance:com.SalesForce.tests.OppertunityTest@4e50c791]" started-at="2022-02-11T11:25:17 EST" name="TestCase15_OppertunityDropDown" finished-at="2022-02-11T11:25:26 EST" duration-ms="8751" status="PASS">
          <reporter-output>
          </reporter-output>
        </test-method> <!-- TestCase15_OppertunityDropDown -->
        <test-method is-config="true" signature="tearDown(org.testng.ITestResult)[pri:0, instance:com.SalesForce.tests.OppertunityTest@4e50c791]" started-at="2022-02-11T11:25:26 EST" name="tearDown" finished-at="2022-02-11T11:25:26 EST" duration-ms="176" status="PASS">
          <params>
            <param index="0">
              <value>
                <![CDATA[[TestResult name=TestCase15_OppertunityDropDown status=SUCCESS method=OppertunityTest.TestCase15_OppertunityDropDown()[pri:0, instance:com.SalesForce.tests.OppertunityTest@4e50c791] output={null}]]]>
              </value>
            </param>
          </params>
          <reporter-output>
          </reporter-output>
        </test-method> <!-- tearDown -->
        <test-method is-config="true" signature="initialSetUp(java.lang.String,java.lang.reflect.Method)[pri:0, instance:com.SalesForce.tests.OppertunityTest@4e50c791]" started-at="2022-02-11T11:25:26 EST" name="initialSetUp" finished-at="2022-02-11T11:25:28 EST" duration-ms="2128" status="PASS">
          <params>
            <param index="0">
              <value>
                <![CDATA[chrome]]>
              </value>
            </param>
            <param index="1">
              <value>
                <![CDATA[public void com.SalesForce.tests.OppertunityTest.TestCase16_CreateOppertunity()]]>
              </value>
            </param>
          </params>
          <reporter-output>
          </reporter-output>
        </test-method> <!-- initialSetUp -->
        <test-method signature="TestCase16_CreateOppertunity()[pri:0, instance:com.SalesForce.tests.OppertunityTest@4e50c791]" started-at="2022-02-11T11:25:28 EST" name="TestCase16_CreateOppertunity" finished-at="2022-02-11T11:25:41 EST" duration-ms="13092" status="PASS">
          <reporter-output>
          </reporter-output>
        </test-method> <!-- TestCase16_CreateOppertunity -->
        <test-method is-config="true" signature="tearDown(org.testng.ITestResult)[pri:0, instance:com.SalesForce.tests.OppertunityTest@4e50c791]" started-at="2022-02-11T11:25:41 EST" name="tearDown" finished-at="2022-02-11T11:25:41 EST" duration-ms="184" status="PASS">
          <params>
            <param index="0">
              <value>
                <![CDATA[[TestResult name=TestCase16_CreateOppertunity status=SUCCESS method=OppertunityTest.TestCase16_CreateOppertunity()[pri:0, instance:com.SalesForce.tests.OppertunityTest@4e50c791] output={null}]]]>
              </value>
            </param>
          </params>
          <reporter-output>
          </reporter-output>
        </test-method> <!-- tearDown -->
        <test-method is-config="true" signature="initialSetUp(java.lang.String,java.lang.reflect.Method)[pri:0, instance:com.SalesForce.tests.OppertunityTest@4e50c791]" started-at="2022-02-11T11:25:41 EST" name="initialSetUp" finished-at="2022-02-11T11:25:45 EST" duration-ms="3179" status="PASS">
          <params>
            <param index="0">
              <value>
                <![CDATA[chrome]]>
              </value>
            </param>
            <param index="1">
              <value>
                <![CDATA[public void com.SalesForce.tests.OppertunityTest.TestCase17_OppertunityPipelineReport()]]>
              </value>
            </param>
          </params>
          <reporter-output>
          </reporter-output>
        </test-method> <!-- initialSetUp -->
        <test-method signature="TestCase17_OppertunityPipelineReport()[pri:0, instance:com.SalesForce.tests.OppertunityTest@4e50c791]" started-at="2022-02-11T11:25:45 EST" name="TestCase17_OppertunityPipelineReport" finished-at="2022-02-11T11:25:53 EST" duration-ms="8221" status="PASS">
          <reporter-output>
          </reporter-output>
        </test-method> <!-- TestCase17_OppertunityPipelineReport -->
        <test-method is-config="true" signature="tearDown(org.testng.ITestResult)[pri:0, instance:com.SalesForce.tests.OppertunityTest@4e50c791]" started-at="2022-02-11T11:25:53 EST" name="tearDown" finished-at="2022-02-11T11:25:53 EST" duration-ms="134" status="PASS">
          <params>
            <param index="0">
              <value>
                <![CDATA[[TestResult name=TestCase17_OppertunityPipelineReport status=SUCCESS method=OppertunityTest.TestCase17_OppertunityPipelineReport()[pri:0, instance:com.SalesForce.tests.OppertunityTest@4e50c791] output={null}]]]>
              </value>
            </param>
          </params>
          <reporter-output>
          </reporter-output>
        </test-method> <!-- tearDown -->
        <test-method is-config="true" signature="initialSetUp(java.lang.String,java.lang.reflect.Method)[pri:0, instance:com.SalesForce.tests.OppertunityTest@4e50c791]" started-at="2022-02-11T11:25:53 EST" name="initialSetUp" finished-at="2022-02-11T11:25:56 EST" duration-ms="3000" status="PASS">
          <params>
            <param index="0">
              <value>
                <![CDATA[chrome]]>
              </value>
            </param>
            <param index="1">
              <value>
                <![CDATA[public void com.SalesForce.tests.OppertunityTest.TestCase18_StuckOppertunityReport()]]>
              </value>
            </param>
          </params>
          <reporter-output>
          </reporter-output>
        </test-method> <!-- initialSetUp -->
        <test-method signature="TestCase18_StuckOppertunityReport()[pri:0, instance:com.SalesForce.tests.OppertunityTest@4e50c791]" started-at="2022-02-11T11:25:56 EST" name="TestCase18_StuckOppertunityReport" finished-at="2022-02-11T11:26:05 EST" duration-ms="8932" status="PASS">
          <reporter-output>
          </reporter-output>
        </test-method> <!-- TestCase18_StuckOppertunityReport -->
        <test-method is-config="true" signature="tearDown(org.testng.ITestResult)[pri:0, instance:com.SalesForce.tests.OppertunityTest@4e50c791]" started-at="2022-02-11T11:26:05 EST" name="tearDown" finished-at="2022-02-11T11:26:05 EST" duration-ms="136" status="PASS">
          <params>
            <param index="0">
              <value>
                <![CDATA[[TestResult name=TestCase18_StuckOppertunityReport status=SUCCESS method=OppertunityTest.TestCase18_StuckOppertunityReport()[pri:0, instance:com.SalesForce.tests.OppertunityTest@4e50c791] output={null}]]]>
              </value>
            </param>
          </params>
          <reporter-output>
          </reporter-output>
        </test-method> <!-- tearDown -->
        <test-method is-config="true" signature="initialSetUp(java.lang.String,java.lang.reflect.Method)[pri:0, instance:com.SalesForce.tests.OppertunityTest@4e50c791]" started-at="2022-02-11T11:26:05 EST" name="initialSetUp" finished-at="2022-02-11T11:26:07 EST" duration-ms="2012" status="PASS">
          <params>
            <param index="0">
              <value>
                <![CDATA[chrome]]>
              </value>
            </param>
            <param index="1">
              <value>
                <![CDATA[public void com.SalesForce.tests.OppertunityTest.TestCase19_OppertunitySummeryReport()]]>
              </value>
            </param>
          </params>
          <reporter-output>
          </reporter-output>
        </test-method> <!-- initialSetUp -->
        <test-method signature="TestCase19_OppertunitySummeryReport()[pri:0, instance:com.SalesForce.tests.OppertunityTest@4e50c791]" started-at="2022-02-11T11:26:07 EST" name="TestCase19_OppertunitySummeryReport" finished-at="2022-02-11T11:26:17 EST" duration-ms="9806" status="PASS">
          <reporter-output>
          </reporter-output>
        </test-method> <!-- TestCase19_OppertunitySummeryReport -->
        <test-method is-config="true" signature="tearDown(org.testng.ITestResult)[pri:0, instance:com.SalesForce.tests.OppertunityTest@4e50c791]" started-at="2022-02-11T11:26:17 EST" name="tearDown" finished-at="2022-02-11T11:26:17 EST" duration-ms="173" status="PASS">
          <params>
            <param index="0">
              <value>
                <![CDATA[[TestResult name=TestCase19_OppertunitySummeryReport status=SUCCESS method=OppertunityTest.TestCase19_OppertunitySummeryReport()[pri:0, instance:com.SalesForce.tests.OppertunityTest@4e50c791] output={null}]]]>
              </value>
            </param>
          </params>
          <reporter-output>
          </reporter-output>
        </test-method> <!-- tearDown -->
      </class> <!-- com.SalesForce.tests.OppertunityTest -->
      <class name="com.SalesForce.tests.RandomSceanarioTest">
        <test-method is-config="true" signature="initialSetUp(java.lang.String,java.lang.reflect.Method)[pri:0, instance:com.SalesForce.tests.RandomSceanarioTest@71e9ddb4]" started-at="2022-02-11T11:28:58 EST" name="initialSetUp" finished-at="2022-02-11T11:29:00 EST" duration-ms="1771" status="PASS">
          <params>
            <param index="0">
              <value>
                <![CDATA[chrome]]>
              </value>
            </param>
            <param index="1">
              <value>
                <![CDATA[public void com.SalesForce.tests.RandomSceanarioTest.TestCase33_FirstnameLastnameLink()]]>
              </value>
            </param>
          </params>
          <reporter-output>
          </reporter-output>
        </test-method> <!-- initialSetUp -->
        <test-method signature="TestCase33_FirstnameLastnameLink()[pri:0, instance:com.SalesForce.tests.RandomSceanarioTest@71e9ddb4]" started-at="2022-02-11T11:29:00 EST" name="TestCase33_FirstnameLastnameLink" finished-at="2022-02-11T11:29:12 EST" duration-ms="12161" status="PASS">
          <reporter-output>
          </reporter-output>
        </test-method> <!-- TestCase33_FirstnameLastnameLink -->
        <test-method is-config="true" signature="tearDown(org.testng.ITestResult)[pri:0, instance:com.SalesForce.tests.RandomSceanarioTest@71e9ddb4]" started-at="2022-02-11T11:29:12 EST" name="tearDown" finished-at="2022-02-11T11:29:12 EST" duration-ms="133" status="PASS">
          <params>
            <param index="0">
              <value>
                <![CDATA[[TestResult name=TestCase33_FirstnameLastnameLink status=SUCCESS method=RandomSceanarioTest.TestCase33_FirstnameLastnameLink()[pri:0, instance:com.SalesForce.tests.RandomSceanarioTest@71e9ddb4] output={null}]]]>
              </value>
            </param>
          </params>
          <reporter-output>
          </reporter-output>
        </test-method> <!-- tearDown -->
        <test-method is-config="true" signature="initialSetUp(java.lang.String,java.lang.reflect.Method)[pri:0, instance:com.SalesForce.tests.RandomSceanarioTest@71e9ddb4]" started-at="2022-02-11T11:29:12 EST" name="initialSetUp" finished-at="2022-02-11T11:29:18 EST" duration-ms="6407" status="PASS">
          <params>
            <param index="0">
              <value>
                <![CDATA[chrome]]>
              </value>
            </param>
            <param index="1">
              <value>
                <![CDATA[public void com.SalesForce.tests.RandomSceanarioTest.TestCase34_VerifyEditLastname()]]>
              </value>
            </param>
          </params>
          <reporter-output>
          </reporter-output>
        </test-method> <!-- initialSetUp -->
        <test-method signature="TestCase34_VerifyEditLastname()[pri:0, instance:com.SalesForce.tests.RandomSceanarioTest@71e9ddb4]" started-at="2022-02-11T11:29:18 EST" name="TestCase34_VerifyEditLastname" finished-at="2022-02-11T11:30:28 EST" duration-ms="70059" status="FAIL">
          <exception class="org.openqa.selenium.TimeoutException">
            <message>
              <![CDATA[Expected condition failed: waiting for visibility of Proxy element for: DefaultElementLocator 'By.xpath: //a[contains(text(),'About')]' (tried for 30 second(s) with 500 milliseconds interval)]]>
            </message>
            <full-stacktrace>
              <![CDATA[org.openqa.selenium.TimeoutException: Expected condition failed: waiting for visibility of Proxy element for: DefaultElementLocator 'By.xpath: //a[contains(text(),'About')]' (tried for 30 second(s) with 500 milliseconds interval)
at org.openqa.selenium.support.ui.WebDriverWait.timeoutException(WebDriverWait.java:95)
at org.openqa.selenium.support.ui.FluentWait.until(FluentWait.java:272)
at com.SalesForceApp.Base.BasePage.waituntilVisible(BasePage.java:83)
at com.SalesForceApp.Base.BasePage.SwitchToContactInfoFrame(BasePage.java:159)
at com.SalesForceApp.pages.UserMenuPages.MyProfileUserMenu.SwitchToFrameEditProfile(MyProfileUserMenu.java:45)
at com.SalesForce.tests.RandomSceanarioTest.TestCase34_VerifyEditLastname(RandomSceanarioTest.java:37)
at java.base/jdk.internal.reflect.NativeMethodAccessorImpl.invoke0(Native Method)
at java.base/jdk.internal.reflect.NativeMethodAccessorImpl.invoke(NativeMethodAccessorImpl.java:77)
at java.base/jdk.internal.reflect.DelegatingMethodAccessorImpl.invoke(DelegatingMethodAccessorImpl.java:43)
at java.base/java.lang.reflect.Method.invoke(Method.java:568)
at org.testng.internal.MethodInvocationHelper.invokeMethod(MethodInvocationHelper.java:133)
at org.testng.internal.TestInvoker.invokeMethod(TestInvoker.java:598)
at org.testng.internal.TestInvoker.invokeTestMethod(TestInvoker.java:173)
at org.testng.internal.MethodRunner.runInSequence(MethodRunner.java:46)
at org.testng.internal.TestInvoker$MethodInvocationAgent.invoke(TestInvoker.java:824)
at org.testng.internal.TestInvoker.invokeTestMethods(TestInvoker.java:146)
at org.testng.internal.TestMethodWorker.invokeTestMethods(TestMethodWorker.java:146)
at org.testng.internal.TestMethodWorker.run(TestMethodWorker.java:128)
at java.base/java.util.ArrayList.forEach(ArrayList.java:1511)
at org.testng.TestRunner.privateRun(TestRunner.java:794)
at org.testng.TestRunner.run(TestRunner.java:596)
at org.testng.SuiteRunner.runTest(SuiteRunner.java:377)
at org.testng.SuiteRunner.runSequentially(SuiteRunner.java:371)
at org.testng.SuiteRunner.privateRun(SuiteRunner.java:332)
at org.testng.SuiteRunner.run(SuiteRunner.java:276)
at org.testng.SuiteRunnerWorker.runSuite(SuiteRunnerWorker.java:53)
at org.testng.SuiteRunnerWorker.run(SuiteRunnerWorker.java:96)
at org.testng.TestNG.runSuitesSequentially(TestNG.java:1212)
at org.testng.TestNG.runSuitesLocally(TestNG.java:1134)
at org.testng.TestNG.runSuites(TestNG.java:1063)
at org.testng.TestNG.run(TestNG.java:1031)
at org.apache.maven.surefire.testng.TestNGExecutor.run(TestNGExecutor.java:281)
at org.apache.maven.surefire.testng.TestNGXmlTestSuite.execute(TestNGXmlTestSuite.java:75)
at org.apache.maven.surefire.testng.TestNGProvider.invoke(TestNGProvider.java:121)
at org.apache.maven.surefire.booter.ForkedBooter.invokeProviderInSameClassLoader(ForkedBooter.java:290)
at org.apache.maven.surefire.booter.ForkedBooter.runSuitesInProcess(ForkedBooter.java:242)
at org.apache.maven.surefire.booter.ForkedBooter.main(ForkedBooter.java:121)
Caused by: org.openqa.selenium.NoSuchElementException: no such element: Unable to locate element: {"method":"xpath","selector":"//a[contains(text(),'About')]"}
  (Session info: chrome=97.0.4692.71)
For documentation on this error, please visit: https://www.seleniumhq.org/exceptions/no_such_element.html
Build info: version: '3.141.59', revision: 'e82be7d358', time: '2018-11-14T08:17:03'
System info: host: 'tejal-home', ip: '127.0.1.1', os.name: 'Linux', os.arch: 'amd64', os.version: '4.15.0-167-generic', java.version: '17'
Driver info: org.openqa.selenium.chrome.ChromeDriver
Capabilities {acceptInsecureCerts: false, browserName: chrome, browserVersion: 97.0.4692.71, chrome: {chromedriverVersion: 97.0.4692.71 (adefa7837d02a..., userDataDir: /tmp/.com.google.Chrome.GAuBOw}, goog:chromeOptions: {debuggerAddress: localhost:33185}, javascriptEnabled: true, networkConnectionEnabled: false, pageLoadStrategy: normal, platform: LINUX, platformName: LINUX, proxy: Proxy(), setWindowRect: true, strictFileInteractability: false, timeouts: {implicit: 0, pageLoad: 300000, script: 30000}, unhandledPromptBehavior: dismiss and notify, webauthn:extension:credBlob: true, webauthn:extension:largeBlob: true, webauthn:virtualAuthenticators: true}
Session ID: cbabc352ffaf71b4e53b24639d78adf5
*** Element info: {Using=xpath, value=//a[contains(text(),'About')]}
at java.base/jdk.internal.reflect.NativeConstructorAccessorImpl.newInstance0(Native Method)
at java.base/jdk.internal.reflect.NativeConstructorAccessorImpl.newInstance(NativeConstructorAccessorImpl.java:77)
at java.base/jdk.internal.reflect.DelegatingConstructorAccessorImpl.newInstance(DelegatingConstructorAccessorImpl.java:45)
at java.base/java.lang.reflect.Constructor.newInstanceWithCaller(Constructor.java:499)
at java.base/java.lang.reflect.Constructor.newInstance(Constructor.java:480)
at org.openqa.selenium.remote.http.W3CHttpResponseCodec.createException(W3CHttpResponseCodec.java:187)
at org.openqa.selenium.remote.http.W3CHttpResponseCodec.decode(W3CHttpResponseCodec.java:122)
at org.openqa.selenium.remote.http.W3CHttpResponseCodec.decode(W3CHttpResponseCodec.java:49)
at org.openqa.selenium.remote.HttpCommandExecutor.execute(HttpCommandExecutor.java:158)
at org.openqa.selenium.remote.service.DriverCommandExecutor.execute(DriverCommandExecutor.java:83)
at org.openqa.selenium.remote.RemoteWebDriver.execute(RemoteWebDriver.java:552)
at org.openqa.selenium.remote.RemoteWebDriver.findElement(RemoteWebDriver.java:323)
at org.openqa.selenium.remote.RemoteWebDriver.findElementByXPath(RemoteWebDriver.java:428)
at org.openqa.selenium.By$ByXPath.findElement(By.java:353)
at org.openqa.selenium.remote.RemoteWebDriver.findElement(RemoteWebDriver.java:315)
at org.openqa.selenium.support.pagefactory.DefaultElementLocator.findElement(DefaultElementLocator.java:69)
at org.openqa.selenium.support.pagefactory.internal.LocatingElementHandler.invoke(LocatingElementHandler.java:38)
at jdk.proxy2/jdk.proxy2.$Proxy12.isDisplayed(Unknown Source)
at org.openqa.selenium.support.ui.ExpectedConditions.elementIfVisible(ExpectedConditions.java:314)
at org.openqa.selenium.support.ui.ExpectedConditions.access$000(ExpectedConditions.java:43)
at org.openqa.selenium.support.ui.ExpectedConditions$10.apply(ExpectedConditions.java:300)
at org.openqa.selenium.support.ui.ExpectedConditions$10.apply(ExpectedConditions.java:297)
at org.openqa.selenium.support.ui.FluentWait.until(FluentWait.java:249)
... 35 more
]]>
            </full-stacktrace>
          </exception> <!-- org.openqa.selenium.TimeoutException -->
          <reporter-output>
          </reporter-output>
        </test-method> <!-- TestCase34_VerifyEditLastname -->
        <test-method is-config="true" signature="tearDown(org.testng.ITestResult)[pri:0, instance:com.SalesForce.tests.RandomSceanarioTest@71e9ddb4]" started-at="2022-02-11T11:30:28 EST" name="tearDown" finished-at="2022-02-11T11:30:29 EST" duration-ms="248" status="PASS">
          <params>
            <param index="0">
              <value>
                <![CDATA[[TestResult name=TestCase34_VerifyEditLastname status=FAILURE method=RandomSceanarioTest.TestCase34_VerifyEditLastname()[pri:0, instance:com.SalesForce.tests.RandomSceanarioTest@71e9ddb4] output={null}]]]>
              </value>
            </param>
          </params>
          <reporter-output>
          </reporter-output>
        </test-method> <!-- tearDown -->
        <test-method is-config="true" signature="initialSetUp(java.lang.String,java.lang.reflect.Method)[pri:0, instance:com.SalesForce.tests.RandomSceanarioTest@71e9ddb4]" started-at="2022-02-11T11:30:29 EST" name="initialSetUp" finished-at="2022-02-11T11:30:30 EST" duration-ms="1713" status="PASS">
          <params>
            <param index="0">
              <value>
                <![CDATA[chrome]]>
              </value>
            </param>
            <param index="1">
              <value>
                <![CDATA[public void com.SalesForce.tests.RandomSceanarioTest.TestCase35_VerifyTabCustomization()]]>
              </value>
            </param>
          </params>
          <reporter-output>
          </reporter-output>
        </test-method> <!-- initialSetUp -->
        <test-method signature="TestCase35_VerifyTabCustomization()[pri:0, instance:com.SalesForce.tests.RandomSceanarioTest@71e9ddb4]" started-at="2022-02-11T11:30:30 EST" name="TestCase35_VerifyTabCustomization" finished-at="2022-02-11T11:31:22 EST" duration-ms="51587" status="PASS">
          <reporter-output>
          </reporter-output>
        </test-method> <!-- TestCase35_VerifyTabCustomization -->
        <test-method is-config="true" signature="tearDown(org.testng.ITestResult)[pri:0, instance:com.SalesForce.tests.RandomSceanarioTest@71e9ddb4]" started-at="2022-02-11T11:31:22 EST" name="tearDown" finished-at="2022-02-11T11:31:22 EST" duration-ms="138" status="PASS">
          <params>
            <param index="0">
              <value>
                <![CDATA[[TestResult name=TestCase35_VerifyTabCustomization status=SUCCESS method=RandomSceanarioTest.TestCase35_VerifyTabCustomization()[pri:0, instance:com.SalesForce.tests.RandomSceanarioTest@71e9ddb4] output={null}]]]>
              </value>
            </param>
          </params>
          <reporter-output>
          </reporter-output>
        </test-method> <!-- tearDown -->
        <test-method is-config="true" signature="initialSetUp(java.lang.String,java.lang.reflect.Method)[pri:0, instance:com.SalesForce.tests.RandomSceanarioTest@71e9ddb4]" started-at="2022-02-11T11:31:22 EST" name="initialSetUp" finished-at="2022-02-11T11:31:24 EST" duration-ms="1935" status="PASS">
          <params>
            <param index="0">
              <value>
                <![CDATA[chrome]]>
              </value>
            </param>
            <param index="1">
              <value>
                <![CDATA[public void com.SalesForce.tests.RandomSceanarioTest.TestCase36_BlockEventCalender()]]>
              </value>
            </param>
          </params>
          <reporter-output>
          </reporter-output>
        </test-method> <!-- initialSetUp -->
        <test-method signature="TestCase36_BlockEventCalender()[pri:0, instance:com.SalesForce.tests.RandomSceanarioTest@71e9ddb4]" started-at="2022-02-11T11:31:24 EST" name="TestCase36_BlockEventCalender" finished-at="2022-02-11T11:31:41 EST" duration-ms="17283" status="PASS">
          <reporter-output>
          </reporter-output>
        </test-method> <!-- TestCase36_BlockEventCalender -->
        <test-method is-config="true" signature="tearDown(org.testng.ITestResult)[pri:0, instance:com.SalesForce.tests.RandomSceanarioTest@71e9ddb4]" started-at="2022-02-11T11:31:41 EST" name="tearDown" finished-at="2022-02-11T11:31:41 EST" duration-ms="134" status="PASS">
          <params>
            <param index="0">
              <value>
                <![CDATA[[TestResult name=TestCase36_BlockEventCalender status=SUCCESS method=RandomSceanarioTest.TestCase36_BlockEventCalender()[pri:0, instance:com.SalesForce.tests.RandomSceanarioTest@71e9ddb4] output={null}]]]>
              </value>
            </param>
          </params>
          <reporter-output>
          </reporter-output>
        </test-method> <!-- tearDown -->
        <test-method is-config="true" signature="initialSetUp(java.lang.String,java.lang.reflect.Method)[pri:0, instance:com.SalesForce.tests.RandomSceanarioTest@71e9ddb4]" started-at="2022-02-11T11:31:41 EST" name="initialSetUp" finished-at="2022-02-11T11:31:43 EST" duration-ms="1901" status="PASS">
          <params>
            <param index="0">
              <value>
                <![CDATA[chrome]]>
              </value>
            </param>
            <param index="1">
              <value>
                <![CDATA[public void com.SalesForce.tests.RandomSceanarioTest.TestCase37_BlockEventWeek()]]>
              </value>
            </param>
          </params>
          <reporter-output>
          </reporter-output>
        </test-method> <!-- initialSetUp -->
        <test-method signature="TestCase37_BlockEventWeek()[pri:0, instance:com.SalesForce.tests.RandomSceanarioTest@71e9ddb4]" started-at="2022-02-11T11:31:43 EST" name="TestCase37_BlockEventWeek" finished-at="2022-02-11T11:32:01 EST" duration-ms="17669" status="PASS">
          <reporter-output>
          </reporter-output>
        </test-method> <!-- TestCase37_BlockEventWeek -->
        <test-method is-config="true" signature="tearDown(org.testng.ITestResult)[pri:0, instance:com.SalesForce.tests.RandomSceanarioTest@71e9ddb4]" started-at="2022-02-11T11:32:01 EST" name="tearDown" finished-at="2022-02-11T11:32:01 EST" duration-ms="162" status="PASS">
          <params>
            <param index="0">
              <value>
                <![CDATA[[TestResult name=TestCase37_BlockEventWeek status=SUCCESS method=RandomSceanarioTest.TestCase37_BlockEventWeek()[pri:0, instance:com.SalesForce.tests.RandomSceanarioTest@71e9ddb4] output={null}]]]>
              </value>
            </param>
          </params>
          <reporter-output>
          </reporter-output>
        </test-method> <!-- tearDown -->
      </class> <!-- com.SalesForce.tests.RandomSceanarioTest -->
      <class name="com.SalesForce.tests.ContactsTest">
        <test-method is-config="true" signature="initialSetUp(java.lang.String,java.lang.reflect.Method)[pri:0, instance:com.SalesForce.tests.ContactsTest@58a9760d]" started-at="2022-02-11T11:27:19 EST" name="initialSetUp" finished-at="2022-02-11T11:27:21 EST" duration-ms="1790" status="PASS">
          <params>
            <param index="0">
              <value>
                <![CDATA[chrome]]>
              </value>
            </param>
            <param index="1">
              <value>
                <![CDATA[public void com.SalesForce.tests.ContactsTest.TestCase25_CreateNewContact()]]>
              </value>
            </param>
          </params>
          <reporter-output>
          </reporter-output>
        </test-method> <!-- initialSetUp -->
        <test-method signature="TestCase25_CreateNewContact()[pri:0, instance:com.SalesForce.tests.ContactsTest@58a9760d]" started-at="2022-02-11T11:27:21 EST" name="TestCase25_CreateNewContact" finished-at="2022-02-11T11:27:32 EST" duration-ms="10767" status="PASS">
          <reporter-output>
          </reporter-output>
        </test-method> <!-- TestCase25_CreateNewContact -->
        <test-method is-config="true" signature="tearDown(org.testng.ITestResult)[pri:0, instance:com.SalesForce.tests.ContactsTest@58a9760d]" started-at="2022-02-11T11:27:32 EST" name="tearDown" finished-at="2022-02-11T11:27:32 EST" duration-ms="129" status="PASS">
          <params>
            <param index="0">
              <value>
                <![CDATA[[TestResult name=TestCase25_CreateNewContact status=SUCCESS method=ContactsTest.TestCase25_CreateNewContact()[pri:0, instance:com.SalesForce.tests.ContactsTest@58a9760d] output={null}]]]>
              </value>
            </param>
          </params>
          <reporter-output>
          </reporter-output>
        </test-method> <!-- tearDown -->
        <test-method is-config="true" signature="initialSetUp(java.lang.String,java.lang.reflect.Method)[pri:0, instance:com.SalesForce.tests.ContactsTest@58a9760d]" started-at="2022-02-11T11:27:32 EST" name="initialSetUp" finished-at="2022-02-11T11:27:34 EST" duration-ms="2086" status="PASS">
          <params>
            <param index="0">
              <value>
                <![CDATA[chrome]]>
              </value>
            </param>
            <param index="1">
              <value>
                <![CDATA[public void com.SalesForce.tests.ContactsTest.TestCase26_NewViewContacts()]]>
              </value>
            </param>
          </params>
          <reporter-output>
          </reporter-output>
        </test-method> <!-- initialSetUp -->
        <test-method signature="TestCase26_NewViewContacts()[pri:0, instance:com.SalesForce.tests.ContactsTest@58a9760d]" started-at="2022-02-11T11:27:34 EST" name="TestCase26_NewViewContacts" finished-at="2022-02-11T11:27:45 EST" duration-ms="10961" status="PASS">
          <reporter-output>
          </reporter-output>
        </test-method> <!-- TestCase26_NewViewContacts -->
        <test-method is-config="true" signature="tearDown(org.testng.ITestResult)[pri:0, instance:com.SalesForce.tests.ContactsTest@58a9760d]" started-at="2022-02-11T11:27:45 EST" name="tearDown" finished-at="2022-02-11T11:27:45 EST" duration-ms="135" status="PASS">
          <params>
            <param index="0">
              <value>
                <![CDATA[[TestResult name=TestCase26_NewViewContacts status=SUCCESS method=ContactsTest.TestCase26_NewViewContacts()[pri:0, instance:com.SalesForce.tests.ContactsTest@58a9760d] output={null}]]]>
              </value>
            </param>
          </params>
          <reporter-output>
          </reporter-output>
        </test-method> <!-- tearDown -->
        <test-method is-config="true" signature="initialSetUp(java.lang.String,java.lang.reflect.Method)[pri:0, instance:com.SalesForce.tests.ContactsTest@58a9760d]" started-at="2022-02-11T11:27:45 EST" name="initialSetUp" finished-at="2022-02-11T11:27:47 EST" duration-ms="1828" status="PASS">
          <params>
            <param index="0">
              <value>
                <![CDATA[chrome]]>
              </value>
            </param>
            <param index="1">
              <value>
                <![CDATA[public void com.SalesForce.tests.ContactsTest.TestCase27_RecentCreatedContacts()]]>
              </value>
            </param>
          </params>
          <reporter-output>
          </reporter-output>
        </test-method> <!-- initialSetUp -->
        <test-method signature="TestCase27_RecentCreatedContacts()[pri:0, instance:com.SalesForce.tests.ContactsTest@58a9760d]" started-at="2022-02-11T11:27:47 EST" name="TestCase27_RecentCreatedContacts" finished-at="2022-02-11T11:27:57 EST" duration-ms="9925" status="PASS">
          <reporter-output>
          </reporter-output>
        </test-method> <!-- TestCase27_RecentCreatedContacts -->
        <test-method is-config="true" signature="tearDown(org.testng.ITestResult)[pri:0, instance:com.SalesForce.tests.ContactsTest@58a9760d]" started-at="2022-02-11T11:27:57 EST" name="tearDown" finished-at="2022-02-11T11:27:57 EST" duration-ms="180" status="PASS">
          <params>
            <param index="0">
              <value>
                <![CDATA[[TestResult name=TestCase27_RecentCreatedContacts status=SUCCESS method=ContactsTest.TestCase27_RecentCreatedContacts()[pri:0, instance:com.SalesForce.tests.ContactsTest@58a9760d] output={null}]]]>
              </value>
            </param>
          </params>
          <reporter-output>
          </reporter-output>
        </test-method> <!-- tearDown -->
        <test-method is-config="true" signature="initialSetUp(java.lang.String,java.lang.reflect.Method)[pri:0, instance:com.SalesForce.tests.ContactsTest@58a9760d]" started-at="2022-02-11T11:27:57 EST" name="initialSetUp" finished-at="2022-02-11T11:27:59 EST" duration-ms="1865" status="PASS">
          <params>
            <param index="0">
              <value>
                <![CDATA[chrome]]>
              </value>
            </param>
            <param index="1">
              <value>
                <![CDATA[public void com.SalesForce.tests.ContactsTest.TestCase28_MyContactsView()]]>
              </value>
            </param>
          </params>
          <reporter-output>
          </reporter-output>
        </test-method> <!-- initialSetUp -->
        <test-method signature="TestCase28_MyContactsView()[pri:0, instance:com.SalesForce.tests.ContactsTest@58a9760d]" started-at="2022-02-11T11:27:59 EST" name="TestCase28_MyContactsView" finished-at="2022-02-11T11:28:10 EST" duration-ms="10881" status="PASS">
          <reporter-output>
          </reporter-output>
        </test-method> <!-- TestCase28_MyContactsView -->
        <test-method is-config="true" signature="tearDown(org.testng.ITestResult)[pri:0, instance:com.SalesForce.tests.ContactsTest@58a9760d]" started-at="2022-02-11T11:28:10 EST" name="tearDown" finished-at="2022-02-11T11:28:10 EST" duration-ms="139" status="PASS">
          <params>
            <param index="0">
              <value>
                <![CDATA[[TestResult name=TestCase28_MyContactsView status=SUCCESS method=ContactsTest.TestCase28_MyContactsView()[pri:0, instance:com.SalesForce.tests.ContactsTest@58a9760d] output={null}]]]>
              </value>
            </param>
          </params>
          <reporter-output>
          </reporter-output>
        </test-method> <!-- tearDown -->
        <test-method is-config="true" signature="initialSetUp(java.lang.String,java.lang.reflect.Method)[pri:0, instance:com.SalesForce.tests.ContactsTest@58a9760d]" started-at="2022-02-11T11:28:10 EST" name="initialSetUp" finished-at="2022-02-11T11:28:12 EST" duration-ms="1852" status="PASS">
          <params>
            <param index="0">
              <value>
                <![CDATA[chrome]]>
              </value>
            </param>
            <param index="1">
              <value>
                <![CDATA[public void com.SalesForce.tests.ContactsTest.TestCase29_ViewContact()]]>
              </value>
            </param>
          </params>
          <reporter-output>
          </reporter-output>
        </test-method> <!-- initialSetUp -->
        <test-method signature="TestCase29_ViewContact()[pri:0, instance:com.SalesForce.tests.ContactsTest@58a9760d]" started-at="2022-02-11T11:28:12 EST" name="TestCase29_ViewContact" finished-at="2022-02-11T11:28:20 EST" duration-ms="8570" status="PASS">
          <reporter-output>
          </reporter-output>
        </test-method> <!-- TestCase29_ViewContact -->
        <test-method is-config="true" signature="tearDown(org.testng.ITestResult)[pri:0, instance:com.SalesForce.tests.ContactsTest@58a9760d]" started-at="2022-02-11T11:28:20 EST" name="tearDown" finished-at="2022-02-11T11:28:20 EST" duration-ms="132" status="PASS">
          <params>
            <param index="0">
              <value>
                <![CDATA[[TestResult name=TestCase29_ViewContact status=SUCCESS method=ContactsTest.TestCase29_ViewContact()[pri:0, instance:com.SalesForce.tests.ContactsTest@58a9760d] output={null}]]]>
              </value>
            </param>
          </params>
          <reporter-output>
          </reporter-output>
        </test-method> <!-- tearDown -->
        <test-method is-config="true" signature="initialSetUp(java.lang.String,java.lang.reflect.Method)[pri:0, instance:com.SalesForce.tests.ContactsTest@58a9760d]" started-at="2022-02-11T11:28:20 EST" name="initialSetUp" finished-at="2022-02-11T11:28:22 EST" duration-ms="1800" status="PASS">
          <params>
            <param index="0">
              <value>
                <![CDATA[chrome]]>
              </value>
            </param>
            <param index="1">
              <value>
                <![CDATA[public void com.SalesForce.tests.ContactsTest.TestCase30_NewViewError()]]>
              </value>
            </param>
          </params>
          <reporter-output>
          </reporter-output>
        </test-method> <!-- initialSetUp -->
        <test-method signature="TestCase30_NewViewError()[pri:0, instance:com.SalesForce.tests.ContactsTest@58a9760d]" started-at="2022-02-11T11:28:22 EST" name="TestCase30_NewViewError" finished-at="2022-02-11T11:28:31 EST" duration-ms="8924" status="PASS">
          <reporter-output>
          </reporter-output>
        </test-method> <!-- TestCase30_NewViewError -->
        <test-method is-config="true" signature="tearDown(org.testng.ITestResult)[pri:0, instance:com.SalesForce.tests.ContactsTest@58a9760d]" started-at="2022-02-11T11:28:31 EST" name="tearDown" finished-at="2022-02-11T11:28:31 EST" duration-ms="80" status="PASS">
          <params>
            <param index="0">
              <value>
                <![CDATA[[TestResult name=TestCase30_NewViewError status=SUCCESS method=ContactsTest.TestCase30_NewViewError()[pri:0, instance:com.SalesForce.tests.ContactsTest@58a9760d] output={null}]]]>
              </value>
            </param>
          </params>
          <reporter-output>
          </reporter-output>
        </test-method> <!-- tearDown -->
        <test-method is-config="true" signature="initialSetUp(java.lang.String,java.lang.reflect.Method)[pri:0, instance:com.SalesForce.tests.ContactsTest@58a9760d]" started-at="2022-02-11T11:28:31 EST" name="initialSetUp" finished-at="2022-02-11T11:28:33 EST" duration-ms="1814" status="PASS">
          <params>
            <param index="0">
              <value>
                <![CDATA[chrome]]>
              </value>
            </param>
            <param index="1">
              <value>
                <![CDATA[public void com.SalesForce.tests.ContactsTest.TestCase31_CheckCancelButton()]]>
              </value>
            </param>
          </params>
          <reporter-output>
          </reporter-output>
        </test-method> <!-- initialSetUp -->
        <test-method signature="TestCase31_CheckCancelButton()[pri:0, instance:com.SalesForce.tests.ContactsTest@58a9760d]" started-at="2022-02-11T11:28:33 EST" name="TestCase31_CheckCancelButton" finished-at="2022-02-11T11:28:44 EST" duration-ms="11533" status="PASS">
          <reporter-output>
          </reporter-output>
        </test-method> <!-- TestCase31_CheckCancelButton -->
        <test-method is-config="true" signature="tearDown(org.testng.ITestResult)[pri:0, instance:com.SalesForce.tests.ContactsTest@58a9760d]" started-at="2022-02-11T11:28:44 EST" name="tearDown" finished-at="2022-02-11T11:28:45 EST" duration-ms="132" status="PASS">
          <params>
            <param index="0">
              <value>
                <![CDATA[[TestResult name=TestCase31_CheckCancelButton status=SUCCESS method=ContactsTest.TestCase31_CheckCancelButton()[pri:0, instance:com.SalesForce.tests.ContactsTest@58a9760d] output={null}]]]>
              </value>
            </param>
          </params>
          <reporter-output>
          </reporter-output>
        </test-method> <!-- tearDown -->
        <test-method is-config="true" signature="initialSetUp(java.lang.String,java.lang.reflect.Method)[pri:0, instance:com.SalesForce.tests.ContactsTest@58a9760d]" started-at="2022-02-11T11:28:45 EST" name="initialSetUp" finished-at="2022-02-11T11:28:46 EST" duration-ms="1952" status="PASS">
          <params>
            <param index="0">
              <value>
                <![CDATA[chrome]]>
              </value>
            </param>
            <param index="1">
              <value>
                <![CDATA[public void com.SalesForce.tests.ContactsTest.TestCase32_CheckSaveNewButton()]]>
              </value>
            </param>
          </params>
          <reporter-output>
          </reporter-output>
        </test-method> <!-- initialSetUp -->
        <test-method signature="TestCase32_CheckSaveNewButton()[pri:0, instance:com.SalesForce.tests.ContactsTest@58a9760d]" started-at="2022-02-11T11:28:46 EST" name="TestCase32_CheckSaveNewButton" finished-at="2022-02-11T11:28:58 EST" duration-ms="11265" status="PASS">
          <reporter-output>
          </reporter-output>
        </test-method> <!-- TestCase32_CheckSaveNewButton -->
        <test-method is-config="true" signature="tearDown(org.testng.ITestResult)[pri:0, instance:com.SalesForce.tests.ContactsTest@58a9760d]" started-at="2022-02-11T11:28:58 EST" name="tearDown" finished-at="2022-02-11T11:28:58 EST" duration-ms="139" status="PASS">
          <params>
            <param index="0">
              <value>
                <![CDATA[[TestResult name=TestCase32_CheckSaveNewButton status=SUCCESS method=ContactsTest.TestCase32_CheckSaveNewButton()[pri:0, instance:com.SalesForce.tests.ContactsTest@58a9760d] output={null}]]]>
              </value>
            </param>
          </params>
          <reporter-output>
          </reporter-output>
        </test-method> <!-- tearDown -->
      </class> <!-- com.SalesForce.tests.ContactsTest -->
      <class name="com.SalesForce.tests.LeadsTest">
        <test-method is-config="true" signature="initialSetUp(java.lang.String,java.lang.reflect.Method)[pri:0, instance:com.SalesForce.tests.LeadsTest@7530ad9c]" started-at="2022-02-11T11:26:17 EST" name="initialSetUp" finished-at="2022-02-11T11:26:19 EST" duration-ms="1965" status="PASS">
          <params>
            <param index="0">
              <value>
                <![CDATA[chrome]]>
              </value>
            </param>
            <param index="1">
              <value>
                <![CDATA[public void com.SalesForce.tests.LeadsTest.TestCase20_LeadTab()]]>
              </value>
            </param>
          </params>
          <reporter-output>
          </reporter-output>
        </test-method> <!-- initialSetUp -->
        <test-method signature="TestCase20_LeadTab()[pri:0, instance:com.SalesForce.tests.LeadsTest@7530ad9c]" started-at="2022-02-11T11:26:19 EST" name="TestCase20_LeadTab" finished-at="2022-02-11T11:26:28 EST" duration-ms="9406" status="PASS">
          <reporter-output>
          </reporter-output>
        </test-method> <!-- TestCase20_LeadTab -->
        <test-method is-config="true" signature="tearDown(org.testng.ITestResult)[pri:0, instance:com.SalesForce.tests.LeadsTest@7530ad9c]" started-at="2022-02-11T11:26:28 EST" name="tearDown" finished-at="2022-02-11T11:26:28 EST" duration-ms="139" status="PASS">
          <params>
            <param index="0">
              <value>
                <![CDATA[[TestResult name=TestCase20_LeadTab status=SUCCESS method=LeadsTest.TestCase20_LeadTab()[pri:0, instance:com.SalesForce.tests.LeadsTest@7530ad9c] output={null}]]]>
              </value>
            </param>
          </params>
          <reporter-output>
          </reporter-output>
        </test-method> <!-- tearDown -->
        <test-method is-config="true" signature="initialSetUp(java.lang.String,java.lang.reflect.Method)[pri:0, instance:com.SalesForce.tests.LeadsTest@7530ad9c]" started-at="2022-02-11T11:26:28 EST" name="initialSetUp" finished-at="2022-02-11T11:26:30 EST" duration-ms="2015" status="PASS">
          <params>
            <param index="0">
              <value>
                <![CDATA[chrome]]>
              </value>
            </param>
            <param index="1">
              <value>
                <![CDATA[public void com.SalesForce.tests.LeadsTest.TestCase21_LeadsSelectView()]]>
              </value>
            </param>
          </params>
          <reporter-output>
          </reporter-output>
        </test-method> <!-- initialSetUp -->
        <test-method signature="TestCase21_LeadsSelectView()[pri:0, instance:com.SalesForce.tests.LeadsTest@7530ad9c]" started-at="2022-02-11T11:26:30 EST" name="TestCase21_LeadsSelectView" finished-at="2022-02-11T11:26:39 EST" duration-ms="8378" status="PASS">
          <reporter-output>
          </reporter-output>
        </test-method> <!-- TestCase21_LeadsSelectView -->
        <test-method is-config="true" signature="tearDown(org.testng.ITestResult)[pri:0, instance:com.SalesForce.tests.LeadsTest@7530ad9c]" started-at="2022-02-11T11:26:39 EST" name="tearDown" finished-at="2022-02-11T11:26:39 EST" duration-ms="87" status="PASS">
          <params>
            <param index="0">
              <value>
                <![CDATA[[TestResult name=TestCase21_LeadsSelectView status=SUCCESS method=LeadsTest.TestCase21_LeadsSelectView()[pri:0, instance:com.SalesForce.tests.LeadsTest@7530ad9c] output={null}]]]>
              </value>
            </param>
          </params>
          <reporter-output>
          </reporter-output>
        </test-method> <!-- tearDown -->
        <test-method is-config="true" signature="initialSetUp(java.lang.String,java.lang.reflect.Method)[pri:0, instance:com.SalesForce.tests.LeadsTest@7530ad9c]" started-at="2022-02-11T11:26:39 EST" name="initialSetUp" finished-at="2022-02-11T11:26:41 EST" duration-ms="2035" status="PASS">
          <params>
            <param index="0">
              <value>
                <![CDATA[chrome]]>
              </value>
            </param>
            <param index="1">
              <value>
                <![CDATA[public void com.SalesForce.tests.LeadsTest.TestCase22_LeadsDefaultView()]]>
              </value>
            </param>
          </params>
          <reporter-output>
          </reporter-output>
        </test-method> <!-- initialSetUp -->
        <test-method signature="TestCase22_LeadsDefaultView()[pri:0, instance:com.SalesForce.tests.LeadsTest@7530ad9c]" started-at="2022-02-11T11:26:41 EST" name="TestCase22_LeadsDefaultView" finished-at="2022-02-11T11:26:55 EST" duration-ms="14244" status="PASS">
          <reporter-output>
          </reporter-output>
        </test-method> <!-- TestCase22_LeadsDefaultView -->
        <test-method is-config="true" signature="tearDown(org.testng.ITestResult)[pri:0, instance:com.SalesForce.tests.LeadsTest@7530ad9c]" started-at="2022-02-11T11:26:55 EST" name="tearDown" finished-at="2022-02-11T11:26:55 EST" duration-ms="138" status="PASS">
          <params>
            <param index="0">
              <value>
                <![CDATA[[TestResult name=TestCase22_LeadsDefaultView status=SUCCESS method=LeadsTest.TestCase22_LeadsDefaultView()[pri:0, instance:com.SalesForce.tests.LeadsTest@7530ad9c] output={null}]]]>
              </value>
            </param>
          </params>
          <reporter-output>
          </reporter-output>
        </test-method> <!-- tearDown -->
        <test-method is-config="true" signature="initialSetUp(java.lang.String,java.lang.reflect.Method)[pri:0, instance:com.SalesForce.tests.LeadsTest@7530ad9c]" started-at="2022-02-11T11:26:55 EST" name="initialSetUp" finished-at="2022-02-11T11:26:57 EST" duration-ms="1918" status="PASS">
          <params>
            <param index="0">
              <value>
                <![CDATA[chrome]]>
              </value>
            </param>
            <param index="1">
              <value>
                <![CDATA[public void com.SalesForce.tests.LeadsTest.TestCase23_TodaysLead()]]>
              </value>
            </param>
          </params>
          <reporter-output>
          </reporter-output>
        </test-method> <!-- initialSetUp -->
        <test-method signature="TestCase23_TodaysLead()[pri:0, instance:com.SalesForce.tests.LeadsTest@7530ad9c]" started-at="2022-02-11T11:26:57 EST" name="TestCase23_TodaysLead" finished-at="2022-02-11T11:27:06 EST" duration-ms="8398" status="PASS">
          <reporter-output>
          </reporter-output>
        </test-method> <!-- TestCase23_TodaysLead -->
        <test-method is-config="true" signature="tearDown(org.testng.ITestResult)[pri:0, instance:com.SalesForce.tests.LeadsTest@7530ad9c]" started-at="2022-02-11T11:27:06 EST" name="tearDown" finished-at="2022-02-11T11:27:06 EST" duration-ms="134" status="PASS">
          <params>
            <param index="0">
              <value>
                <![CDATA[[TestResult name=TestCase23_TodaysLead status=SUCCESS method=LeadsTest.TestCase23_TodaysLead()[pri:0, instance:com.SalesForce.tests.LeadsTest@7530ad9c] output={null}]]]>
              </value>
            </param>
          </params>
          <reporter-output>
          </reporter-output>
        </test-method> <!-- tearDown -->
        <test-method is-config="true" signature="initialSetUp(java.lang.String,java.lang.reflect.Method)[pri:0, instance:com.SalesForce.tests.LeadsTest@7530ad9c]" started-at="2022-02-11T11:27:06 EST" name="initialSetUp" finished-at="2022-02-11T11:27:08 EST" duration-ms="1955" status="PASS">
          <params>
            <param index="0">
              <value>
                <![CDATA[chrome]]>
              </value>
            </param>
            <param index="1">
              <value>
                <![CDATA[public void com.SalesForce.tests.LeadsTest.TestCase24_NewLead()]]>
              </value>
            </param>
          </params>
          <reporter-output>
          </reporter-output>
        </test-method> <!-- initialSetUp -->
        <test-method signature="TestCase24_NewLead()[pri:0, instance:com.SalesForce.tests.LeadsTest@7530ad9c]" started-at="2022-02-11T11:27:08 EST" name="TestCase24_NewLead" finished-at="2022-02-11T11:27:19 EST" duration-ms="11069" status="PASS">
          <reporter-output>
          </reporter-output>
        </test-method> <!-- TestCase24_NewLead -->
        <test-method is-config="true" signature="tearDown(org.testng.ITestResult)[pri:0, instance:com.SalesForce.tests.LeadsTest@7530ad9c]" started-at="2022-02-11T11:27:19 EST" name="tearDown" finished-at="2022-02-11T11:27:19 EST" duration-ms="136" status="PASS">
          <params>
            <param index="0">
              <value>
                <![CDATA[[TestResult name=TestCase24_NewLead status=SUCCESS method=LeadsTest.TestCase24_NewLead()[pri:0, instance:com.SalesForce.tests.LeadsTest@7530ad9c] output={null}]]]>
              </value>
            </param>
          </params>
          <reporter-output>
          </reporter-output>
        </test-method> <!-- tearDown -->
      </class> <!-- com.SalesForce.tests.LeadsTest -->
      <class name="com.SalesForce.tests.UserMenuTest">
        <test-method is-config="true" signature="initialSetUp(java.lang.String,java.lang.reflect.Method)[pri:0, instance:com.SalesForce.tests.UserMenuTest@5fbe4146]" started-at="2022-02-11T11:21:17 EST" name="initialSetUp" finished-at="2022-02-11T11:21:19 EST" duration-ms="2231" status="PASS">
          <params>
            <param index="0">
              <value>
                <![CDATA[chrome]]>
              </value>
            </param>
            <param index="1">
              <value>
                <![CDATA[public void com.SalesForce.tests.UserMenuTest.TestCase5_UserMenuDropdown()]]>
              </value>
            </param>
          </params>
          <reporter-output>
          </reporter-output>
        </test-method> <!-- initialSetUp -->
        <test-method signature="TestCase5_UserMenuDropdown()[pri:0, instance:com.SalesForce.tests.UserMenuTest@5fbe4146]" started-at="2022-02-11T11:21:19 EST" name="TestCase5_UserMenuDropdown" finished-at="2022-02-11T11:21:26 EST" duration-ms="7256" status="PASS">
          <reporter-output>
          </reporter-output>
        </test-method> <!-- TestCase5_UserMenuDropdown -->
        <test-method is-config="true" signature="tearDown(org.testng.ITestResult)[pri:0, instance:com.SalesForce.tests.UserMenuTest@5fbe4146]" started-at="2022-02-11T11:21:26 EST" name="tearDown" finished-at="2022-02-11T11:21:27 EST" duration-ms="134" status="PASS">
          <params>
            <param index="0">
              <value>
                <![CDATA[[TestResult name=TestCase5_UserMenuDropdown status=SUCCESS method=UserMenuTest.TestCase5_UserMenuDropdown()[pri:0, instance:com.SalesForce.tests.UserMenuTest@5fbe4146] output={null}]]]>
              </value>
            </param>
          </params>
          <reporter-output>
          </reporter-output>
        </test-method> <!-- tearDown -->
        <test-method is-config="true" signature="initialSetUp(java.lang.String,java.lang.reflect.Method)[pri:0, instance:com.SalesForce.tests.UserMenuTest@5fbe4146]" started-at="2022-02-11T11:21:27 EST" name="initialSetUp" finished-at="2022-02-11T11:21:29 EST" duration-ms="2239" status="PASS">
          <params>
            <param index="0">
              <value>
                <![CDATA[chrome]]>
              </value>
            </param>
            <param index="1">
              <value>
                <![CDATA[public void com.SalesForce.tests.UserMenuTest.TestCase6_MyProfileUserMenu()]]>
              </value>
            </param>
          </params>
          <reporter-output>
          </reporter-output>
        </test-method> <!-- initialSetUp -->
        <test-method signature="TestCase6_MyProfileUserMenu()[pri:0, instance:com.SalesForce.tests.UserMenuTest@5fbe4146]" started-at="2022-02-11T11:21:29 EST" name="TestCase6_MyProfileUserMenu" finished-at="2022-02-11T11:22:39 EST" duration-ms="70242" status="FAIL">
          <exception class="org.openqa.selenium.TimeoutException">
            <message>
              <![CDATA[Expected condition failed: waiting for visibility of Proxy element for: DefaultElementLocator 'By.xpath: //a[contains(text(),'About')]' (tried for 30 second(s) with 500 milliseconds interval)]]>
            </message>
            <full-stacktrace>
              <![CDATA[org.openqa.selenium.TimeoutException: Expected condition failed: waiting for visibility of Proxy element for: DefaultElementLocator 'By.xpath: //a[contains(text(),'About')]' (tried for 30 second(s) with 500 milliseconds interval)
at org.openqa.selenium.support.ui.WebDriverWait.timeoutException(WebDriverWait.java:95)
at org.openqa.selenium.support.ui.FluentWait.until(FluentWait.java:272)
at com.SalesForceApp.Base.BasePage.waituntilVisible(BasePage.java:83)
at com.SalesForceApp.Base.BasePage.SwitchToContactInfoFrame(BasePage.java:159)
at com.SalesForceApp.pages.UserMenuPages.MyProfileUserMenu.SwitchToFrameEditProfile(MyProfileUserMenu.java:45)
at com.SalesForce.tests.UserMenuTest.TestCase6_MyProfileUserMenu(UserMenuTest.java:35)
at java.base/jdk.internal.reflect.NativeMethodAccessorImpl.invoke0(Native Method)
at java.base/jdk.internal.reflect.NativeMethodAccessorImpl.invoke(NativeMethodAccessorImpl.java:77)
at java.base/jdk.internal.reflect.DelegatingMethodAccessorImpl.invoke(DelegatingMethodAccessorImpl.java:43)
at java.base/java.lang.reflect.Method.invoke(Method.java:568)
at org.testng.internal.MethodInvocationHelper.invokeMethod(MethodInvocationHelper.java:133)
at org.testng.internal.TestInvoker.invokeMethod(TestInvoker.java:598)
at org.testng.internal.TestInvoker.invokeTestMethod(TestInvoker.java:173)
at org.testng.internal.MethodRunner.runInSequence(MethodRunner.java:46)
at org.testng.internal.TestInvoker$MethodInvocationAgent.invoke(TestInvoker.java:824)
at org.testng.internal.TestInvoker.invokeTestMethods(TestInvoker.java:146)
at org.testng.internal.TestMethodWorker.invokeTestMethods(TestMethodWorker.java:146)
at org.testng.internal.TestMethodWorker.run(TestMethodWorker.java:128)
at java.base/java.util.ArrayList.forEach(ArrayList.java:1511)
at org.testng.TestRunner.privateRun(TestRunner.java:794)
at org.testng.TestRunner.run(TestRunner.java:596)
at org.testng.SuiteRunner.runTest(SuiteRunner.java:377)
at org.testng.SuiteRunner.runSequentially(SuiteRunner.java:371)
at org.testng.SuiteRunner.privateRun(SuiteRunner.java:332)
at org.testng.SuiteRunner.run(SuiteRunner.java:276)
at org.testng.SuiteRunnerWorker.runSuite(SuiteRunnerWorker.java:53)
at org.testng.SuiteRunnerWorker.run(SuiteRunnerWorker.java:96)
at org.testng.TestNG.runSuitesSequentially(TestNG.java:1212)
at org.testng.TestNG.runSuitesLocally(TestNG.java:1134)
at org.testng.TestNG.runSuites(TestNG.java:1063)
at org.testng.TestNG.run(TestNG.java:1031)
at org.apache.maven.surefire.testng.TestNGExecutor.run(TestNGExecutor.java:281)
at org.apache.maven.surefire.testng.TestNGXmlTestSuite.execute(TestNGXmlTestSuite.java:75)
at org.apache.maven.surefire.testng.TestNGProvider.invoke(TestNGProvider.java:121)
at org.apache.maven.surefire.booter.ForkedBooter.invokeProviderInSameClassLoader(ForkedBooter.java:290)
at org.apache.maven.surefire.booter.ForkedBooter.runSuitesInProcess(ForkedBooter.java:242)
at org.apache.maven.surefire.booter.ForkedBooter.main(ForkedBooter.java:121)
Caused by: org.openqa.selenium.NoSuchElementException: no such element: Unable to locate element: {"method":"xpath","selector":"//a[contains(text(),'About')]"}
  (Session info: chrome=97.0.4692.71)
For documentation on this error, please visit: https://www.seleniumhq.org/exceptions/no_such_element.html
Build info: version: '3.141.59', revision: 'e82be7d358', time: '2018-11-14T08:17:03'
System info: host: 'tejal-home', ip: '127.0.1.1', os.name: 'Linux', os.arch: 'amd64', os.version: '4.15.0-167-generic', java.version: '17'
Driver info: org.openqa.selenium.chrome.ChromeDriver
Capabilities {acceptInsecureCerts: false, browserName: chrome, browserVersion: 97.0.4692.71, chrome: {chromedriverVersion: 97.0.4692.71 (adefa7837d02a..., userDataDir: /tmp/.com.google.Chrome.Y9Ufn5}, goog:chromeOptions: {debuggerAddress: localhost:39759}, javascriptEnabled: true, networkConnectionEnabled: false, pageLoadStrategy: normal, platform: LINUX, platformName: LINUX, proxy: Proxy(), setWindowRect: true, strictFileInteractability: false, timeouts: {implicit: 0, pageLoad: 300000, script: 30000}, unhandledPromptBehavior: dismiss and notify, webauthn:extension:credBlob: true, webauthn:extension:largeBlob: true, webauthn:virtualAuthenticators: true}
Session ID: 9aacc7787c57829004e8abbc27ba4508
*** Element info: {Using=xpath, value=//a[contains(text(),'About')]}
at java.base/jdk.internal.reflect.NativeConstructorAccessorImpl.newInstance0(Native Method)
at java.base/jdk.internal.reflect.NativeConstructorAccessorImpl.newInstance(NativeConstructorAccessorImpl.java:77)
at java.base/jdk.internal.reflect.DelegatingConstructorAccessorImpl.newInstance(DelegatingConstructorAccessorImpl.java:45)
at java.base/java.lang.reflect.Constructor.newInstanceWithCaller(Constructor.java:499)
at java.base/java.lang.reflect.Constructor.newInstance(Constructor.java:480)
at org.openqa.selenium.remote.http.W3CHttpResponseCodec.createException(W3CHttpResponseCodec.java:187)
at org.openqa.selenium.remote.http.W3CHttpResponseCodec.decode(W3CHttpResponseCodec.java:122)
at org.openqa.selenium.remote.http.W3CHttpResponseCodec.decode(W3CHttpResponseCodec.java:49)
at org.openqa.selenium.remote.HttpCommandExecutor.execute(HttpCommandExecutor.java:158)
at org.openqa.selenium.remote.service.DriverCommandExecutor.execute(DriverCommandExecutor.java:83)
at org.openqa.selenium.remote.RemoteWebDriver.execute(RemoteWebDriver.java:552)
at org.openqa.selenium.remote.RemoteWebDriver.findElement(RemoteWebDriver.java:323)
at org.openqa.selenium.remote.RemoteWebDriver.findElementByXPath(RemoteWebDriver.java:428)
at org.openqa.selenium.By$ByXPath.findElement(By.java:353)
at org.openqa.selenium.remote.RemoteWebDriver.findElement(RemoteWebDriver.java:315)
at org.openqa.selenium.support.pagefactory.DefaultElementLocator.findElement(DefaultElementLocator.java:69)
at org.openqa.selenium.support.pagefactory.internal.LocatingElementHandler.invoke(LocatingElementHandler.java:38)
at jdk.proxy2/jdk.proxy2.$Proxy12.isDisplayed(Unknown Source)
at org.openqa.selenium.support.ui.ExpectedConditions.elementIfVisible(ExpectedConditions.java:314)
at org.openqa.selenium.support.ui.ExpectedConditions.access$000(ExpectedConditions.java:43)
at org.openqa.selenium.support.ui.ExpectedConditions$10.apply(ExpectedConditions.java:300)
at org.openqa.selenium.support.ui.ExpectedConditions$10.apply(ExpectedConditions.java:297)
at org.openqa.selenium.support.ui.FluentWait.until(FluentWait.java:249)
... 35 more
]]>
            </full-stacktrace>
          </exception> <!-- org.openqa.selenium.TimeoutException -->
          <reporter-output>
          </reporter-output>
        </test-method> <!-- TestCase6_MyProfileUserMenu -->
        <test-method is-config="true" signature="tearDown(org.testng.ITestResult)[pri:0, instance:com.SalesForce.tests.UserMenuTest@5fbe4146]" started-at="2022-02-11T11:22:39 EST" name="tearDown" finished-at="2022-02-11T11:22:39 EST" duration-ms="295" status="PASS">
          <params>
            <param index="0">
              <value>
                <![CDATA[[TestResult name=TestCase6_MyProfileUserMenu status=FAILURE method=UserMenuTest.TestCase6_MyProfileUserMenu()[pri:0, instance:com.SalesForce.tests.UserMenuTest@5fbe4146] output={null}]]]>
              </value>
            </param>
          </params>
          <reporter-output>
          </reporter-output>
        </test-method> <!-- tearDown -->
        <test-method is-config="true" signature="initialSetUp(java.lang.String,java.lang.reflect.Method)[pri:0, instance:com.SalesForce.tests.UserMenuTest@5fbe4146]" started-at="2022-02-11T11:22:39 EST" name="initialSetUp" finished-at="2022-02-11T11:22:42 EST" duration-ms="2427" status="PASS">
          <params>
            <param index="0">
              <value>
                <![CDATA[chrome]]>
              </value>
            </param>
            <param index="1">
              <value>
                <![CDATA[public void com.SalesForce.tests.UserMenuTest.TestCase7_MySettingUserMenu()]]>
              </value>
            </param>
          </params>
          <reporter-output>
          </reporter-output>
        </test-method> <!-- initialSetUp -->
        <test-method signature="TestCase7_MySettingUserMenu()[pri:0, instance:com.SalesForce.tests.UserMenuTest@5fbe4146]" started-at="2022-02-11T11:22:42 EST" name="TestCase7_MySettingUserMenu" finished-at="2022-02-11T11:22:58 EST" duration-ms="15797" status="PASS">
          <reporter-output>
          </reporter-output>
        </test-method> <!-- TestCase7_MySettingUserMenu -->
        <test-method is-config="true" signature="tearDown(org.testng.ITestResult)[pri:0, instance:com.SalesForce.tests.UserMenuTest@5fbe4146]" started-at="2022-02-11T11:22:58 EST" name="tearDown" finished-at="2022-02-11T11:22:58 EST" duration-ms="142" status="PASS">
          <params>
            <param index="0">
              <value>
                <![CDATA[[TestResult name=TestCase7_MySettingUserMenu status=SUCCESS method=UserMenuTest.TestCase7_MySettingUserMenu()[pri:0, instance:com.SalesForce.tests.UserMenuTest@5fbe4146] output={null}]]]>
              </value>
            </param>
          </params>
          <reporter-output>
          </reporter-output>
        </test-method> <!-- tearDown -->
        <test-method is-config="true" signature="initialSetUp(java.lang.String,java.lang.reflect.Method)[pri:0, instance:com.SalesForce.tests.UserMenuTest@5fbe4146]" started-at="2022-02-11T11:22:58 EST" name="initialSetUp" finished-at="2022-02-11T11:23:00 EST" duration-ms="2290" status="PASS">
          <params>
            <param index="0">
              <value>
                <![CDATA[chrome]]>
              </value>
            </param>
            <param index="1">
              <value>
                <![CDATA[public void com.SalesForce.tests.UserMenuTest.TestCase8_DeveloperConsole()]]>
              </value>
            </param>
          </params>
          <reporter-output>
          </reporter-output>
        </test-method> <!-- initialSetUp -->
        <test-method signature="TestCase8_DeveloperConsole()[pri:0, instance:com.SalesForce.tests.UserMenuTest@5fbe4146]" started-at="2022-02-11T11:23:00 EST" name="TestCase8_DeveloperConsole" finished-at="2022-02-11T11:23:08 EST" duration-ms="7525" status="PASS">
          <reporter-output>
          </reporter-output>
        </test-method> <!-- TestCase8_DeveloperConsole -->
        <test-method is-config="true" signature="tearDown(org.testng.ITestResult)[pri:0, instance:com.SalesForce.tests.UserMenuTest@5fbe4146]" started-at="2022-02-11T11:23:08 EST" name="tearDown" finished-at="2022-02-11T11:23:08 EST" duration-ms="179" status="PASS">
          <params>
            <param index="0">
              <value>
                <![CDATA[[TestResult name=TestCase8_DeveloperConsole status=SUCCESS method=UserMenuTest.TestCase8_DeveloperConsole()[pri:0, instance:com.SalesForce.tests.UserMenuTest@5fbe4146] output={null}]]]>
              </value>
            </param>
          </params>
          <reporter-output>
          </reporter-output>
        </test-method> <!-- tearDown -->
        <test-method is-config="true" signature="initialSetUp(java.lang.String,java.lang.reflect.Method)[pri:0, instance:com.SalesForce.tests.UserMenuTest@5fbe4146]" started-at="2022-02-11T11:23:08 EST" name="initialSetUp" finished-at="2022-02-11T11:23:10 EST" duration-ms="2345" status="PASS">
          <params>
            <param index="0">
              <value>
                <![CDATA[chrome]]>
              </value>
            </param>
            <param index="1">
              <value>
                <![CDATA[public void com.SalesForce.tests.UserMenuTest.TestCase9_Logout()]]>
              </value>
            </param>
          </params>
          <reporter-output>
          </reporter-output>
        </test-method> <!-- initialSetUp -->
        <test-method signature="TestCase9_Logout()[pri:0, instance:com.SalesForce.tests.UserMenuTest@5fbe4146]" started-at="2022-02-11T11:23:10 EST" name="TestCase9_Logout" finished-at="2022-02-11T11:23:19 EST" duration-ms="9205" status="PASS">
          <reporter-output>
          </reporter-output>
        </test-method> <!-- TestCase9_Logout -->
        <test-method is-config="true" signature="tearDown(org.testng.ITestResult)[pri:0, instance:com.SalesForce.tests.UserMenuTest@5fbe4146]" started-at="2022-02-11T11:23:19 EST" name="tearDown" finished-at="2022-02-11T11:23:19 EST" duration-ms="184" status="PASS">
          <params>
            <param index="0">
              <value>
                <![CDATA[[TestResult name=TestCase9_Logout status=SUCCESS method=UserMenuTest.TestCase9_Logout()[pri:0, instance:com.SalesForce.tests.UserMenuTest@5fbe4146] output={null}]]]>
              </value>
            </param>
          </params>
          <reporter-output>
          </reporter-output>
        </test-method> <!-- tearDown -->
      </class> <!-- com.SalesForce.tests.UserMenuTest -->
      <class name="com.SalesForce.tests.AccountTest">
        <test-method is-config="true" signature="initialSetUp(java.lang.String,java.lang.reflect.Method)[pri:0, instance:com.SalesForce.tests.AccountTest@1e66f1f5]" started-at="2022-02-11T11:23:19 EST" name="initialSetUp" finished-at="2022-02-11T11:23:22 EST" duration-ms="2174" status="PASS">
          <params>
            <param index="0">
              <value>
                <![CDATA[chrome]]>
              </value>
            </param>
            <param index="1">
              <value>
                <![CDATA[public void com.SalesForce.tests.AccountTest.TestCase10_CreateNewAccount()]]>
              </value>
            </param>
          </params>
          <reporter-output>
          </reporter-output>
        </test-method> <!-- initialSetUp -->
        <test-method signature="TestCase10_CreateNewAccount()[pri:0, instance:com.SalesForce.tests.AccountTest@1e66f1f5]" started-at="2022-02-11T11:23:22 EST" name="TestCase10_CreateNewAccount" finished-at="2022-02-11T11:23:33 EST" duration-ms="11648" status="PASS">
          <reporter-output>
          </reporter-output>
        </test-method> <!-- TestCase10_CreateNewAccount -->
        <test-method is-config="true" signature="tearDown(org.testng.ITestResult)[pri:0, instance:com.SalesForce.tests.AccountTest@1e66f1f5]" started-at="2022-02-11T11:23:33 EST" name="tearDown" finished-at="2022-02-11T11:23:33 EST" duration-ms="135" status="PASS">
          <params>
            <param index="0">
              <value>
                <![CDATA[[TestResult name=TestCase10_CreateNewAccount status=SUCCESS method=AccountTest.TestCase10_CreateNewAccount()[pri:0, instance:com.SalesForce.tests.AccountTest@1e66f1f5] output={null}]]]>
              </value>
            </param>
          </params>
          <reporter-output>
          </reporter-output>
        </test-method> <!-- tearDown -->
        <test-method is-config="true" signature="initialSetUp(java.lang.String,java.lang.reflect.Method)[pri:0, instance:com.SalesForce.tests.AccountTest@1e66f1f5]" started-at="2022-02-11T11:23:33 EST" name="initialSetUp" finished-at="2022-02-11T11:23:36 EST" duration-ms="2096" status="PASS">
          <params>
            <param index="0">
              <value>
                <![CDATA[chrome]]>
              </value>
            </param>
            <param index="1">
              <value>
                <![CDATA[public void com.SalesForce.tests.AccountTest.TestCase13_MergeAccount()]]>
              </value>
            </param>
          </params>
          <reporter-output>
          </reporter-output>
        </test-method> <!-- initialSetUp -->
        <test-method signature="TestCase13_MergeAccount()[pri:0, instance:com.SalesForce.tests.AccountTest@1e66f1f5]" started-at="2022-02-11T11:23:36 EST" name="TestCase13_MergeAccount" finished-at="2022-02-11T11:23:53 EST" duration-ms="17906" status="PASS">
          <reporter-output>
          </reporter-output>
        </test-method> <!-- TestCase13_MergeAccount -->
        <test-method is-config="true" signature="tearDown(org.testng.ITestResult)[pri:0, instance:com.SalesForce.tests.AccountTest@1e66f1f5]" started-at="2022-02-11T11:23:53 EST" name="tearDown" finished-at="2022-02-11T11:23:54 EST" duration-ms="177" status="PASS">
          <params>
            <param index="0">
              <value>
                <![CDATA[[TestResult name=TestCase13_MergeAccount status=SUCCESS method=AccountTest.TestCase13_MergeAccount()[pri:0, instance:com.SalesForce.tests.AccountTest@1e66f1f5] output={null}]]]>
              </value>
            </param>
          </params>
          <reporter-output>
          </reporter-output>
        </test-method> <!-- tearDown -->
        <test-method is-config="true" signature="initialSetUp(java.lang.String,java.lang.reflect.Method)[pri:0, instance:com.SalesForce.tests.AccountTest@1e66f1f5]" started-at="2022-02-11T11:23:54 EST" name="initialSetUp" finished-at="2022-02-11T11:23:56 EST" duration-ms="2170" status="PASS">
          <params>
            <param index="0">
              <value>
                <![CDATA[chrome]]>
              </value>
            </param>
            <param index="1">
              <value>
                <![CDATA[public void com.SalesForce.tests.AccountTest.TestCase14_CreateAccountReport()]]>
              </value>
            </param>
          </params>
          <reporter-output>
          </reporter-output>
        </test-method> <!-- initialSetUp -->
        <test-method signature="TestCase14_CreateAccountReport()[pri:0, instance:com.SalesForce.tests.AccountTest@1e66f1f5]" started-at="2022-02-11T11:23:56 EST" name="TestCase14_CreateAccountReport" finished-at="2022-02-11T11:24:39 EST" duration-ms="43204" status="FAIL">
          <exception class="org.openqa.selenium.TimeoutException">
            <message>
              <![CDATA[Expected condition failed: waiting for title to contain "ReportDimond". Current title: "Unsaved Report ~ Salesforce - Developer Edition" (tried for 30 second(s) with 500 milliseconds interval)
Build info: version: '3.141.59', revision: 'e82be7d358', time: '2018-11-14T08:17:03'
System info: host: 'tejal-home', ip: '127.0.1.1', os.name: 'Linux', os.arch: 'amd64', os.version: '4.15.0-167-generic', java.version: '17'
Driver info: org.openqa.selenium.chrome.ChromeDriver
Capabilities {acceptInsecureCerts: false, browserName: chrome, browserVersion: 97.0.4692.71, chrome: {chromedriverVersion: 97.0.4692.71 (adefa7837d02a..., userDataDir: /tmp/.com.google.Chrome.t3dM03}, goog:chromeOptions: {debuggerAddress: localhost:43289}, javascriptEnabled: true, networkConnectionEnabled: false, pageLoadStrategy: normal, platform: LINUX, platformName: LINUX, proxy: Proxy(), setWindowRect: true, strictFileInteractability: false, timeouts: {implicit: 0, pageLoad: 300000, script: 30000}, unhandledPromptBehavior: dismiss and notify, webauthn:extension:credBlob: true, webauthn:extension:largeBlob: true, webauthn:virtualAuthenticators: true}
Session ID: 85d8a972a4098dfad1d9b5610f05158b]]>
            </message>
            <full-stacktrace>
              <![CDATA[org.openqa.selenium.TimeoutException: Expected condition failed: waiting for title to contain "ReportDimond". Current title: "Unsaved Report ~ Salesforce - Developer Edition" (tried for 30 second(s) with 500 milliseconds interval)
Build info: version: '3.141.59', revision: 'e82be7d358', time: '2018-11-14T08:17:03'
System info: host: 'tejal-home', ip: '127.0.1.1', os.name: 'Linux', os.arch: 'amd64', os.version: '4.15.0-167-generic', java.version: '17'
Driver info: org.openqa.selenium.chrome.ChromeDriver
Capabilities {acceptInsecureCerts: false, browserName: chrome, browserVersion: 97.0.4692.71, chrome: {chromedriverVersion: 97.0.4692.71 (adefa7837d02a..., userDataDir: /tmp/.com.google.Chrome.t3dM03}, goog:chromeOptions: {debuggerAddress: localhost:43289}, javascriptEnabled: true, networkConnectionEnabled: false, pageLoadStrategy: normal, platform: LINUX, platformName: LINUX, proxy: Proxy(), setWindowRect: true, strictFileInteractability: false, timeouts: {implicit: 0, pageLoad: 300000, script: 30000}, unhandledPromptBehavior: dismiss and notify, webauthn:extension:credBlob: true, webauthn:extension:largeBlob: true, webauthn:virtualAuthenticators: true}
Session ID: 85d8a972a4098dfad1d9b5610f05158b
at org.openqa.selenium.support.ui.WebDriverWait.timeoutException(WebDriverWait.java:95)
at org.openqa.selenium.support.ui.FluentWait.until(FluentWait.java:272)
at com.SalesForceApp.Base.BasePage.waitUntilTitleContains(BasePage.java:212)
at com.SalesForce.tests.AccountTest.TestCase14_CreateAccountReport(AccountTest.java:145)
at java.base/jdk.internal.reflect.NativeMethodAccessorImpl.invoke0(Native Method)
at java.base/jdk.internal.reflect.NativeMethodAccessorImpl.invoke(NativeMethodAccessorImpl.java:77)
at java.base/jdk.internal.reflect.DelegatingMethodAccessorImpl.invoke(DelegatingMethodAccessorImpl.java:43)
at java.base/java.lang.reflect.Method.invoke(Method.java:568)
at org.testng.internal.MethodInvocationHelper.invokeMethod(MethodInvocationHelper.java:133)
at org.testng.internal.TestInvoker.invokeMethod(TestInvoker.java:598)
at org.testng.internal.TestInvoker.invokeTestMethod(TestInvoker.java:173)
at org.testng.internal.MethodRunner.runInSequence(MethodRunner.java:46)
at org.testng.internal.TestInvoker$MethodInvocationAgent.invoke(TestInvoker.java:824)
at org.testng.internal.TestInvoker.invokeTestMethods(TestInvoker.java:146)
at org.testng.internal.TestMethodWorker.invokeTestMethods(TestMethodWorker.java:146)
at org.testng.internal.TestMethodWorker.run(TestMethodWorker.java:128)
at java.base/java.util.ArrayList.forEach(ArrayList.java:1511)
at org.testng.TestRunner.privateRun(TestRunner.java:794)
at org.testng.TestRunner.run(TestRunner.java:596)
at org.testng.SuiteRunner.runTest(SuiteRunner.java:377)
at org.testng.SuiteRunner.runSequentially(SuiteRunner.java:371)
at org.testng.SuiteRunner.privateRun(SuiteRunner.java:332)
at org.testng.SuiteRunner.run(SuiteRunner.java:276)
at org.testng.SuiteRunnerWorker.runSuite(SuiteRunnerWorker.java:53)
at org.testng.SuiteRunnerWorker.run(SuiteRunnerWorker.java:96)
at org.testng.TestNG.runSuitesSequentially(TestNG.java:1212)
at org.testng.TestNG.runSuitesLocally(TestNG.java:1134)
at org.testng.TestNG.runSuites(TestNG.java:1063)
at org.testng.TestNG.run(TestNG.java:1031)
at org.apache.maven.surefire.testng.TestNGExecutor.run(TestNGExecutor.java:281)
at org.apache.maven.surefire.testng.TestNGXmlTestSuite.execute(TestNGXmlTestSuite.java:75)
at org.apache.maven.surefire.testng.TestNGProvider.invoke(TestNGProvider.java:121)
at org.apache.maven.surefire.booter.ForkedBooter.invokeProviderInSameClassLoader(ForkedBooter.java:290)
at org.apache.maven.surefire.booter.ForkedBooter.runSuitesInProcess(ForkedBooter.java:242)
at org.apache.maven.surefire.booter.ForkedBooter.main(ForkedBooter.java:121)
]]>
            </full-stacktrace>
          </exception> <!-- org.openqa.selenium.TimeoutException -->
          <reporter-output>
          </reporter-output>
        </test-method> <!-- TestCase14_CreateAccountReport -->
        <test-method is-config="true" signature="tearDown(org.testng.ITestResult)[pri:0, instance:com.SalesForce.tests.AccountTest@1e66f1f5]" started-at="2022-02-11T11:24:39 EST" name="tearDown" finished-at="2022-02-11T11:24:39 EST" duration-ms="261" status="PASS">
          <params>
            <param index="0">
              <value>
                <![CDATA[[TestResult name=TestCase14_CreateAccountReport status=FAILURE method=AccountTest.TestCase14_CreateAccountReport()[pri:0, instance:com.SalesForce.tests.AccountTest@1e66f1f5] output={null}]]]>
              </value>
            </param>
          </params>
          <reporter-output>
          </reporter-output>
        </test-method> <!-- tearDown -->
        <test-method is-config="true" signature="initialSetUp(java.lang.String,java.lang.reflect.Method)[pri:0, instance:com.SalesForce.tests.AccountTest@1e66f1f5]" started-at="2022-02-11T11:24:39 EST" name="initialSetUp" finished-at="2022-02-11T11:24:41 EST" duration-ms="2162" status="PASS">
          <params>
            <param index="0">
              <value>
                <![CDATA[chrome]]>
              </value>
            </param>
            <param index="1">
              <value>
                <![CDATA[public void com.SalesForce.tests.AccountTest.TestCase11_CreateNewView()]]>
              </value>
            </param>
          </params>
          <reporter-output>
          </reporter-output>
        </test-method> <!-- initialSetUp -->
        <test-method signature="TestCase11_CreateNewView()[pri:49, instance:com.SalesForce.tests.AccountTest@1e66f1f5]" started-at="2022-02-11T11:24:41 EST" name="TestCase11_CreateNewView" finished-at="2022-02-11T11:25:00 EST" duration-ms="18497" status="PASS">
          <reporter-output>
          </reporter-output>
        </test-method> <!-- TestCase11_CreateNewView -->
        <test-method is-config="true" signature="tearDown(org.testng.ITestResult)[pri:0, instance:com.SalesForce.tests.AccountTest@1e66f1f5]" started-at="2022-02-11T11:25:00 EST" name="tearDown" finished-at="2022-02-11T11:25:00 EST" duration-ms="182" status="PASS">
          <params>
            <param index="0">
              <value>
                <![CDATA[[TestResult name=TestCase11_CreateNewView status=SUCCESS method=AccountTest.TestCase11_CreateNewView()[pri:49, instance:com.SalesForce.tests.AccountTest@1e66f1f5] output={null}]]]>
              </value>
            </param>
          </params>
          <reporter-output>
          </reporter-output>
        </test-method> <!-- tearDown -->
        <test-method is-config="true" signature="initialSetUp(java.lang.String,java.lang.reflect.Method)[pri:0, instance:com.SalesForce.tests.AccountTest@1e66f1f5]" started-at="2022-02-11T11:25:00 EST" name="initialSetUp" finished-at="2022-02-11T11:25:02 EST" duration-ms="1982" status="PASS">
          <params>
            <param index="0">
              <value>
                <![CDATA[chrome]]>
              </value>
            </param>
            <param index="1">
              <value>
                <![CDATA[public void com.SalesForce.tests.AccountTest.TestCase12_EditView()]]>
              </value>
            </param>
          </params>
          <reporter-output>
          </reporter-output>
        </test-method> <!-- initialSetUp -->
        <test-method signature="TestCase12_EditView()[pri:50, instance:com.SalesForce.tests.AccountTest@1e66f1f5]" started-at="2022-02-11T11:25:02 EST" name="TestCase12_EditView" finished-at="2022-02-11T11:25:15 EST" duration-ms="12802" status="PASS">
          <reporter-output>
          </reporter-output>
        </test-method> <!-- TestCase12_EditView -->
        <test-method is-config="true" signature="tearDown(org.testng.ITestResult)[pri:0, instance:com.SalesForce.tests.AccountTest@1e66f1f5]" started-at="2022-02-11T11:25:15 EST" name="tearDown" finished-at="2022-02-11T11:25:15 EST" duration-ms="189" status="PASS">
          <params>
            <param index="0">
              <value>
                <![CDATA[[TestResult name=TestCase12_EditView status=SUCCESS method=AccountTest.TestCase12_EditView()[pri:50, instance:com.SalesForce.tests.AccountTest@1e66f1f5] output={null}]]]>
              </value>
            </param>
          </params>
          <reporter-output>
          </reporter-output>
        </test-method> <!-- tearDown -->
      </class> <!-- com.SalesForce.tests.AccountTest -->
    </test> <!-- Test -->
  </suite> <!-- SalesForceAutomationTestSuite -->
</testng-results>
