<?xml version="1.0" encoding="UTF-8"?>
<!-- Generated by org.testng.reporters.JUnitReportReporter -->
<testsuite hostname="tejal-home" failures="1" tests="8" name="com.SalesForce.tests.Contacts.ContactsTest" time="110.363" errors="0" timestamp="2022-02-07T11:33:07 EST" skipped="0">
  <testcase classname="com.SalesForce.tests.Contacts.ContactsTest" name="TestCase27_RecentCreatedContacts" time="10.227"/>
  <system-out/>
  <testcase classname="com.SalesForce.tests.Contacts.ContactsTest" name="TestCase26_NewViewContacts" time="16.045"/>
  <system-out/>
  <testcase classname="com.SalesForce.tests.Contacts.ContactsTest" name="TestCase31_CheckCancelButton" time="20.461"/>
  <system-out/>
  <testcase classname="com.SalesForce.tests.Contacts.ContactsTest" name="TestCase32_CheckSaveNewButton" time="13.486"/>
  <system-out/>
  <testcase classname="com.SalesForce.tests.Contacts.ContactsTest" name="TestCase30_NewViewError" time="13.015">
    <failure message="expected [Contacts ~ Salesforce - Developer Edition] but found [Contacts: Create New View ~ Salesforce - Developer Edition]" type="java.lang.AssertionError">
      <![CDATA[java.lang.AssertionError: expected [Contacts ~ Salesforce - Developer Edition] but found [Contacts: Create New View ~ Salesforce - Developer Edition]
at org.testng.Assert.fail(Assert.java:99)
at org.testng.Assert.failNotEquals(Assert.java:1037)
at org.testng.Assert.assertEqualsImpl(Assert.java:140)
at org.testng.Assert.assertEquals(Assert.java:122)
at org.testng.Assert.assertEquals(Assert.java:629)
at org.testng.Assert.assertEquals(Assert.java:639)
at com.SalesForce.tests.Contacts.ContactsTest.TestCase30_NewViewError(ContactsTest.java:126)
at java.base/jdk.internal.reflect.NativeMethodAccessorImpl.invoke0(Native Method)
at java.base/jdk.internal.reflect.NativeMethodAccessorImpl.invoke(NativeMethodAccessorImpl.java:77)
at java.base/jdk.internal.reflect.DelegatingMethodAccessorImpl.invoke(DelegatingMethodAccessorImpl.java:43)
at java.base/java.lang.reflect.Method.invoke(Method.java:568)
at org.testng.internal.MethodInvocationHelper.invokeMethod(MethodInvocationHelper.java:133)
at org.testng.internal.TestInvoker.invokeMethod(TestInvoker.java:598)
at org.testng.internal.TestInvoker.invokeTestMethod(TestInvoker.java:173)
at org.testng.internal.MethodRunner.runInSequence(MethodRunner.java:46)
at org.testng.internal.TestInvoker$MethodInvocationAgent.invoke(TestInvoker.java:824)
at org.testng.internal.TestInvoker.invokeTestMethods(TestInvoker.java:146)
at org.testng.internal.TestMethodWorker.invokeTestMethods(TestMethodWorker.java:146)
at org.testng.internal.TestMethodWorker.run(TestMethodWorker.java:128)
at java.base/java.util.ArrayList.forEach(ArrayList.java:1511)
at org.testng.TestRunner.privateRun(TestRunner.java:794)
at org.testng.TestRunner.run(TestRunner.java:596)
at org.testng.SuiteRunner.runTest(SuiteRunner.java:377)
at org.testng.SuiteRunner.runSequentially(SuiteRunner.java:371)
at org.testng.SuiteRunner.privateRun(SuiteRunner.java:332)
at org.testng.SuiteRunner.run(SuiteRunner.java:276)
at org.testng.SuiteRunnerWorker.runSuite(SuiteRunnerWorker.java:53)
at org.testng.SuiteRunnerWorker.run(SuiteRunnerWorker.java:96)
at org.testng.TestNG.runSuitesSequentially(TestNG.java:1212)
at org.testng.TestNG.runSuitesLocally(TestNG.java:1134)
at org.testng.TestNG.runSuites(TestNG.java:1063)
at org.testng.TestNG.run(TestNG.java:1031)
at org.testng.remote.AbstractRemoteTestNG.run(AbstractRemoteTestNG.java:115)
at org.testng.remote.RemoteTestNG.initAndRun(RemoteTestNG.java:251)
at org.testng.remote.RemoteTestNG.main(RemoteTestNG.java:77)
]]>
    </failure>
  </testcase> <!-- TestCase30_NewViewError -->
  <system-out/>
  <testcase classname="com.SalesForce.tests.Contacts.ContactsTest" name="TestCase28_MyContactsView" time="9.184"/>
  <system-out/>
  <testcase classname="com.SalesForce.tests.Contacts.ContactsTest" name="TestCase29_ViewContact" time="9.739"/>
  <system-out/>
  <testcase classname="com.SalesForce.tests.Contacts.ContactsTest" name="TestCase25_CreateNewContact" time="18.206"/>
  <system-out/>
</testsuite> <!-- com.SalesForce.tests.Contacts.ContactsTest -->
