<?xml version="1.0" encoding="UTF-8"?>
<!-- Generated by org.testng.reporters.JUnitReportReporter -->
<testsuite hostname="tejal-home" failures="0" tests="5" name="com.SalesForceApp.tests.UserMenu.UserMenuTest" time="116.188" errors="1" timestamp="2022-02-08T22:46:54 EST" skipped="2">
  <testcase classname="com.SalesForceApp.tests.UserMenu.UserMenuTest" name="TestCase6_MyProfileUserMenu" time="89.544">
    <error message="No frame element found by name or id contactInfoContentId
Build info: version: &#039;3.141.59&#039;, revision: &#039;e82be7d358&#039;, time: &#039;2018-11-14T08:17:03&#039;
System info: host: &#039;tejal-home&#039;, ip: &#039;127.0.1.1&#039;, os.name: &#039;Linux&#039;, os.arch: &#039;amd64&#039;, os.version: &#039;4.15.0-167-generic&#039;, java.version: &#039;17&#039;
Driver info: driver.version: unknown" type="org.openqa.selenium.NoSuchFrameException">
      <![CDATA[org.openqa.selenium.NoSuchFrameException: No frame element found by name or id contactInfoContentId
Build info: version: '3.141.59', revision: 'e82be7d358', time: '2018-11-14T08:17:03'
System info: host: 'tejal-home', ip: '127.0.1.1', os.name: 'Linux', os.arch: 'amd64', os.version: '4.15.0-167-generic', java.version: '17'
Driver info: driver.version: unknown
at org.openqa.selenium.remote.RemoteWebDriver$RemoteTargetLocator.frame(RemoteWebDriver.java:885)
at com.SalesForceApp.Base.BasePage.SwitchToContactInfoFrame(BasePage.java:153)
at com.SalesForceApp.tests.UserMenu.UserMenuTest.TestCase6_MyProfileUserMenu(UserMenuTest.java:35)
at java.base/jdk.internal.reflect.NativeMethodAccessorImpl.invoke0(Native Method)
at java.base/jdk.internal.reflect.NativeMethodAccessorImpl.invoke(NativeMethodAccessorImpl.java:77)
at java.base/jdk.internal.reflect.DelegatingMethodAccessorImpl.invoke(DelegatingMethodAccessorImpl.java:43)
at java.base/java.lang.reflect.Method.invoke(Method.java:568)
at org.testng.internal.MethodInvocationHelper.invokeMethod(MethodInvocationHelper.java:133)
at org.testng.internal.TestInvoker.invokeMethod(TestInvoker.java:598)
at org.testng.internal.TestInvoker.invokeTestMethod(TestInvoker.java:173)
at org.testng.internal.MethodRunner.runInSequence(MethodRunner.java:46)
at org.testng.internal.TestInvoker$MethodInvocationAgent.invoke(TestInvoker.java:824)
at org.testng.internal.TestInvoker.invokeTestMethods(TestInvoker.java:146)
at org.testng.internal.TestMethodWorker.invokeTestMethods(TestMethodWorker.java:146)
at org.testng.internal.TestMethodWorker.run(TestMethodWorker.java:128)
at java.base/java.util.ArrayList.forEach(ArrayList.java:1511)
at org.testng.TestRunner.privateRun(TestRunner.java:794)
at org.testng.TestRunner.run(TestRunner.java:596)
at org.testng.SuiteRunner.runTest(SuiteRunner.java:377)
at org.testng.SuiteRunner.runSequentially(SuiteRunner.java:371)
at org.testng.SuiteRunner.privateRun(SuiteRunner.java:332)
at org.testng.SuiteRunner.run(SuiteRunner.java:276)
at org.testng.SuiteRunnerWorker.runSuite(SuiteRunnerWorker.java:53)
at org.testng.SuiteRunnerWorker.run(SuiteRunnerWorker.java:96)
at org.testng.TestNG.runSuitesSequentially(TestNG.java:1212)
at org.testng.TestNG.runSuitesLocally(TestNG.java:1134)
at org.testng.TestNG.runSuites(TestNG.java:1063)
at org.testng.TestNG.run(TestNG.java:1031)
at org.testng.remote.AbstractRemoteTestNG.run(AbstractRemoteTestNG.java:115)
at org.testng.remote.RemoteTestNG.initAndRun(RemoteTestNG.java:251)
at org.testng.remote.RemoteTestNG.main(RemoteTestNG.java:77)
]]>
    </error>
  </testcase> <!-- TestCase6_MyProfileUserMenu -->
  <system-out/>
  <testcase classname="com.SalesForceApp.tests.UserMenu.UserMenuTest" name="TestCase9_Logout" time="12.013"/>
  <system-out/>
  <testcase classname="com.SalesForceApp.tests.UserMenu.UserMenuTest" name="TestCase7_MySettingUserMenu" time="14.631"/>
  <system-out/>
  <testcase classname="com.SalesForceApp.tests.UserMenu.UserMenuTest" name="TestCase8_DeveloperConsole">
    <skipped/>
  </testcase> <!-- TestCase8_DeveloperConsole -->
  <system-out/>
  <testcase classname="com.SalesForceApp.tests.UserMenu.UserMenuTest" name="TestCase5_UserMenuDropdown">
    <skipped/>
  </testcase> <!-- TestCase5_UserMenuDropdown -->
  <system-out/>
</testsuite> <!-- com.SalesForceApp.tests.UserMenu.UserMenuTest -->
